Determining if compiler supports C++ filesystem failed with the following output:
Change Dir: /home/turquoisekitty/download/cmake3_20/cmake-3.20.1/CMakeFiles/CMakeTmp

Run Build Command(s):/usr/bin/make -f Makefile cmTC_55f19/fast && make  -f CMakeFiles/cmTC_55f19.dir/build.make CMakeFiles/cmTC_55f19.dir/build
make[1]: Entering directory '/home/turquoisekitty/download/cmake3_20/cmake-3.20.1/CMakeFiles/CMakeTmp'
Building CXX object CMakeFiles/cmTC_55f19.dir/cm_cxx_filesystem.cxx.o
/usr/bin/g++   -std=gnu++1z -o CMakeFiles/cmTC_55f19.dir/cm_cxx_filesystem.cxx.o -c /home/turquoisekitty/download/cmake3_20/cmake-3.20.1/Source/Checks/cm_cxx_filesystem.cxx
/home/turquoisekitty/download/cmake3_20/cmake-3.20.1/Source/Checks/cm_cxx_filesystem.cxx:2:10: fatal error: filesystem: No such file or directory
 #include <filesystem>
          ^~~~~~~~~~~~
compilation terminated.
CMakeFiles/cmTC_55f19.dir/build.make:77: recipe for target 'CMakeFiles/cmTC_55f19.dir/cm_cxx_filesystem.cxx.o' failed
make[1]: *** [CMakeFiles/cmTC_55f19.dir/cm_cxx_filesystem.cxx.o] Error 1
make[1]: Leaving directory '/home/turquoisekitty/download/cmake3_20/cmake-3.20.1/CMakeFiles/CMakeTmp'
Makefile:127: recipe for target 'cmTC_55f19/fast' failed
make: *** [cmTC_55f19/fast] Error 2



Determining if the environ exist failed with the following output:
Change Dir: /home/turquoisekitty/download/cmake3_20/cmake-3.20.1/CMakeFiles/CMakeTmp

Run Build Command(s):/usr/bin/make -f Makefile cmTC_c6c96/fast && make  -f CMakeFiles/cmTC_c6c96.dir/build.make CMakeFiles/cmTC_c6c96.dir/build
make[1]: Entering directory '/home/turquoisekitty/download/cmake3_20/cmake-3.20.1/CMakeFiles/CMakeTmp'
Building C object CMakeFiles/cmTC_c6c96.dir/CheckSymbolExists.c.o
/usr/bin/gcc   -std=gnu11 -o CMakeFiles/cmTC_c6c96.dir/CheckSymbolExists.c.o -c /home/turquoisekitty/download/cmake3_20/cmake-3.20.1/CMakeFiles/CMakeTmp/CheckSymbolExists.c
/home/turquoisekitty/download/cmake3_20/cmake-3.20.1/CMakeFiles/CMakeTmp/CheckSymbolExists.c: In function ‘main’:
/home/turquoisekitty/download/cmake3_20/cmake-3.20.1/CMakeFiles/CMakeTmp/CheckSymbolExists.c:8:19: error: ‘environ’ undeclared (first use in this function)
   return ((int*)(&environ))[argc];
                   ^~~~~~~
/home/turquoisekitty/download/cmake3_20/cmake-3.20.1/CMakeFiles/CMakeTmp/CheckSymbolExists.c:8:19: note: each undeclared identifier is reported only once for each function it appears in
CMakeFiles/cmTC_c6c96.dir/build.make:77: recipe for target 'CMakeFiles/cmTC_c6c96.dir/CheckSymbolExists.c.o' failed
make[1]: *** [CMakeFiles/cmTC_c6c96.dir/CheckSymbolExists.c.o] Error 1
make[1]: Leaving directory '/home/turquoisekitty/download/cmake3_20/cmake-3.20.1/CMakeFiles/CMakeTmp'
Makefile:127: recipe for target 'cmTC_c6c96/fast' failed
make: *** [cmTC_c6c96/fast] Error 2


File /home/turquoisekitty/download/cmake3_20/cmake-3.20.1/CMakeFiles/CMakeTmp/CheckSymbolExists.c:
/* */
#include <stdlib.h>

int main(int argc, char** argv)
{
  (void)argv;
#ifndef environ
  return ((int*)(&environ))[argc];
#else
  (void)argc;
  return 0;
#endif
}
Performing C SOURCE FILE Test CMAKE_HAVE_LIBC_PTHREAD failed with the following output:
Change Dir: /home/turquoisekitty/download/cmake3_20/cmake-3.20.1/CMakeFiles/CMakeTmp

Run Build Command(s):/usr/bin/make -f Makefile cmTC_dfb5e/fast && make  -f CMakeFiles/cmTC_dfb5e.dir/build.make CMakeFiles/cmTC_dfb5e.dir/build
make[1]: Entering directory '/home/turquoisekitty/download/cmake3_20/cmake-3.20.1/CMakeFiles/CMakeTmp'
Building C object CMakeFiles/cmTC_dfb5e.dir/src.c.o
/usr/bin/gcc -DCMAKE_HAVE_LIBC_PTHREAD  -std=gnu11 -o CMakeFiles/cmTC_dfb5e.dir/src.c.o -c /home/turquoisekitty/download/cmake3_20/cmake-3.20.1/CMakeFiles/CMakeTmp/src.c
Linking C executable cmTC_dfb5e
/home/turquoisekitty/download/cmake3_20/cmake-3.20.1/Bootstrap.cmk/cmake -E cmake_link_script CMakeFiles/cmTC_dfb5e.dir/link.txt --verbose=1
/usr/bin/gcc CMakeFiles/cmTC_dfb5e.dir/src.c.o -o cmTC_dfb5e 
CMakeFiles/cmTC_dfb5e.dir/src.c.o: In function `main':
src.c:(.text+0x3e): undefined reference to `pthread_create'
src.c:(.text+0x4a): undefined reference to `pthread_detach'
src.c:(.text+0x56): undefined reference to `pthread_cancel'
src.c:(.text+0x67): undefined reference to `pthread_join'
src.c:(.text+0x7b): undefined reference to `pthread_atfork'
collect2: error: ld returned 1 exit status
CMakeFiles/cmTC_dfb5e.dir/build.make:98: recipe for target 'cmTC_dfb5e' failed
make[1]: *** [cmTC_dfb5e] Error 1
make[1]: Leaving directory '/home/turquoisekitty/download/cmake3_20/cmake-3.20.1/CMakeFiles/CMakeTmp'
Makefile:127: recipe for target 'cmTC_dfb5e/fast' failed
make: *** [cmTC_dfb5e/fast] Error 2


Source file was:
#include <pthread.h>

static void* test_func(void* data)
{
  return data;
}

int main(void)
{
  pthread_t thread;
  pthread_create(&thread, NULL, test_func, NULL);
  pthread_detach(thread);
  pthread_cancel(thread);
  pthread_join(thread, NULL);
  pthread_atfork(NULL, NULL, NULL);
  pthread_exit(NULL);

  return 0;
}

Determining if the function pthread_create exists in the pthreads failed with the following output:
Change Dir: /home/turquoisekitty/download/cmake3_20/cmake-3.20.1/CMakeFiles/CMakeTmp

Run Build Command(s):/usr/bin/make -f Makefile cmTC_21c78/fast && make  -f CMakeFiles/cmTC_21c78.dir/build.make CMakeFiles/cmTC_21c78.dir/build
make[1]: Entering directory '/home/turquoisekitty/download/cmake3_20/cmake-3.20.1/CMakeFiles/CMakeTmp'
Building C object CMakeFiles/cmTC_21c78.dir/CheckFunctionExists.c.o
/usr/bin/gcc   -DCHECK_FUNCTION_EXISTS=pthread_create -std=gnu11 -o CMakeFiles/cmTC_21c78.dir/CheckFunctionExists.c.o -c /home/turquoisekitty/download/cmake3_20/cmake-3.20.1/Modules/CheckFunctionExists.c
Linking C executable cmTC_21c78
/home/turquoisekitty/download/cmake3_20/cmake-3.20.1/Bootstrap.cmk/cmake -E cmake_link_script CMakeFiles/cmTC_21c78.dir/link.txt --verbose=1
/usr/bin/gcc  -DCHECK_FUNCTION_EXISTS=pthread_create CMakeFiles/cmTC_21c78.dir/CheckFunctionExists.c.o -o cmTC_21c78  -lpthreads 
/usr/bin/ld: cannot find -lpthreads
collect2: error: ld returned 1 exit status
CMakeFiles/cmTC_21c78.dir/build.make:98: recipe for target 'cmTC_21c78' failed
make[1]: *** [cmTC_21c78] Error 1
make[1]: Leaving directory '/home/turquoisekitty/download/cmake3_20/cmake-3.20.1/CMakeFiles/CMakeTmp'
Makefile:127: recipe for target 'cmTC_21c78/fast' failed
make: *** [cmTC_21c78/fast] Error 2



Checking whether CXX compiler has environ in stdlib.h failed to compile with the following output:
Change Dir: /home/turquoisekitty/download/cmake3_20/cmake-3.20.1/Source/kwsys/CMakeFiles/CMakeTmp

Run Build Command(s):/usr/bin/make -f Makefile cmTC_9b931/fast && make  -f CMakeFiles/cmTC_9b931.dir/build.make CMakeFiles/cmTC_9b931.dir/build
make[1]: Entering directory '/home/turquoisekitty/download/cmake3_20/cmake-3.20.1/Source/kwsys/CMakeFiles/CMakeTmp'
Building CXX object CMakeFiles/cmTC_9b931.dir/kwsysPlatformTestsCXX.cxx.o
/usr/bin/g++ -DTEST_KWSYS_CXX_HAS_ENVIRON_IN_STDLIB_H  -std=gnu++1z -o CMakeFiles/cmTC_9b931.dir/kwsysPlatformTestsCXX.cxx.o -c /home/turquoisekitty/download/cmake3_20/cmake-3.20.1/Source/kwsys/kwsysPlatformTestsCXX.cxx
/home/turquoisekitty/download/cmake3_20/cmake-3.20.1/Source/kwsys/kwsysPlatformTestsCXX.cxx: In function ‘int main()’:
/home/turquoisekitty/download/cmake3_20/cmake-3.20.1/Source/kwsys/kwsysPlatformTestsCXX.cxx:53:13: error: ‘environ’ was not declared in this scope
   char* e = environ[0];
             ^~~~~~~
/home/turquoisekitty/download/cmake3_20/cmake-3.20.1/Source/kwsys/kwsysPlatformTestsCXX.cxx:53:13: note: suggested alternative: ‘union’
   char* e = environ[0];
             ^~~~~~~
             union
CMakeFiles/cmTC_9b931.dir/build.make:77: recipe for target 'CMakeFiles/cmTC_9b931.dir/kwsysPlatformTestsCXX.cxx.o' failed
make[1]: *** [CMakeFiles/cmTC_9b931.dir/kwsysPlatformTestsCXX.cxx.o] Error 1
make[1]: Leaving directory '/home/turquoisekitty/download/cmake3_20/cmake-3.20.1/Source/kwsys/CMakeFiles/CMakeTmp'
Makefile:127: recipe for target 'cmTC_9b931/fast' failed
make: *** [cmTC_9b931/fast] Error 2



Checking whether CXX compiler struct stat has st_mtimespec member failed to compile with the following output:
Change Dir: /home/turquoisekitty/download/cmake3_20/cmake-3.20.1/Source/kwsys/CMakeFiles/CMakeTmp

Run Build Command(s):/usr/bin/make -f Makefile cmTC_363c5/fast && make  -f CMakeFiles/cmTC_363c5.dir/build.make CMakeFiles/cmTC_363c5.dir/build
make[1]: Entering directory '/home/turquoisekitty/download/cmake3_20/cmake-3.20.1/Source/kwsys/CMakeFiles/CMakeTmp'
Building CXX object CMakeFiles/cmTC_363c5.dir/kwsysPlatformTestsCXX.cxx.o
/usr/bin/g++ -DTEST_KWSYS_CXX_STAT_HAS_ST_MTIMESPEC  -std=gnu++1z -o CMakeFiles/cmTC_363c5.dir/kwsysPlatformTestsCXX.cxx.o -c /home/turquoisekitty/download/cmake3_20/cmake-3.20.1/Source/kwsys/kwsysPlatformTestsCXX.cxx
/home/turquoisekitty/download/cmake3_20/cmake-3.20.1/Source/kwsys/kwsysPlatformTestsCXX.cxx: In function ‘int main()’:
/home/turquoisekitty/download/cmake3_20/cmake-3.20.1/Source/kwsys/kwsysPlatformTestsCXX.cxx:26:15: error: ‘struct stat’ has no member named ‘st_mtimespec’; did you mean ‘st_mtim’?
   (void)stat1.st_mtimespec.tv_sec;
               ^~~~~~~~~~~~
               st_mtim
/home/turquoisekitty/download/cmake3_20/cmake-3.20.1/Source/kwsys/kwsysPlatformTestsCXX.cxx:27:15: error: ‘struct stat’ has no member named ‘st_mtimespec’; did you mean ‘st_mtim’?
   (void)stat1.st_mtimespec.tv_nsec;
               ^~~~~~~~~~~~
               st_mtim
CMakeFiles/cmTC_363c5.dir/build.make:77: recipe for target 'CMakeFiles/cmTC_363c5.dir/kwsysPlatformTestsCXX.cxx.o' failed
make[1]: *** [CMakeFiles/cmTC_363c5.dir/kwsysPlatformTestsCXX.cxx.o] Error 1
make[1]: Leaving directory '/home/turquoisekitty/download/cmake3_20/cmake-3.20.1/Source/kwsys/CMakeFiles/CMakeTmp'
Makefile:127: recipe for target 'cmTC_363c5/fast' failed
make: *** [cmTC_363c5/fast] Error 2



Determining if the function connect exists in the socket;dl failed with the following output:
Change Dir: /home/turquoisekitty/download/cmake3_20/cmake-3.20.1/CMakeFiles/CMakeTmp

Run Build Command(s):/usr/bin/make -f Makefile cmTC_68ce9/fast && make  -f CMakeFiles/cmTC_68ce9.dir/build.make CMakeFiles/cmTC_68ce9.dir/build
make[1]: Entering directory '/home/turquoisekitty/download/cmake3_20/cmake-3.20.1/CMakeFiles/CMakeTmp'
Building C object CMakeFiles/cmTC_68ce9.dir/CheckFunctionExists.c.o
/usr/bin/gcc   -w -DCHECK_FUNCTION_EXISTS=connect -std=gnu11 -o CMakeFiles/cmTC_68ce9.dir/CheckFunctionExists.c.o -c /home/turquoisekitty/download/cmake3_20/cmake-3.20.1/Modules/CheckFunctionExists.c
Linking C executable cmTC_68ce9
/home/turquoisekitty/download/cmake3_20/cmake-3.20.1/Bootstrap.cmk/cmake -E cmake_link_script CMakeFiles/cmTC_68ce9.dir/link.txt --verbose=1
/usr/bin/gcc  -w -DCHECK_FUNCTION_EXISTS=connect CMakeFiles/cmTC_68ce9.dir/CheckFunctionExists.c.o -o cmTC_68ce9  -lsocket -ldl 
/usr/bin/ld: cannot find -lsocket
collect2: error: ld returned 1 exit status
CMakeFiles/cmTC_68ce9.dir/build.make:98: recipe for target 'cmTC_68ce9' failed
make[1]: *** [cmTC_68ce9] Error 1
make[1]: Leaving directory '/home/turquoisekitty/download/cmake3_20/cmake-3.20.1/CMakeFiles/CMakeTmp'
Makefile:127: recipe for target 'cmTC_68ce9/fast' failed
make: *** [cmTC_68ce9/fast] Error 2



Determining if the function recv exists in the network;dl failed with the following output:
Change Dir: /home/turquoisekitty/download/cmake3_20/cmake-3.20.1/CMakeFiles/CMakeTmp

Run Build Command(s):/usr/bin/make -f Makefile cmTC_e3a8f/fast && make  -f CMakeFiles/cmTC_e3a8f.dir/build.make CMakeFiles/cmTC_e3a8f.dir/build
make[1]: Entering directory '/home/turquoisekitty/download/cmake3_20/cmake-3.20.1/CMakeFiles/CMakeTmp'
Building C object CMakeFiles/cmTC_e3a8f.dir/CheckFunctionExists.c.o
/usr/bin/gcc   -w -DCHECK_FUNCTION_EXISTS=recv -std=gnu11 -o CMakeFiles/cmTC_e3a8f.dir/CheckFunctionExists.c.o -c /home/turquoisekitty/download/cmake3_20/cmake-3.20.1/Modules/CheckFunctionExists.c
Linking C executable cmTC_e3a8f
/home/turquoisekitty/download/cmake3_20/cmake-3.20.1/Bootstrap.cmk/cmake -E cmake_link_script CMakeFiles/cmTC_e3a8f.dir/link.txt --verbose=1
/usr/bin/gcc  -w -DCHECK_FUNCTION_EXISTS=recv CMakeFiles/cmTC_e3a8f.dir/CheckFunctionExists.c.o -o cmTC_e3a8f  -lnetwork -ldl 
/usr/bin/ld: cannot find -lnetwork
collect2: error: ld returned 1 exit status
CMakeFiles/cmTC_e3a8f.dir/build.make:98: recipe for target 'cmTC_e3a8f' failed
make[1]: *** [cmTC_e3a8f] Error 1
make[1]: Leaving directory '/home/turquoisekitty/download/cmake3_20/cmake-3.20.1/CMakeFiles/CMakeTmp'
Makefile:127: recipe for target 'cmTC_e3a8f/fast' failed
make: *** [cmTC_e3a8f/fast] Error 2



Determining if the RAND_status exist failed with the following output:
Change Dir: /home/turquoisekitty/download/cmake3_20/cmake-3.20.1/CMakeFiles/CMakeTmp

Run Build Command(s):/usr/bin/make -f Makefile cmTC_a1ac9/fast && make  -f CMakeFiles/cmTC_a1ac9.dir/build.make CMakeFiles/cmTC_a1ac9.dir/build
make[1]: Entering directory '/home/turquoisekitty/download/cmake3_20/cmake-3.20.1/CMakeFiles/CMakeTmp'
Building C object CMakeFiles/cmTC_a1ac9.dir/CheckSymbolExists.c.o
/usr/bin/gcc   -w  -std=gnu11 -o CMakeFiles/cmTC_a1ac9.dir/CheckSymbolExists.c.o -c /home/turquoisekitty/download/cmake3_20/cmake-3.20.1/CMakeFiles/CMakeTmp/CheckSymbolExists.c
/home/turquoisekitty/download/cmake3_20/cmake-3.20.1/CMakeFiles/CMakeTmp/CheckSymbolExists.c: In function ‘main’:
/home/turquoisekitty/download/cmake3_20/cmake-3.20.1/CMakeFiles/CMakeTmp/CheckSymbolExists.c:7:19: error: ‘RAND_status’ undeclared (first use in this function)
   return ((int*)(&RAND_status))[argc];
                   ^~~~~~~~~~~
/home/turquoisekitty/download/cmake3_20/cmake-3.20.1/CMakeFiles/CMakeTmp/CheckSymbolExists.c:7:19: note: each undeclared identifier is reported only once for each function it appears in
CMakeFiles/cmTC_a1ac9.dir/build.make:77: recipe for target 'CMakeFiles/cmTC_a1ac9.dir/CheckSymbolExists.c.o' failed
make[1]: *** [CMakeFiles/cmTC_a1ac9.dir/CheckSymbolExists.c.o] Error 1
make[1]: Leaving directory '/home/turquoisekitty/download/cmake3_20/cmake-3.20.1/CMakeFiles/CMakeTmp'
Makefile:127: recipe for target 'cmTC_a1ac9/fast' failed
make: *** [cmTC_a1ac9/fast] Error 2


File /home/turquoisekitty/download/cmake3_20/cmake-3.20.1/CMakeFiles/CMakeTmp/CheckSymbolExists.c:
/* */

int main(int argc, char** argv)
{
  (void)argv;
#ifndef RAND_status
  return ((int*)(&RAND_status))[argc];
#else
  (void)argc;
  return 0;
#endif
}
Determining if the RAND_screen exist failed with the following output:
Change Dir: /home/turquoisekitty/download/cmake3_20/cmake-3.20.1/CMakeFiles/CMakeTmp

Run Build Command(s):/usr/bin/make -f Makefile cmTC_0aedb/fast && make  -f CMakeFiles/cmTC_0aedb.dir/build.make CMakeFiles/cmTC_0aedb.dir/build
make[1]: Entering directory '/home/turquoisekitty/download/cmake3_20/cmake-3.20.1/CMakeFiles/CMakeTmp'
Building C object CMakeFiles/cmTC_0aedb.dir/CheckSymbolExists.c.o
/usr/bin/gcc   -w  -std=gnu11 -o CMakeFiles/cmTC_0aedb.dir/CheckSymbolExists.c.o -c /home/turquoisekitty/download/cmake3_20/cmake-3.20.1/CMakeFiles/CMakeTmp/CheckSymbolExists.c
/home/turquoisekitty/download/cmake3_20/cmake-3.20.1/CMakeFiles/CMakeTmp/CheckSymbolExists.c: In function ‘main’:
/home/turquoisekitty/download/cmake3_20/cmake-3.20.1/CMakeFiles/CMakeTmp/CheckSymbolExists.c:7:19: error: ‘RAND_screen’ undeclared (first use in this function)
   return ((int*)(&RAND_screen))[argc];
                   ^~~~~~~~~~~
/home/turquoisekitty/download/cmake3_20/cmake-3.20.1/CMakeFiles/CMakeTmp/CheckSymbolExists.c:7:19: note: each undeclared identifier is reported only once for each function it appears in
CMakeFiles/cmTC_0aedb.dir/build.make:77: recipe for target 'CMakeFiles/cmTC_0aedb.dir/CheckSymbolExists.c.o' failed
make[1]: *** [CMakeFiles/cmTC_0aedb.dir/CheckSymbolExists.c.o] Error 1
make[1]: Leaving directory '/home/turquoisekitty/download/cmake3_20/cmake-3.20.1/CMakeFiles/CMakeTmp'
Makefile:127: recipe for target 'cmTC_0aedb/fast' failed
make: *** [cmTC_0aedb/fast] Error 2


File /home/turquoisekitty/download/cmake3_20/cmake-3.20.1/CMakeFiles/CMakeTmp/CheckSymbolExists.c:
/* */

int main(int argc, char** argv)
{
  (void)argv;
#ifndef RAND_screen
  return ((int*)(&RAND_screen))[argc];
#else
  (void)argc;
  return 0;
#endif
}
Determining if the RAND_egd exist failed with the following output:
Change Dir: /home/turquoisekitty/download/cmake3_20/cmake-3.20.1/CMakeFiles/CMakeTmp

Run Build Command(s):/usr/bin/make -f Makefile cmTC_55beb/fast && make  -f CMakeFiles/cmTC_55beb.dir/build.make CMakeFiles/cmTC_55beb.dir/build
make[1]: Entering directory '/home/turquoisekitty/download/cmake3_20/cmake-3.20.1/CMakeFiles/CMakeTmp'
Building C object CMakeFiles/cmTC_55beb.dir/CheckSymbolExists.c.o
/usr/bin/gcc   -w  -std=gnu11 -o CMakeFiles/cmTC_55beb.dir/CheckSymbolExists.c.o -c /home/turquoisekitty/download/cmake3_20/cmake-3.20.1/CMakeFiles/CMakeTmp/CheckSymbolExists.c
/home/turquoisekitty/download/cmake3_20/cmake-3.20.1/CMakeFiles/CMakeTmp/CheckSymbolExists.c: In function ‘main’:
/home/turquoisekitty/download/cmake3_20/cmake-3.20.1/CMakeFiles/CMakeTmp/CheckSymbolExists.c:7:19: error: ‘RAND_egd’ undeclared (first use in this function)
   return ((int*)(&RAND_egd))[argc];
                   ^~~~~~~~
/home/turquoisekitty/download/cmake3_20/cmake-3.20.1/CMakeFiles/CMakeTmp/CheckSymbolExists.c:7:19: note: each undeclared identifier is reported only once for each function it appears in
CMakeFiles/cmTC_55beb.dir/build.make:77: recipe for target 'CMakeFiles/cmTC_55beb.dir/CheckSymbolExists.c.o' failed
make[1]: *** [CMakeFiles/cmTC_55beb.dir/CheckSymbolExists.c.o] Error 1
make[1]: Leaving directory '/home/turquoisekitty/download/cmake3_20/cmake-3.20.1/CMakeFiles/CMakeTmp'
Makefile:127: recipe for target 'cmTC_55beb/fast' failed
make: *** [cmTC_55beb/fast] Error 2


File /home/turquoisekitty/download/cmake3_20/cmake-3.20.1/CMakeFiles/CMakeTmp/CheckSymbolExists.c:
/* */

int main(int argc, char** argv)
{
  (void)argv;
#ifndef RAND_egd
  return ((int*)(&RAND_egd))[argc];
#else
  (void)argc;
  return 0;
#endif
}
Determining if the function dlopen exists in the dl;/usr/lib/x86_64-linux-gnu/libssl.so;/usr/lib/x86_64-linux-gnu/libcrypto.so;cmnghttp2 failed with the following output:
Change Dir: /home/turquoisekitty/download/cmake3_20/cmake-3.20.1/CMakeFiles/CMakeTmp

Run Build Command(s):/usr/bin/make -f Makefile cmTC_a3a54/fast && make  -f CMakeFiles/cmTC_a3a54.dir/build.make CMakeFiles/cmTC_a3a54.dir/build
make[1]: Entering directory '/home/turquoisekitty/download/cmake3_20/cmake-3.20.1/CMakeFiles/CMakeTmp'
Building C object CMakeFiles/cmTC_a3a54.dir/CheckFunctionExists.c.o
/usr/bin/gcc   -w -DCHECK_FUNCTION_EXISTS=dlopen -std=gnu11 -o CMakeFiles/cmTC_a3a54.dir/CheckFunctionExists.c.o -c /home/turquoisekitty/download/cmake3_20/cmake-3.20.1/Modules/CheckFunctionExists.c
Linking C executable cmTC_a3a54
/home/turquoisekitty/download/cmake3_20/cmake-3.20.1/Bootstrap.cmk/cmake -E cmake_link_script CMakeFiles/cmTC_a3a54.dir/link.txt --verbose=1
/usr/bin/gcc  -w -DCHECK_FUNCTION_EXISTS=dlopen CMakeFiles/cmTC_a3a54.dir/CheckFunctionExists.c.o -o cmTC_a3a54  -ldl /usr/lib/x86_64-linux-gnu/libssl.so /usr/lib/x86_64-linux-gnu/libcrypto.so -lcmnghttp2 
/usr/bin/ld: cannot find -lcmnghttp2
collect2: error: ld returned 1 exit status
CMakeFiles/cmTC_a3a54.dir/build.make:100: recipe for target 'cmTC_a3a54' failed
make[1]: *** [cmTC_a3a54] Error 1
make[1]: Leaving directory '/home/turquoisekitty/download/cmake3_20/cmake-3.20.1/CMakeFiles/CMakeTmp'
Makefile:127: recipe for target 'cmTC_a3a54/fast' failed
make: *** [cmTC_a3a54/fast] Error 2



Determining if files stdio.h;inttypes.h;sys/filio.h exist failed with the following output:
Change Dir: /home/turquoisekitty/download/cmake3_20/cmake-3.20.1/CMakeFiles/CMakeTmp

Run Build Command(s):/usr/bin/make -f Makefile cmTC_6e154/fast && make  -f CMakeFiles/cmTC_6e154.dir/build.make CMakeFiles/cmTC_6e154.dir/build
make[1]: Entering directory '/home/turquoisekitty/download/cmake3_20/cmake-3.20.1/CMakeFiles/CMakeTmp'
Building C object CMakeFiles/cmTC_6e154.dir/HAVE_SYS_FILIO_H.c.o
/usr/bin/gcc   -w  -std=gnu11 -o CMakeFiles/cmTC_6e154.dir/HAVE_SYS_FILIO_H.c.o -c /home/turquoisekitty/download/cmake3_20/cmake-3.20.1/CMakeFiles/CheckIncludeFiles/HAVE_SYS_FILIO_H.c
/home/turquoisekitty/download/cmake3_20/cmake-3.20.1/CMakeFiles/CheckIncludeFiles/HAVE_SYS_FILIO_H.c:4:10: fatal error: sys/filio.h: No such file or directory
 #include <sys/filio.h>
          ^~~~~~~~~~~~~
compilation terminated.
CMakeFiles/cmTC_6e154.dir/build.make:77: recipe for target 'CMakeFiles/cmTC_6e154.dir/HAVE_SYS_FILIO_H.c.o' failed
make[1]: *** [CMakeFiles/cmTC_6e154.dir/HAVE_SYS_FILIO_H.c.o] Error 1
make[1]: Leaving directory '/home/turquoisekitty/download/cmake3_20/cmake-3.20.1/CMakeFiles/CMakeTmp'
Makefile:127: recipe for target 'cmTC_6e154/fast' failed
make: *** [cmTC_6e154/fast] Error 2


Source:
/* */
#include <stdio.h>
#include <inttypes.h>
#include <sys/filio.h>


int main(void){return 0;}

Determining if files stdio.h;inttypes.h;sys/ioctl.h;sys/param.h;sys/poll.h;sys/resource.h;sys/select.h;sys/socket.h;sys/sockio.h exist failed with the following output:
Change Dir: /home/turquoisekitty/download/cmake3_20/cmake-3.20.1/CMakeFiles/CMakeTmp

Run Build Command(s):/usr/bin/make -f Makefile cmTC_51e6b/fast && make  -f CMakeFiles/cmTC_51e6b.dir/build.make CMakeFiles/cmTC_51e6b.dir/build
make[1]: Entering directory '/home/turquoisekitty/download/cmake3_20/cmake-3.20.1/CMakeFiles/CMakeTmp'
Building C object CMakeFiles/cmTC_51e6b.dir/HAVE_SYS_SOCKIO_H.c.o
/usr/bin/gcc   -w  -std=gnu11 -o CMakeFiles/cmTC_51e6b.dir/HAVE_SYS_SOCKIO_H.c.o -c /home/turquoisekitty/download/cmake3_20/cmake-3.20.1/CMakeFiles/CheckIncludeFiles/HAVE_SYS_SOCKIO_H.c
/home/turquoisekitty/download/cmake3_20/cmake-3.20.1/CMakeFiles/CheckIncludeFiles/HAVE_SYS_SOCKIO_H.c:10:10: fatal error: sys/sockio.h: No such file or directory
 #include <sys/sockio.h>
          ^~~~~~~~~~~~~~
compilation terminated.
CMakeFiles/cmTC_51e6b.dir/build.make:77: recipe for target 'CMakeFiles/cmTC_51e6b.dir/HAVE_SYS_SOCKIO_H.c.o' failed
make[1]: *** [CMakeFiles/cmTC_51e6b.dir/HAVE_SYS_SOCKIO_H.c.o] Error 1
make[1]: Leaving directory '/home/turquoisekitty/download/cmake3_20/cmake-3.20.1/CMakeFiles/CMakeTmp'
Makefile:127: recipe for target 'cmTC_51e6b/fast' failed
make: *** [cmTC_51e6b/fast] Error 2


Source:
/* */
#include <stdio.h>
#include <inttypes.h>
#include <sys/ioctl.h>
#include <sys/param.h>
#include <sys/poll.h>
#include <sys/resource.h>
#include <sys/select.h>
#include <sys/socket.h>
#include <sys/sockio.h>


int main(void){return 0;}

Determining if files stdio.h;inttypes.h;sys/ioctl.h;sys/param.h;sys/poll.h;sys/resource.h;sys/select.h;sys/socket.h;sys/stat.h;sys/time.h;sys/types.h;sys/uio.h;sys/un.h;sys/utime.h exist failed with the following output:
Change Dir: /home/turquoisekitty/download/cmake3_20/cmake-3.20.1/CMakeFiles/CMakeTmp

Run Build Command(s):/usr/bin/make -f Makefile cmTC_0ca35/fast && make  -f CMakeFiles/cmTC_0ca35.dir/build.make CMakeFiles/cmTC_0ca35.dir/build
make[1]: Entering directory '/home/turquoisekitty/download/cmake3_20/cmake-3.20.1/CMakeFiles/CMakeTmp'
Building C object CMakeFiles/cmTC_0ca35.dir/HAVE_SYS_UTIME_H.c.o
/usr/bin/gcc   -w  -std=gnu11 -o CMakeFiles/cmTC_0ca35.dir/HAVE_SYS_UTIME_H.c.o -c /home/turquoisekitty/download/cmake3_20/cmake-3.20.1/CMakeFiles/CheckIncludeFiles/HAVE_SYS_UTIME_H.c
/home/turquoisekitty/download/cmake3_20/cmake-3.20.1/CMakeFiles/CheckIncludeFiles/HAVE_SYS_UTIME_H.c:15:10: fatal error: sys/utime.h: No such file or directory
 #include <sys/utime.h>
          ^~~~~~~~~~~~~
compilation terminated.
CMakeFiles/cmTC_0ca35.dir/build.make:77: recipe for target 'CMakeFiles/cmTC_0ca35.dir/HAVE_SYS_UTIME_H.c.o' failed
make[1]: *** [CMakeFiles/cmTC_0ca35.dir/HAVE_SYS_UTIME_H.c.o] Error 1
make[1]: Leaving directory '/home/turquoisekitty/download/cmake3_20/cmake-3.20.1/CMakeFiles/CMakeTmp'
Makefile:127: recipe for target 'cmTC_0ca35/fast' failed
make: *** [cmTC_0ca35/fast] Error 2


Source:
/* */
#include <stdio.h>
#include <inttypes.h>
#include <sys/ioctl.h>
#include <sys/param.h>
#include <sys/poll.h>
#include <sys/resource.h>
#include <sys/select.h>
#include <sys/socket.h>
#include <sys/stat.h>
#include <sys/time.h>
#include <sys/types.h>
#include <sys/uio.h>
#include <sys/un.h>
#include <sys/utime.h>


int main(void){return 0;}

Determining if files stdio.h;inttypes.h;sys/ioctl.h;sys/param.h;sys/poll.h;sys/resource.h;sys/select.h;sys/socket.h;sys/stat.h;sys/time.h;sys/types.h;sys/uio.h;sys/un.h;sys/xattr.h;alloca.h;arpa/inet.h;arpa/tftp.h;assert.h;crypto.h exist failed with the following output:
Change Dir: /home/turquoisekitty/download/cmake3_20/cmake-3.20.1/CMakeFiles/CMakeTmp

Run Build Command(s):/usr/bin/make -f Makefile cmTC_8618a/fast && make  -f CMakeFiles/cmTC_8618a.dir/build.make CMakeFiles/cmTC_8618a.dir/build
make[1]: Entering directory '/home/turquoisekitty/download/cmake3_20/cmake-3.20.1/CMakeFiles/CMakeTmp'
Building C object CMakeFiles/cmTC_8618a.dir/HAVE_CRYPTO_H.c.o
/usr/bin/gcc   -w  -std=gnu11 -o CMakeFiles/cmTC_8618a.dir/HAVE_CRYPTO_H.c.o -c /home/turquoisekitty/download/cmake3_20/cmake-3.20.1/CMakeFiles/CheckIncludeFiles/HAVE_CRYPTO_H.c
/home/turquoisekitty/download/cmake3_20/cmake-3.20.1/CMakeFiles/CheckIncludeFiles/HAVE_CRYPTO_H.c:20:10: fatal error: crypto.h: No such file or directory
 #include <crypto.h>
          ^~~~~~~~~~
compilation terminated.
CMakeFiles/cmTC_8618a.dir/build.make:77: recipe for target 'CMakeFiles/cmTC_8618a.dir/HAVE_CRYPTO_H.c.o' failed
make[1]: *** [CMakeFiles/cmTC_8618a.dir/HAVE_CRYPTO_H.c.o] Error 1
make[1]: Leaving directory '/home/turquoisekitty/download/cmake3_20/cmake-3.20.1/CMakeFiles/CMakeTmp'
Makefile:127: recipe for target 'cmTC_8618a/fast' failed
make: *** [cmTC_8618a/fast] Error 2


Source:
/* */
#include <stdio.h>
#include <inttypes.h>
#include <sys/ioctl.h>
#include <sys/param.h>
#include <sys/poll.h>
#include <sys/resource.h>
#include <sys/select.h>
#include <sys/socket.h>
#include <sys/stat.h>
#include <sys/time.h>
#include <sys/types.h>
#include <sys/uio.h>
#include <sys/un.h>
#include <sys/xattr.h>
#include <alloca.h>
#include <arpa/inet.h>
#include <arpa/tftp.h>
#include <assert.h>
#include <crypto.h>


int main(void){return 0;}

Determining if files stdio.h;inttypes.h;sys/ioctl.h;sys/param.h;sys/poll.h;sys/resource.h;sys/select.h;sys/socket.h;sys/stat.h;sys/time.h;sys/types.h;sys/uio.h;sys/un.h;sys/xattr.h;alloca.h;arpa/inet.h;arpa/tftp.h;assert.h;err.h;errno.h;fcntl.h;idn2.h;ifaddrs.h;io.h exist failed with the following output:
Change Dir: /home/turquoisekitty/download/cmake3_20/cmake-3.20.1/CMakeFiles/CMakeTmp

Run Build Command(s):/usr/bin/make -f Makefile cmTC_fa5c3/fast && make  -f CMakeFiles/cmTC_fa5c3.dir/build.make CMakeFiles/cmTC_fa5c3.dir/build
make[1]: Entering directory '/home/turquoisekitty/download/cmake3_20/cmake-3.20.1/CMakeFiles/CMakeTmp'
Building C object CMakeFiles/cmTC_fa5c3.dir/HAVE_IO_H.c.o
/usr/bin/gcc   -w  -std=gnu11 -o CMakeFiles/cmTC_fa5c3.dir/HAVE_IO_H.c.o -c /home/turquoisekitty/download/cmake3_20/cmake-3.20.1/CMakeFiles/CheckIncludeFiles/HAVE_IO_H.c
/home/turquoisekitty/download/cmake3_20/cmake-3.20.1/CMakeFiles/CheckIncludeFiles/HAVE_IO_H.c:25:10: fatal error: io.h: No such file or directory
 #include <io.h>
          ^~~~~~
compilation terminated.
CMakeFiles/cmTC_fa5c3.dir/build.make:77: recipe for target 'CMakeFiles/cmTC_fa5c3.dir/HAVE_IO_H.c.o' failed
make[1]: *** [CMakeFiles/cmTC_fa5c3.dir/HAVE_IO_H.c.o] Error 1
make[1]: Leaving directory '/home/turquoisekitty/download/cmake3_20/cmake-3.20.1/CMakeFiles/CMakeTmp'
Makefile:127: recipe for target 'cmTC_fa5c3/fast' failed
make: *** [cmTC_fa5c3/fast] Error 2


Source:
/* */
#include <stdio.h>
#include <inttypes.h>
#include <sys/ioctl.h>
#include <sys/param.h>
#include <sys/poll.h>
#include <sys/resource.h>
#include <sys/select.h>
#include <sys/socket.h>
#include <sys/stat.h>
#include <sys/time.h>
#include <sys/types.h>
#include <sys/uio.h>
#include <sys/un.h>
#include <sys/xattr.h>
#include <alloca.h>
#include <arpa/inet.h>
#include <arpa/tftp.h>
#include <assert.h>
#include <err.h>
#include <errno.h>
#include <fcntl.h>
#include <idn2.h>
#include <ifaddrs.h>
#include <io.h>


int main(void){return 0;}

Determining if files stdio.h;inttypes.h;sys/ioctl.h;sys/param.h;sys/poll.h;sys/resource.h;sys/select.h;sys/socket.h;sys/stat.h;sys/time.h;sys/types.h;sys/uio.h;sys/un.h;sys/xattr.h;alloca.h;arpa/inet.h;arpa/tftp.h;assert.h;err.h;errno.h;fcntl.h;idn2.h;ifaddrs.h;krb.h exist failed with the following output:
Change Dir: /home/turquoisekitty/download/cmake3_20/cmake-3.20.1/CMakeFiles/CMakeTmp

Run Build Command(s):/usr/bin/make -f Makefile cmTC_b729c/fast && make  -f CMakeFiles/cmTC_b729c.dir/build.make CMakeFiles/cmTC_b729c.dir/build
make[1]: Entering directory '/home/turquoisekitty/download/cmake3_20/cmake-3.20.1/CMakeFiles/CMakeTmp'
Building C object CMakeFiles/cmTC_b729c.dir/HAVE_KRB_H.c.o
/usr/bin/gcc   -w  -std=gnu11 -o CMakeFiles/cmTC_b729c.dir/HAVE_KRB_H.c.o -c /home/turquoisekitty/download/cmake3_20/cmake-3.20.1/CMakeFiles/CheckIncludeFiles/HAVE_KRB_H.c
/home/turquoisekitty/download/cmake3_20/cmake-3.20.1/CMakeFiles/CheckIncludeFiles/HAVE_KRB_H.c:25:10: fatal error: krb.h: No such file or directory
 #include <krb.h>
          ^~~~~~~
compilation terminated.
CMakeFiles/cmTC_b729c.dir/build.make:77: recipe for target 'CMakeFiles/cmTC_b729c.dir/HAVE_KRB_H.c.o' failed
make[1]: *** [CMakeFiles/cmTC_b729c.dir/HAVE_KRB_H.c.o] Error 1
make[1]: Leaving directory '/home/turquoisekitty/download/cmake3_20/cmake-3.20.1/CMakeFiles/CMakeTmp'
Makefile:127: recipe for target 'cmTC_b729c/fast' failed
make: *** [cmTC_b729c/fast] Error 2


Source:
/* */
#include <stdio.h>
#include <inttypes.h>
#include <sys/ioctl.h>
#include <sys/param.h>
#include <sys/poll.h>
#include <sys/resource.h>
#include <sys/select.h>
#include <sys/socket.h>
#include <sys/stat.h>
#include <sys/time.h>
#include <sys/types.h>
#include <sys/uio.h>
#include <sys/un.h>
#include <sys/xattr.h>
#include <alloca.h>
#include <arpa/inet.h>
#include <arpa/tftp.h>
#include <assert.h>
#include <err.h>
#include <errno.h>
#include <fcntl.h>
#include <idn2.h>
#include <ifaddrs.h>
#include <krb.h>


int main(void){return 0;}

Determining if files stdio.h;inttypes.h;sys/ioctl.h;sys/param.h;sys/poll.h;sys/resource.h;sys/select.h;sys/socket.h;sys/stat.h;sys/time.h;sys/types.h;sys/uio.h;sys/un.h;sys/xattr.h;alloca.h;arpa/inet.h;arpa/tftp.h;assert.h;err.h;errno.h;fcntl.h;idn2.h;ifaddrs.h;libgen.h;locale.h;net/if.h;netdb.h;netinet/in.h;netinet/tcp.h;pem.h exist failed with the following output:
Change Dir: /home/turquoisekitty/download/cmake3_20/cmake-3.20.1/CMakeFiles/CMakeTmp

Run Build Command(s):/usr/bin/make -f Makefile cmTC_c23b6/fast && make  -f CMakeFiles/cmTC_c23b6.dir/build.make CMakeFiles/cmTC_c23b6.dir/build
make[1]: Entering directory '/home/turquoisekitty/download/cmake3_20/cmake-3.20.1/CMakeFiles/CMakeTmp'
Building C object CMakeFiles/cmTC_c23b6.dir/HAVE_PEM_H.c.o
/usr/bin/gcc   -w  -std=gnu11 -o CMakeFiles/cmTC_c23b6.dir/HAVE_PEM_H.c.o -c /home/turquoisekitty/download/cmake3_20/cmake-3.20.1/CMakeFiles/CheckIncludeFiles/HAVE_PEM_H.c
/home/turquoisekitty/download/cmake3_20/cmake-3.20.1/CMakeFiles/CheckIncludeFiles/HAVE_PEM_H.c:31:10: fatal error: pem.h: No such file or directory
 #include <pem.h>
          ^~~~~~~
compilation terminated.
CMakeFiles/cmTC_c23b6.dir/build.make:77: recipe for target 'CMakeFiles/cmTC_c23b6.dir/HAVE_PEM_H.c.o' failed
make[1]: *** [CMakeFiles/cmTC_c23b6.dir/HAVE_PEM_H.c.o] Error 1
make[1]: Leaving directory '/home/turquoisekitty/download/cmake3_20/cmake-3.20.1/CMakeFiles/CMakeTmp'
Makefile:127: recipe for target 'cmTC_c23b6/fast' failed
make: *** [cmTC_c23b6/fast] Error 2


Source:
/* */
#include <stdio.h>
#include <inttypes.h>
#include <sys/ioctl.h>
#include <sys/param.h>
#include <sys/poll.h>
#include <sys/resource.h>
#include <sys/select.h>
#include <sys/socket.h>
#include <sys/stat.h>
#include <sys/time.h>
#include <sys/types.h>
#include <sys/uio.h>
#include <sys/un.h>
#include <sys/xattr.h>
#include <alloca.h>
#include <arpa/inet.h>
#include <arpa/tftp.h>
#include <assert.h>
#include <err.h>
#include <errno.h>
#include <fcntl.h>
#include <idn2.h>
#include <ifaddrs.h>
#include <libgen.h>
#include <locale.h>
#include <net/if.h>
#include <netdb.h>
#include <netinet/in.h>
#include <netinet/tcp.h>
#include <pem.h>


int main(void){return 0;}

Determining if files stdio.h;inttypes.h;sys/ioctl.h;sys/param.h;sys/poll.h;sys/resource.h;sys/select.h;sys/socket.h;sys/stat.h;sys/time.h;sys/types.h;sys/uio.h;sys/un.h;sys/xattr.h;alloca.h;arpa/inet.h;arpa/tftp.h;assert.h;err.h;errno.h;fcntl.h;idn2.h;ifaddrs.h;libgen.h;locale.h;net/if.h;netdb.h;netinet/in.h;netinet/tcp.h;poll.h;pwd.h;rsa.h exist failed with the following output:
Change Dir: /home/turquoisekitty/download/cmake3_20/cmake-3.20.1/CMakeFiles/CMakeTmp

Run Build Command(s):/usr/bin/make -f Makefile cmTC_9be6a/fast && make  -f CMakeFiles/cmTC_9be6a.dir/build.make CMakeFiles/cmTC_9be6a.dir/build
make[1]: Entering directory '/home/turquoisekitty/download/cmake3_20/cmake-3.20.1/CMakeFiles/CMakeTmp'
Building C object CMakeFiles/cmTC_9be6a.dir/HAVE_RSA_H.c.o
/usr/bin/gcc   -w  -std=gnu11 -o CMakeFiles/cmTC_9be6a.dir/HAVE_RSA_H.c.o -c /home/turquoisekitty/download/cmake3_20/cmake-3.20.1/CMakeFiles/CheckIncludeFiles/HAVE_RSA_H.c
/home/turquoisekitty/download/cmake3_20/cmake-3.20.1/CMakeFiles/CheckIncludeFiles/HAVE_RSA_H.c:33:10: fatal error: rsa.h: No such file or directory
 #include <rsa.h>
          ^~~~~~~
compilation terminated.
CMakeFiles/cmTC_9be6a.dir/build.make:77: recipe for target 'CMakeFiles/cmTC_9be6a.dir/HAVE_RSA_H.c.o' failed
make[1]: *** [CMakeFiles/cmTC_9be6a.dir/HAVE_RSA_H.c.o] Error 1
make[1]: Leaving directory '/home/turquoisekitty/download/cmake3_20/cmake-3.20.1/CMakeFiles/CMakeTmp'
Makefile:127: recipe for target 'cmTC_9be6a/fast' failed
make: *** [cmTC_9be6a/fast] Error 2


Source:
/* */
#include <stdio.h>
#include <inttypes.h>
#include <sys/ioctl.h>
#include <sys/param.h>
#include <sys/poll.h>
#include <sys/resource.h>
#include <sys/select.h>
#include <sys/socket.h>
#include <sys/stat.h>
#include <sys/time.h>
#include <sys/types.h>
#include <sys/uio.h>
#include <sys/un.h>
#include <sys/xattr.h>
#include <alloca.h>
#include <arpa/inet.h>
#include <arpa/tftp.h>
#include <assert.h>
#include <err.h>
#include <errno.h>
#include <fcntl.h>
#include <idn2.h>
#include <ifaddrs.h>
#include <libgen.h>
#include <locale.h>
#include <net/if.h>
#include <netdb.h>
#include <netinet/in.h>
#include <netinet/tcp.h>
#include <poll.h>
#include <pwd.h>
#include <rsa.h>


int main(void){return 0;}

Determining if files stdio.h;inttypes.h;sys/ioctl.h;sys/param.h;sys/poll.h;sys/resource.h;sys/select.h;sys/socket.h;sys/stat.h;sys/time.h;sys/types.h;sys/uio.h;sys/un.h;sys/xattr.h;alloca.h;arpa/inet.h;arpa/tftp.h;assert.h;err.h;errno.h;fcntl.h;idn2.h;ifaddrs.h;libgen.h;locale.h;net/if.h;netdb.h;netinet/in.h;netinet/tcp.h;poll.h;pwd.h;setjmp.h;sgtty.h;signal.h;ssl.h exist failed with the following output:
Change Dir: /home/turquoisekitty/download/cmake3_20/cmake-3.20.1/CMakeFiles/CMakeTmp

Run Build Command(s):/usr/bin/make -f Makefile cmTC_ded90/fast && make  -f CMakeFiles/cmTC_ded90.dir/build.make CMakeFiles/cmTC_ded90.dir/build
make[1]: Entering directory '/home/turquoisekitty/download/cmake3_20/cmake-3.20.1/CMakeFiles/CMakeTmp'
Building C object CMakeFiles/cmTC_ded90.dir/HAVE_SSL_H.c.o
/usr/bin/gcc   -w  -std=gnu11 -o CMakeFiles/cmTC_ded90.dir/HAVE_SSL_H.c.o -c /home/turquoisekitty/download/cmake3_20/cmake-3.20.1/CMakeFiles/CheckIncludeFiles/HAVE_SSL_H.c
/home/turquoisekitty/download/cmake3_20/cmake-3.20.1/CMakeFiles/CheckIncludeFiles/HAVE_SSL_H.c:36:10: fatal error: ssl.h: No such file or directory
 #include <ssl.h>
          ^~~~~~~
compilation terminated.
CMakeFiles/cmTC_ded90.dir/build.make:77: recipe for target 'CMakeFiles/cmTC_ded90.dir/HAVE_SSL_H.c.o' failed
make[1]: *** [CMakeFiles/cmTC_ded90.dir/HAVE_SSL_H.c.o] Error 1
make[1]: Leaving directory '/home/turquoisekitty/download/cmake3_20/cmake-3.20.1/CMakeFiles/CMakeTmp'
Makefile:127: recipe for target 'cmTC_ded90/fast' failed
make: *** [cmTC_ded90/fast] Error 2


Source:
/* */
#include <stdio.h>
#include <inttypes.h>
#include <sys/ioctl.h>
#include <sys/param.h>
#include <sys/poll.h>
#include <sys/resource.h>
#include <sys/select.h>
#include <sys/socket.h>
#include <sys/stat.h>
#include <sys/time.h>
#include <sys/types.h>
#include <sys/uio.h>
#include <sys/un.h>
#include <sys/xattr.h>
#include <alloca.h>
#include <arpa/inet.h>
#include <arpa/tftp.h>
#include <assert.h>
#include <err.h>
#include <errno.h>
#include <fcntl.h>
#include <idn2.h>
#include <ifaddrs.h>
#include <libgen.h>
#include <locale.h>
#include <net/if.h>
#include <netdb.h>
#include <netinet/in.h>
#include <netinet/tcp.h>
#include <poll.h>
#include <pwd.h>
#include <setjmp.h>
#include <sgtty.h>
#include <signal.h>
#include <ssl.h>


int main(void){return 0;}

Determining if files stdio.h;inttypes.h;sys/ioctl.h;sys/param.h;sys/poll.h;sys/resource.h;sys/select.h;sys/socket.h;sys/stat.h;sys/time.h;sys/types.h;sys/uio.h;sys/un.h;sys/xattr.h;alloca.h;arpa/inet.h;arpa/tftp.h;assert.h;err.h;errno.h;fcntl.h;idn2.h;ifaddrs.h;libgen.h;locale.h;net/if.h;netdb.h;netinet/in.h;netinet/tcp.h;poll.h;pwd.h;setjmp.h;sgtty.h;signal.h;stdbool.h;stdint.h;stdio.h;stdlib.h;string.h;strings.h;stropts.h;termio.h;termios.h;time.h;unistd.h;utime.h;x509.h exist failed with the following output:
Change Dir: /home/turquoisekitty/download/cmake3_20/cmake-3.20.1/CMakeFiles/CMakeTmp

Run Build Command(s):/usr/bin/make -f Makefile cmTC_61490/fast && make  -f CMakeFiles/cmTC_61490.dir/build.make CMakeFiles/cmTC_61490.dir/build
make[1]: Entering directory '/home/turquoisekitty/download/cmake3_20/cmake-3.20.1/CMakeFiles/CMakeTmp'
Building C object CMakeFiles/cmTC_61490.dir/HAVE_X509_H.c.o
/usr/bin/gcc   -w  -std=gnu11 -o CMakeFiles/cmTC_61490.dir/HAVE_X509_H.c.o -c /home/turquoisekitty/download/cmake3_20/cmake-3.20.1/CMakeFiles/CheckIncludeFiles/HAVE_X509_H.c
/home/turquoisekitty/download/cmake3_20/cmake-3.20.1/CMakeFiles/CheckIncludeFiles/HAVE_X509_H.c:48:10: fatal error: x509.h: No such file or directory
 #include <x509.h>
          ^~~~~~~~
compilation terminated.
CMakeFiles/cmTC_61490.dir/build.make:77: recipe for target 'CMakeFiles/cmTC_61490.dir/HAVE_X509_H.c.o' failed
make[1]: *** [CMakeFiles/cmTC_61490.dir/HAVE_X509_H.c.o] Error 1
make[1]: Leaving directory '/home/turquoisekitty/download/cmake3_20/cmake-3.20.1/CMakeFiles/CMakeTmp'
Makefile:127: recipe for target 'cmTC_61490/fast' failed
make: *** [cmTC_61490/fast] Error 2


Source:
/* */
#include <stdio.h>
#include <inttypes.h>
#include <sys/ioctl.h>
#include <sys/param.h>
#include <sys/poll.h>
#include <sys/resource.h>
#include <sys/select.h>
#include <sys/socket.h>
#include <sys/stat.h>
#include <sys/time.h>
#include <sys/types.h>
#include <sys/uio.h>
#include <sys/un.h>
#include <sys/xattr.h>
#include <alloca.h>
#include <arpa/inet.h>
#include <arpa/tftp.h>
#include <assert.h>
#include <err.h>
#include <errno.h>
#include <fcntl.h>
#include <idn2.h>
#include <ifaddrs.h>
#include <libgen.h>
#include <locale.h>
#include <net/if.h>
#include <netdb.h>
#include <netinet/in.h>
#include <netinet/tcp.h>
#include <poll.h>
#include <pwd.h>
#include <setjmp.h>
#include <sgtty.h>
#include <signal.h>
#include <stdbool.h>
#include <stdint.h>
#include <stdio.h>
#include <stdlib.h>
#include <string.h>
#include <strings.h>
#include <stropts.h>
#include <termio.h>
#include <termios.h>
#include <time.h>
#include <unistd.h>
#include <utime.h>
#include <x509.h>


int main(void){return 0;}

Determining if files stdio.h;inttypes.h;sys/ioctl.h;sys/param.h;sys/poll.h;sys/resource.h;sys/select.h;sys/socket.h;sys/stat.h;sys/time.h;sys/types.h;sys/uio.h;sys/un.h;sys/xattr.h;alloca.h;arpa/inet.h;arpa/tftp.h;assert.h;err.h;errno.h;fcntl.h;idn2.h;ifaddrs.h;libgen.h;locale.h;net/if.h;netdb.h;netinet/in.h;netinet/tcp.h;poll.h;pwd.h;setjmp.h;sgtty.h;signal.h;stdbool.h;stdint.h;stdio.h;stdlib.h;string.h;strings.h;stropts.h;termio.h;termios.h;time.h;unistd.h;utime.h;process.h exist failed with the following output:
Change Dir: /home/turquoisekitty/download/cmake3_20/cmake-3.20.1/CMakeFiles/CMakeTmp

Run Build Command(s):/usr/bin/make -f Makefile cmTC_9e277/fast && make  -f CMakeFiles/cmTC_9e277.dir/build.make CMakeFiles/cmTC_9e277.dir/build
make[1]: Entering directory '/home/turquoisekitty/download/cmake3_20/cmake-3.20.1/CMakeFiles/CMakeTmp'
Building C object CMakeFiles/cmTC_9e277.dir/HAVE_PROCESS_H.c.o
/usr/bin/gcc   -w  -std=gnu11 -o CMakeFiles/cmTC_9e277.dir/HAVE_PROCESS_H.c.o -c /home/turquoisekitty/download/cmake3_20/cmake-3.20.1/CMakeFiles/CheckIncludeFiles/HAVE_PROCESS_H.c
/home/turquoisekitty/download/cmake3_20/cmake-3.20.1/CMakeFiles/CheckIncludeFiles/HAVE_PROCESS_H.c:48:10: fatal error: process.h: No such file or directory
 #include <process.h>
          ^~~~~~~~~~~
compilation terminated.
CMakeFiles/cmTC_9e277.dir/build.make:77: recipe for target 'CMakeFiles/cmTC_9e277.dir/HAVE_PROCESS_H.c.o' failed
make[1]: *** [CMakeFiles/cmTC_9e277.dir/HAVE_PROCESS_H.c.o] Error 1
make[1]: Leaving directory '/home/turquoisekitty/download/cmake3_20/cmake-3.20.1/CMakeFiles/CMakeTmp'
Makefile:127: recipe for target 'cmTC_9e277/fast' failed
make: *** [cmTC_9e277/fast] Error 2


Source:
/* */
#include <stdio.h>
#include <inttypes.h>
#include <sys/ioctl.h>
#include <sys/param.h>
#include <sys/poll.h>
#include <sys/resource.h>
#include <sys/select.h>
#include <sys/socket.h>
#include <sys/stat.h>
#include <sys/time.h>
#include <sys/types.h>
#include <sys/uio.h>
#include <sys/un.h>
#include <sys/xattr.h>
#include <alloca.h>
#include <arpa/inet.h>
#include <arpa/tftp.h>
#include <assert.h>
#include <err.h>
#include <errno.h>
#include <fcntl.h>
#include <idn2.h>
#include <ifaddrs.h>
#include <libgen.h>
#include <locale.h>
#include <net/if.h>
#include <netdb.h>
#include <netinet/in.h>
#include <netinet/tcp.h>
#include <poll.h>
#include <pwd.h>
#include <setjmp.h>
#include <sgtty.h>
#include <signal.h>
#include <stdbool.h>
#include <stdint.h>
#include <stdio.h>
#include <stdlib.h>
#include <string.h>
#include <strings.h>
#include <stropts.h>
#include <termio.h>
#include <termios.h>
#include <time.h>
#include <unistd.h>
#include <utime.h>
#include <process.h>


int main(void){return 0;}

Determining if files stdio.h;inttypes.h;sys/ioctl.h;sys/param.h;sys/poll.h;sys/resource.h;sys/select.h;sys/socket.h;sys/stat.h;sys/time.h;sys/types.h;sys/uio.h;sys/un.h;sys/xattr.h;alloca.h;arpa/inet.h;arpa/tftp.h;assert.h;err.h;errno.h;fcntl.h;idn2.h;ifaddrs.h;libgen.h;locale.h;net/if.h;netdb.h;netinet/in.h;netinet/tcp.h;poll.h;pwd.h;setjmp.h;sgtty.h;signal.h;stdbool.h;stdint.h;stdio.h;stdlib.h;string.h;strings.h;stropts.h;termio.h;termios.h;time.h;unistd.h;utime.h;stddef.h;dlfcn.h;malloc.h;memory.h;netinet/if_ether.h;stdint.h;sockio.h exist failed with the following output:
Change Dir: /home/turquoisekitty/download/cmake3_20/cmake-3.20.1/CMakeFiles/CMakeTmp

Run Build Command(s):/usr/bin/make -f Makefile cmTC_8c143/fast && make  -f CMakeFiles/cmTC_8c143.dir/build.make CMakeFiles/cmTC_8c143.dir/build
make[1]: Entering directory '/home/turquoisekitty/download/cmake3_20/cmake-3.20.1/CMakeFiles/CMakeTmp'
Building C object CMakeFiles/cmTC_8c143.dir/HAVE_SOCKIO_H.c.o
/usr/bin/gcc   -w  -std=gnu11 -o CMakeFiles/cmTC_8c143.dir/HAVE_SOCKIO_H.c.o -c /home/turquoisekitty/download/cmake3_20/cmake-3.20.1/CMakeFiles/CheckIncludeFiles/HAVE_SOCKIO_H.c
/home/turquoisekitty/download/cmake3_20/cmake-3.20.1/CMakeFiles/CheckIncludeFiles/HAVE_SOCKIO_H.c:54:10: fatal error: sockio.h: No such file or directory
 #include <sockio.h>
          ^~~~~~~~~~
compilation terminated.
CMakeFiles/cmTC_8c143.dir/build.make:77: recipe for target 'CMakeFiles/cmTC_8c143.dir/HAVE_SOCKIO_H.c.o' failed
make[1]: *** [CMakeFiles/cmTC_8c143.dir/HAVE_SOCKIO_H.c.o] Error 1
make[1]: Leaving directory '/home/turquoisekitty/download/cmake3_20/cmake-3.20.1/CMakeFiles/CMakeTmp'
Makefile:127: recipe for target 'cmTC_8c143/fast' failed
make: *** [cmTC_8c143/fast] Error 2


Source:
/* */
#include <stdio.h>
#include <inttypes.h>
#include <sys/ioctl.h>
#include <sys/param.h>
#include <sys/poll.h>
#include <sys/resource.h>
#include <sys/select.h>
#include <sys/socket.h>
#include <sys/stat.h>
#include <sys/time.h>
#include <sys/types.h>
#include <sys/uio.h>
#include <sys/un.h>
#include <sys/xattr.h>
#include <alloca.h>
#include <arpa/inet.h>
#include <arpa/tftp.h>
#include <assert.h>
#include <err.h>
#include <errno.h>
#include <fcntl.h>
#include <idn2.h>
#include <ifaddrs.h>
#include <libgen.h>
#include <locale.h>
#include <net/if.h>
#include <netdb.h>
#include <netinet/in.h>
#include <netinet/tcp.h>
#include <poll.h>
#include <pwd.h>
#include <setjmp.h>
#include <sgtty.h>
#include <signal.h>
#include <stdbool.h>
#include <stdint.h>
#include <stdio.h>
#include <stdlib.h>
#include <string.h>
#include <strings.h>
#include <stropts.h>
#include <termio.h>
#include <termios.h>
#include <time.h>
#include <unistd.h>
#include <utime.h>
#include <stddef.h>
#include <dlfcn.h>
#include <malloc.h>
#include <memory.h>
#include <netinet/if_ether.h>
#include <stdint.h>
#include <sockio.h>


int main(void){return 0;}

Determining if the stricmp exist failed with the following output:
Change Dir: /home/turquoisekitty/download/cmake3_20/cmake-3.20.1/CMakeFiles/CMakeTmp

Run Build Command(s):/usr/bin/make -f Makefile cmTC_1c370/fast && make  -f CMakeFiles/cmTC_1c370.dir/build.make CMakeFiles/cmTC_1c370.dir/build
make[1]: Entering directory '/home/turquoisekitty/download/cmake3_20/cmake-3.20.1/CMakeFiles/CMakeTmp'
Building C object CMakeFiles/cmTC_1c370.dir/CheckSymbolExists.c.o
/usr/bin/gcc   -w  -std=gnu11 -o CMakeFiles/cmTC_1c370.dir/CheckSymbolExists.c.o -c /home/turquoisekitty/download/cmake3_20/cmake-3.20.1/CMakeFiles/CMakeTmp/CheckSymbolExists.c
/home/turquoisekitty/download/cmake3_20/cmake-3.20.1/CMakeFiles/CMakeTmp/CheckSymbolExists.c: In function ‘main’:
/home/turquoisekitty/download/cmake3_20/cmake-3.20.1/CMakeFiles/CMakeTmp/CheckSymbolExists.c:60:19: error: ‘stricmp’ undeclared (first use in this function); did you mean ‘strncmp’?
   return ((int*)(&stricmp))[argc];
                   ^~~~~~~
                   strncmp
/home/turquoisekitty/download/cmake3_20/cmake-3.20.1/CMakeFiles/CMakeTmp/CheckSymbolExists.c:60:19: note: each undeclared identifier is reported only once for each function it appears in
CMakeFiles/cmTC_1c370.dir/build.make:77: recipe for target 'CMakeFiles/cmTC_1c370.dir/CheckSymbolExists.c.o' failed
make[1]: *** [CMakeFiles/cmTC_1c370.dir/CheckSymbolExists.c.o] Error 1
make[1]: Leaving directory '/home/turquoisekitty/download/cmake3_20/cmake-3.20.1/CMakeFiles/CMakeTmp'
Makefile:127: recipe for target 'cmTC_1c370/fast' failed
make: *** [cmTC_1c370/fast] Error 2


File /home/turquoisekitty/download/cmake3_20/cmake-3.20.1/CMakeFiles/CMakeTmp/CheckSymbolExists.c:
/* */
#include <stdio.h>
#include <inttypes.h>
#include <sys/ioctl.h>
#include <sys/param.h>
#include <sys/poll.h>
#include <sys/resource.h>
#include <sys/select.h>
#include <sys/socket.h>
#include <sys/stat.h>
#include <sys/time.h>
#include <sys/types.h>
#include <sys/uio.h>
#include <sys/un.h>
#include <sys/xattr.h>
#include <alloca.h>
#include <arpa/inet.h>
#include <arpa/tftp.h>
#include <assert.h>
#include <err.h>
#include <errno.h>
#include <fcntl.h>
#include <idn2.h>
#include <ifaddrs.h>
#include <libgen.h>
#include <locale.h>
#include <net/if.h>
#include <netdb.h>
#include <netinet/in.h>
#include <netinet/tcp.h>
#include <poll.h>
#include <pwd.h>
#include <setjmp.h>
#include <sgtty.h>
#include <signal.h>
#include <stdbool.h>
#include <stdint.h>
#include <stdio.h>
#include <stdlib.h>
#include <string.h>
#include <strings.h>
#include <stropts.h>
#include <termio.h>
#include <termios.h>
#include <time.h>
#include <unistd.h>
#include <utime.h>
#include <stddef.h>
#include <dlfcn.h>
#include <malloc.h>
#include <memory.h>
#include <netinet/if_ether.h>
#include <stdint.h>
#include <sys/utsname.h>

int main(int argc, char** argv)
{
  (void)argv;
#ifndef stricmp
  return ((int*)(&stricmp))[argc];
#else
  (void)argc;
  return 0;
#endif
}
Determining if the strcmpi exist failed with the following output:
Change Dir: /home/turquoisekitty/download/cmake3_20/cmake-3.20.1/CMakeFiles/CMakeTmp

Run Build Command(s):/usr/bin/make -f Makefile cmTC_e4db8/fast && make  -f CMakeFiles/cmTC_e4db8.dir/build.make CMakeFiles/cmTC_e4db8.dir/build
make[1]: Entering directory '/home/turquoisekitty/download/cmake3_20/cmake-3.20.1/CMakeFiles/CMakeTmp'
Building C object CMakeFiles/cmTC_e4db8.dir/CheckSymbolExists.c.o
/usr/bin/gcc   -w  -std=gnu11 -o CMakeFiles/cmTC_e4db8.dir/CheckSymbolExists.c.o -c /home/turquoisekitty/download/cmake3_20/cmake-3.20.1/CMakeFiles/CMakeTmp/CheckSymbolExists.c
/home/turquoisekitty/download/cmake3_20/cmake-3.20.1/CMakeFiles/CMakeTmp/CheckSymbolExists.c: In function ‘main’:
/home/turquoisekitty/download/cmake3_20/cmake-3.20.1/CMakeFiles/CMakeTmp/CheckSymbolExists.c:60:19: error: ‘strcmpi’ undeclared (first use in this function); did you mean ‘strcmp’?
   return ((int*)(&strcmpi))[argc];
                   ^~~~~~~
                   strcmp
/home/turquoisekitty/download/cmake3_20/cmake-3.20.1/CMakeFiles/CMakeTmp/CheckSymbolExists.c:60:19: note: each undeclared identifier is reported only once for each function it appears in
CMakeFiles/cmTC_e4db8.dir/build.make:77: recipe for target 'CMakeFiles/cmTC_e4db8.dir/CheckSymbolExists.c.o' failed
make[1]: *** [CMakeFiles/cmTC_e4db8.dir/CheckSymbolExists.c.o] Error 1
make[1]: Leaving directory '/home/turquoisekitty/download/cmake3_20/cmake-3.20.1/CMakeFiles/CMakeTmp'
Makefile:127: recipe for target 'cmTC_e4db8/fast' failed
make: *** [cmTC_e4db8/fast] Error 2


File /home/turquoisekitty/download/cmake3_20/cmake-3.20.1/CMakeFiles/CMakeTmp/CheckSymbolExists.c:
/* */
#include <stdio.h>
#include <inttypes.h>
#include <sys/ioctl.h>
#include <sys/param.h>
#include <sys/poll.h>
#include <sys/resource.h>
#include <sys/select.h>
#include <sys/socket.h>
#include <sys/stat.h>
#include <sys/time.h>
#include <sys/types.h>
#include <sys/uio.h>
#include <sys/un.h>
#include <sys/xattr.h>
#include <alloca.h>
#include <arpa/inet.h>
#include <arpa/tftp.h>
#include <assert.h>
#include <err.h>
#include <errno.h>
#include <fcntl.h>
#include <idn2.h>
#include <ifaddrs.h>
#include <libgen.h>
#include <locale.h>
#include <net/if.h>
#include <netdb.h>
#include <netinet/in.h>
#include <netinet/tcp.h>
#include <poll.h>
#include <pwd.h>
#include <setjmp.h>
#include <sgtty.h>
#include <signal.h>
#include <stdbool.h>
#include <stdint.h>
#include <stdio.h>
#include <stdlib.h>
#include <string.h>
#include <strings.h>
#include <stropts.h>
#include <termio.h>
#include <termios.h>
#include <time.h>
#include <unistd.h>
#include <utime.h>
#include <stddef.h>
#include <dlfcn.h>
#include <malloc.h>
#include <memory.h>
#include <netinet/if_ether.h>
#include <stdint.h>
#include <sys/utsname.h>

int main(int argc, char** argv)
{
  (void)argv;
#ifndef strcmpi
  return ((int*)(&strcmpi))[argc];
#else
  (void)argc;
  return 0;
#endif
}
Determining if the strncmpi exist failed with the following output:
Change Dir: /home/turquoisekitty/download/cmake3_20/cmake-3.20.1/CMakeFiles/CMakeTmp

Run Build Command(s):/usr/bin/make -f Makefile cmTC_1d781/fast && make  -f CMakeFiles/cmTC_1d781.dir/build.make CMakeFiles/cmTC_1d781.dir/build
make[1]: Entering directory '/home/turquoisekitty/download/cmake3_20/cmake-3.20.1/CMakeFiles/CMakeTmp'
Building C object CMakeFiles/cmTC_1d781.dir/CheckSymbolExists.c.o
/usr/bin/gcc   -w  -std=gnu11 -o CMakeFiles/cmTC_1d781.dir/CheckSymbolExists.c.o -c /home/turquoisekitty/download/cmake3_20/cmake-3.20.1/CMakeFiles/CMakeTmp/CheckSymbolExists.c
/home/turquoisekitty/download/cmake3_20/cmake-3.20.1/CMakeFiles/CMakeTmp/CheckSymbolExists.c: In function ‘main’:
/home/turquoisekitty/download/cmake3_20/cmake-3.20.1/CMakeFiles/CMakeTmp/CheckSymbolExists.c:60:19: error: ‘strncmpi’ undeclared (first use in this function); did you mean ‘strncmp’?
   return ((int*)(&strncmpi))[argc];
                   ^~~~~~~~
                   strncmp
/home/turquoisekitty/download/cmake3_20/cmake-3.20.1/CMakeFiles/CMakeTmp/CheckSymbolExists.c:60:19: note: each undeclared identifier is reported only once for each function it appears in
CMakeFiles/cmTC_1d781.dir/build.make:77: recipe for target 'CMakeFiles/cmTC_1d781.dir/CheckSymbolExists.c.o' failed
make[1]: *** [CMakeFiles/cmTC_1d781.dir/CheckSymbolExists.c.o] Error 1
make[1]: Leaving directory '/home/turquoisekitty/download/cmake3_20/cmake-3.20.1/CMakeFiles/CMakeTmp'
Makefile:127: recipe for target 'cmTC_1d781/fast' failed
make: *** [cmTC_1d781/fast] Error 2


File /home/turquoisekitty/download/cmake3_20/cmake-3.20.1/CMakeFiles/CMakeTmp/CheckSymbolExists.c:
/* */
#include <stdio.h>
#include <inttypes.h>
#include <sys/ioctl.h>
#include <sys/param.h>
#include <sys/poll.h>
#include <sys/resource.h>
#include <sys/select.h>
#include <sys/socket.h>
#include <sys/stat.h>
#include <sys/time.h>
#include <sys/types.h>
#include <sys/uio.h>
#include <sys/un.h>
#include <sys/xattr.h>
#include <alloca.h>
#include <arpa/inet.h>
#include <arpa/tftp.h>
#include <assert.h>
#include <err.h>
#include <errno.h>
#include <fcntl.h>
#include <idn2.h>
#include <ifaddrs.h>
#include <libgen.h>
#include <locale.h>
#include <net/if.h>
#include <netdb.h>
#include <netinet/in.h>
#include <netinet/tcp.h>
#include <poll.h>
#include <pwd.h>
#include <setjmp.h>
#include <sgtty.h>
#include <signal.h>
#include <stdbool.h>
#include <stdint.h>
#include <stdio.h>
#include <stdlib.h>
#include <string.h>
#include <strings.h>
#include <stropts.h>
#include <termio.h>
#include <termios.h>
#include <time.h>
#include <unistd.h>
#include <utime.h>
#include <stddef.h>
#include <dlfcn.h>
#include <malloc.h>
#include <memory.h>
#include <netinet/if_ether.h>
#include <stdint.h>
#include <sys/utsname.h>

int main(int argc, char** argv)
{
  (void)argv;
#ifndef strncmpi
  return ((int*)(&strncmpi))[argc];
#else
  (void)argc;
  return 0;
#endif
}
Determining if the inet_ntoa_r exist failed with the following output:
Change Dir: /home/turquoisekitty/download/cmake3_20/cmake-3.20.1/CMakeFiles/CMakeTmp

Run Build Command(s):/usr/bin/make -f Makefile cmTC_b726a/fast && make  -f CMakeFiles/cmTC_b726a.dir/build.make CMakeFiles/cmTC_b726a.dir/build
make[1]: Entering directory '/home/turquoisekitty/download/cmake3_20/cmake-3.20.1/CMakeFiles/CMakeTmp'
Building C object CMakeFiles/cmTC_b726a.dir/CheckSymbolExists.c.o
/usr/bin/gcc   -w  -std=gnu11 -o CMakeFiles/cmTC_b726a.dir/CheckSymbolExists.c.o -c /home/turquoisekitty/download/cmake3_20/cmake-3.20.1/CMakeFiles/CMakeTmp/CheckSymbolExists.c
/home/turquoisekitty/download/cmake3_20/cmake-3.20.1/CMakeFiles/CMakeTmp/CheckSymbolExists.c: In function ‘main’:
/home/turquoisekitty/download/cmake3_20/cmake-3.20.1/CMakeFiles/CMakeTmp/CheckSymbolExists.c:60:19: error: ‘inet_ntoa_r’ undeclared (first use in this function); did you mean ‘inet_ntoa’?
   return ((int*)(&inet_ntoa_r))[argc];
                   ^~~~~~~~~~~
                   inet_ntoa
/home/turquoisekitty/download/cmake3_20/cmake-3.20.1/CMakeFiles/CMakeTmp/CheckSymbolExists.c:60:19: note: each undeclared identifier is reported only once for each function it appears in
CMakeFiles/cmTC_b726a.dir/build.make:77: recipe for target 'CMakeFiles/cmTC_b726a.dir/CheckSymbolExists.c.o' failed
make[1]: *** [CMakeFiles/cmTC_b726a.dir/CheckSymbolExists.c.o] Error 1
make[1]: Leaving directory '/home/turquoisekitty/download/cmake3_20/cmake-3.20.1/CMakeFiles/CMakeTmp'
Makefile:127: recipe for target 'cmTC_b726a/fast' failed
make: *** [cmTC_b726a/fast] Error 2


File /home/turquoisekitty/download/cmake3_20/cmake-3.20.1/CMakeFiles/CMakeTmp/CheckSymbolExists.c:
/* */
#include <stdio.h>
#include <inttypes.h>
#include <sys/ioctl.h>
#include <sys/param.h>
#include <sys/poll.h>
#include <sys/resource.h>
#include <sys/select.h>
#include <sys/socket.h>
#include <sys/stat.h>
#include <sys/time.h>
#include <sys/types.h>
#include <sys/uio.h>
#include <sys/un.h>
#include <sys/xattr.h>
#include <alloca.h>
#include <arpa/inet.h>
#include <arpa/tftp.h>
#include <assert.h>
#include <err.h>
#include <errno.h>
#include <fcntl.h>
#include <idn2.h>
#include <ifaddrs.h>
#include <libgen.h>
#include <locale.h>
#include <net/if.h>
#include <netdb.h>
#include <netinet/in.h>
#include <netinet/tcp.h>
#include <poll.h>
#include <pwd.h>
#include <setjmp.h>
#include <sgtty.h>
#include <signal.h>
#include <stdbool.h>
#include <stdint.h>
#include <stdio.h>
#include <stdlib.h>
#include <string.h>
#include <strings.h>
#include <stropts.h>
#include <termio.h>
#include <termios.h>
#include <time.h>
#include <unistd.h>
#include <utime.h>
#include <stddef.h>
#include <dlfcn.h>
#include <malloc.h>
#include <memory.h>
#include <netinet/if_ether.h>
#include <stdint.h>
#include <sys/utsname.h>

int main(int argc, char** argv)
{
  (void)argv;
#ifndef inet_ntoa_r
  return ((int*)(&inet_ntoa_r))[argc];
#else
  (void)argc;
  return 0;
#endif
}
Determining if the closesocket exist failed with the following output:
Change Dir: /home/turquoisekitty/download/cmake3_20/cmake-3.20.1/CMakeFiles/CMakeTmp

Run Build Command(s):/usr/bin/make -f Makefile cmTC_a9e80/fast && make  -f CMakeFiles/cmTC_a9e80.dir/build.make CMakeFiles/cmTC_a9e80.dir/build
make[1]: Entering directory '/home/turquoisekitty/download/cmake3_20/cmake-3.20.1/CMakeFiles/CMakeTmp'
Building C object CMakeFiles/cmTC_a9e80.dir/CheckSymbolExists.c.o
/usr/bin/gcc   -w  -std=gnu11 -o CMakeFiles/cmTC_a9e80.dir/CheckSymbolExists.c.o -c /home/turquoisekitty/download/cmake3_20/cmake-3.20.1/CMakeFiles/CMakeTmp/CheckSymbolExists.c
/home/turquoisekitty/download/cmake3_20/cmake-3.20.1/CMakeFiles/CMakeTmp/CheckSymbolExists.c: In function ‘main’:
/home/turquoisekitty/download/cmake3_20/cmake-3.20.1/CMakeFiles/CMakeTmp/CheckSymbolExists.c:60:19: error: ‘closesocket’ undeclared (first use in this function); did you mean ‘socket’?
   return ((int*)(&closesocket))[argc];
                   ^~~~~~~~~~~
                   socket
/home/turquoisekitty/download/cmake3_20/cmake-3.20.1/CMakeFiles/CMakeTmp/CheckSymbolExists.c:60:19: note: each undeclared identifier is reported only once for each function it appears in
CMakeFiles/cmTC_a9e80.dir/build.make:77: recipe for target 'CMakeFiles/cmTC_a9e80.dir/CheckSymbolExists.c.o' failed
make[1]: *** [CMakeFiles/cmTC_a9e80.dir/CheckSymbolExists.c.o] Error 1
make[1]: Leaving directory '/home/turquoisekitty/download/cmake3_20/cmake-3.20.1/CMakeFiles/CMakeTmp'
Makefile:127: recipe for target 'cmTC_a9e80/fast' failed
make: *** [cmTC_a9e80/fast] Error 2


File /home/turquoisekitty/download/cmake3_20/cmake-3.20.1/CMakeFiles/CMakeTmp/CheckSymbolExists.c:
/* */
#include <stdio.h>
#include <inttypes.h>
#include <sys/ioctl.h>
#include <sys/param.h>
#include <sys/poll.h>
#include <sys/resource.h>
#include <sys/select.h>
#include <sys/socket.h>
#include <sys/stat.h>
#include <sys/time.h>
#include <sys/types.h>
#include <sys/uio.h>
#include <sys/un.h>
#include <sys/xattr.h>
#include <alloca.h>
#include <arpa/inet.h>
#include <arpa/tftp.h>
#include <assert.h>
#include <err.h>
#include <errno.h>
#include <fcntl.h>
#include <idn2.h>
#include <ifaddrs.h>
#include <libgen.h>
#include <locale.h>
#include <net/if.h>
#include <netdb.h>
#include <netinet/in.h>
#include <netinet/tcp.h>
#include <poll.h>
#include <pwd.h>
#include <setjmp.h>
#include <sgtty.h>
#include <signal.h>
#include <stdbool.h>
#include <stdint.h>
#include <stdio.h>
#include <stdlib.h>
#include <string.h>
#include <strings.h>
#include <stropts.h>
#include <termio.h>
#include <termios.h>
#include <time.h>
#include <unistd.h>
#include <utime.h>
#include <stddef.h>
#include <dlfcn.h>
#include <malloc.h>
#include <memory.h>
#include <netinet/if_ether.h>
#include <stdint.h>
#include <sys/utsname.h>

int main(int argc, char** argv)
{
  (void)argv;
#ifndef closesocket
  return ((int*)(&closesocket))[argc];
#else
  (void)argc;
  return 0;
#endif
}
Determining if the getpass_r exist failed with the following output:
Change Dir: /home/turquoisekitty/download/cmake3_20/cmake-3.20.1/CMakeFiles/CMakeTmp

Run Build Command(s):/usr/bin/make -f Makefile cmTC_3991d/fast && make  -f CMakeFiles/cmTC_3991d.dir/build.make CMakeFiles/cmTC_3991d.dir/build
make[1]: Entering directory '/home/turquoisekitty/download/cmake3_20/cmake-3.20.1/CMakeFiles/CMakeTmp'
Building C object CMakeFiles/cmTC_3991d.dir/CheckSymbolExists.c.o
/usr/bin/gcc   -w  -std=gnu11 -o CMakeFiles/cmTC_3991d.dir/CheckSymbolExists.c.o -c /home/turquoisekitty/download/cmake3_20/cmake-3.20.1/CMakeFiles/CMakeTmp/CheckSymbolExists.c
/home/turquoisekitty/download/cmake3_20/cmake-3.20.1/CMakeFiles/CMakeTmp/CheckSymbolExists.c: In function ‘main’:
/home/turquoisekitty/download/cmake3_20/cmake-3.20.1/CMakeFiles/CMakeTmp/CheckSymbolExists.c:60:19: error: ‘getpass_r’ undeclared (first use in this function); did you mean ‘getpass’?
   return ((int*)(&getpass_r))[argc];
                   ^~~~~~~~~
                   getpass
/home/turquoisekitty/download/cmake3_20/cmake-3.20.1/CMakeFiles/CMakeTmp/CheckSymbolExists.c:60:19: note: each undeclared identifier is reported only once for each function it appears in
CMakeFiles/cmTC_3991d.dir/build.make:77: recipe for target 'CMakeFiles/cmTC_3991d.dir/CheckSymbolExists.c.o' failed
make[1]: *** [CMakeFiles/cmTC_3991d.dir/CheckSymbolExists.c.o] Error 1
make[1]: Leaving directory '/home/turquoisekitty/download/cmake3_20/cmake-3.20.1/CMakeFiles/CMakeTmp'
Makefile:127: recipe for target 'cmTC_3991d/fast' failed
make: *** [cmTC_3991d/fast] Error 2


File /home/turquoisekitty/download/cmake3_20/cmake-3.20.1/CMakeFiles/CMakeTmp/CheckSymbolExists.c:
/* */
#include <stdio.h>
#include <inttypes.h>
#include <sys/ioctl.h>
#include <sys/param.h>
#include <sys/poll.h>
#include <sys/resource.h>
#include <sys/select.h>
#include <sys/socket.h>
#include <sys/stat.h>
#include <sys/time.h>
#include <sys/types.h>
#include <sys/uio.h>
#include <sys/un.h>
#include <sys/xattr.h>
#include <alloca.h>
#include <arpa/inet.h>
#include <arpa/tftp.h>
#include <assert.h>
#include <err.h>
#include <errno.h>
#include <fcntl.h>
#include <idn2.h>
#include <ifaddrs.h>
#include <libgen.h>
#include <locale.h>
#include <net/if.h>
#include <netdb.h>
#include <netinet/in.h>
#include <netinet/tcp.h>
#include <poll.h>
#include <pwd.h>
#include <setjmp.h>
#include <sgtty.h>
#include <signal.h>
#include <stdbool.h>
#include <stdint.h>
#include <stdio.h>
#include <stdlib.h>
#include <string.h>
#include <strings.h>
#include <stropts.h>
#include <termio.h>
#include <termios.h>
#include <time.h>
#include <unistd.h>
#include <utime.h>
#include <stddef.h>
#include <dlfcn.h>
#include <malloc.h>
#include <memory.h>
#include <netinet/if_ether.h>
#include <stdint.h>
#include <sys/utsname.h>

int main(int argc, char** argv)
{
  (void)argv;
#ifndef getpass_r
  return ((int*)(&getpass_r))[argc];
#else
  (void)argc;
  return 0;
#endif
}
Determining if the strlcat exist failed with the following output:
Change Dir: /home/turquoisekitty/download/cmake3_20/cmake-3.20.1/CMakeFiles/CMakeTmp

Run Build Command(s):/usr/bin/make -f Makefile cmTC_9b2aa/fast && make  -f CMakeFiles/cmTC_9b2aa.dir/build.make CMakeFiles/cmTC_9b2aa.dir/build
make[1]: Entering directory '/home/turquoisekitty/download/cmake3_20/cmake-3.20.1/CMakeFiles/CMakeTmp'
Building C object CMakeFiles/cmTC_9b2aa.dir/CheckSymbolExists.c.o
/usr/bin/gcc   -w  -std=gnu11 -o CMakeFiles/cmTC_9b2aa.dir/CheckSymbolExists.c.o -c /home/turquoisekitty/download/cmake3_20/cmake-3.20.1/CMakeFiles/CMakeTmp/CheckSymbolExists.c
/home/turquoisekitty/download/cmake3_20/cmake-3.20.1/CMakeFiles/CMakeTmp/CheckSymbolExists.c: In function ‘main’:
/home/turquoisekitty/download/cmake3_20/cmake-3.20.1/CMakeFiles/CMakeTmp/CheckSymbolExists.c:60:19: error: ‘strlcat’ undeclared (first use in this function); did you mean ‘strncat’?
   return ((int*)(&strlcat))[argc];
                   ^~~~~~~
                   strncat
/home/turquoisekitty/download/cmake3_20/cmake-3.20.1/CMakeFiles/CMakeTmp/CheckSymbolExists.c:60:19: note: each undeclared identifier is reported only once for each function it appears in
CMakeFiles/cmTC_9b2aa.dir/build.make:77: recipe for target 'CMakeFiles/cmTC_9b2aa.dir/CheckSymbolExists.c.o' failed
make[1]: *** [CMakeFiles/cmTC_9b2aa.dir/CheckSymbolExists.c.o] Error 1
make[1]: Leaving directory '/home/turquoisekitty/download/cmake3_20/cmake-3.20.1/CMakeFiles/CMakeTmp'
Makefile:127: recipe for target 'cmTC_9b2aa/fast' failed
make: *** [cmTC_9b2aa/fast] Error 2


File /home/turquoisekitty/download/cmake3_20/cmake-3.20.1/CMakeFiles/CMakeTmp/CheckSymbolExists.c:
/* */
#include <stdio.h>
#include <inttypes.h>
#include <sys/ioctl.h>
#include <sys/param.h>
#include <sys/poll.h>
#include <sys/resource.h>
#include <sys/select.h>
#include <sys/socket.h>
#include <sys/stat.h>
#include <sys/time.h>
#include <sys/types.h>
#include <sys/uio.h>
#include <sys/un.h>
#include <sys/xattr.h>
#include <alloca.h>
#include <arpa/inet.h>
#include <arpa/tftp.h>
#include <assert.h>
#include <err.h>
#include <errno.h>
#include <fcntl.h>
#include <idn2.h>
#include <ifaddrs.h>
#include <libgen.h>
#include <locale.h>
#include <net/if.h>
#include <netdb.h>
#include <netinet/in.h>
#include <netinet/tcp.h>
#include <poll.h>
#include <pwd.h>
#include <setjmp.h>
#include <sgtty.h>
#include <signal.h>
#include <stdbool.h>
#include <stdint.h>
#include <stdio.h>
#include <stdlib.h>
#include <string.h>
#include <strings.h>
#include <stropts.h>
#include <termio.h>
#include <termios.h>
#include <time.h>
#include <unistd.h>
#include <utime.h>
#include <stddef.h>
#include <dlfcn.h>
#include <malloc.h>
#include <memory.h>
#include <netinet/if_ether.h>
#include <stdint.h>
#include <sys/utsname.h>

int main(int argc, char** argv)
{
  (void)argv;
#ifndef strlcat
  return ((int*)(&strlcat))[argc];
#else
  (void)argc;
  return 0;
#endif
}
Determining if the _strtoi64 exist failed with the following output:
Change Dir: /home/turquoisekitty/download/cmake3_20/cmake-3.20.1/CMakeFiles/CMakeTmp

Run Build Command(s):/usr/bin/make -f Makefile cmTC_ecf2c/fast && make  -f CMakeFiles/cmTC_ecf2c.dir/build.make CMakeFiles/cmTC_ecf2c.dir/build
make[1]: Entering directory '/home/turquoisekitty/download/cmake3_20/cmake-3.20.1/CMakeFiles/CMakeTmp'
Building C object CMakeFiles/cmTC_ecf2c.dir/CheckSymbolExists.c.o
/usr/bin/gcc   -w  -std=gnu11 -o CMakeFiles/cmTC_ecf2c.dir/CheckSymbolExists.c.o -c /home/turquoisekitty/download/cmake3_20/cmake-3.20.1/CMakeFiles/CMakeTmp/CheckSymbolExists.c
/home/turquoisekitty/download/cmake3_20/cmake-3.20.1/CMakeFiles/CMakeTmp/CheckSymbolExists.c: In function ‘main’:
/home/turquoisekitty/download/cmake3_20/cmake-3.20.1/CMakeFiles/CMakeTmp/CheckSymbolExists.c:60:19: error: ‘_strtoi64’ undeclared (first use in this function); did you mean ‘strtoull’?
   return ((int*)(&_strtoi64))[argc];
                   ^~~~~~~~~
                   strtoull
/home/turquoisekitty/download/cmake3_20/cmake-3.20.1/CMakeFiles/CMakeTmp/CheckSymbolExists.c:60:19: note: each undeclared identifier is reported only once for each function it appears in
CMakeFiles/cmTC_ecf2c.dir/build.make:77: recipe for target 'CMakeFiles/cmTC_ecf2c.dir/CheckSymbolExists.c.o' failed
make[1]: *** [CMakeFiles/cmTC_ecf2c.dir/CheckSymbolExists.c.o] Error 1
make[1]: Leaving directory '/home/turquoisekitty/download/cmake3_20/cmake-3.20.1/CMakeFiles/CMakeTmp'
Makefile:127: recipe for target 'cmTC_ecf2c/fast' failed
make: *** [cmTC_ecf2c/fast] Error 2


File /home/turquoisekitty/download/cmake3_20/cmake-3.20.1/CMakeFiles/CMakeTmp/CheckSymbolExists.c:
/* */
#include <stdio.h>
#include <inttypes.h>
#include <sys/ioctl.h>
#include <sys/param.h>
#include <sys/poll.h>
#include <sys/resource.h>
#include <sys/select.h>
#include <sys/socket.h>
#include <sys/stat.h>
#include <sys/time.h>
#include <sys/types.h>
#include <sys/uio.h>
#include <sys/un.h>
#include <sys/xattr.h>
#include <alloca.h>
#include <arpa/inet.h>
#include <arpa/tftp.h>
#include <assert.h>
#include <err.h>
#include <errno.h>
#include <fcntl.h>
#include <idn2.h>
#include <ifaddrs.h>
#include <libgen.h>
#include <locale.h>
#include <net/if.h>
#include <netdb.h>
#include <netinet/in.h>
#include <netinet/tcp.h>
#include <poll.h>
#include <pwd.h>
#include <setjmp.h>
#include <sgtty.h>
#include <signal.h>
#include <stdbool.h>
#include <stdint.h>
#include <stdio.h>
#include <stdlib.h>
#include <string.h>
#include <strings.h>
#include <stropts.h>
#include <termio.h>
#include <termios.h>
#include <time.h>
#include <unistd.h>
#include <utime.h>
#include <stddef.h>
#include <dlfcn.h>
#include <malloc.h>
#include <memory.h>
#include <netinet/if_ether.h>
#include <stdint.h>
#include <sys/utsname.h>

int main(int argc, char** argv)
{
  (void)argv;
#ifndef _strtoi64
  return ((int*)(&_strtoi64))[argc];
#else
  (void)argc;
  return 0;
#endif
}
Determining if the setmode exist failed with the following output:
Change Dir: /home/turquoisekitty/download/cmake3_20/cmake-3.20.1/CMakeFiles/CMakeTmp

Run Build Command(s):/usr/bin/make -f Makefile cmTC_9577c/fast && make  -f CMakeFiles/cmTC_9577c.dir/build.make CMakeFiles/cmTC_9577c.dir/build
make[1]: Entering directory '/home/turquoisekitty/download/cmake3_20/cmake-3.20.1/CMakeFiles/CMakeTmp'
Building C object CMakeFiles/cmTC_9577c.dir/CheckSymbolExists.c.o
/usr/bin/gcc   -w  -std=gnu11 -o CMakeFiles/cmTC_9577c.dir/CheckSymbolExists.c.o -c /home/turquoisekitty/download/cmake3_20/cmake-3.20.1/CMakeFiles/CMakeTmp/CheckSymbolExists.c
/home/turquoisekitty/download/cmake3_20/cmake-3.20.1/CMakeFiles/CMakeTmp/CheckSymbolExists.c: In function ‘main’:
/home/turquoisekitty/download/cmake3_20/cmake-3.20.1/CMakeFiles/CMakeTmp/CheckSymbolExists.c:60:19: error: ‘setmode’ undeclared (first use in this function); did you mean ‘setgid’?
   return ((int*)(&setmode))[argc];
                   ^~~~~~~
                   setgid
/home/turquoisekitty/download/cmake3_20/cmake-3.20.1/CMakeFiles/CMakeTmp/CheckSymbolExists.c:60:19: note: each undeclared identifier is reported only once for each function it appears in
CMakeFiles/cmTC_9577c.dir/build.make:77: recipe for target 'CMakeFiles/cmTC_9577c.dir/CheckSymbolExists.c.o' failed
make[1]: *** [CMakeFiles/cmTC_9577c.dir/CheckSymbolExists.c.o] Error 1
make[1]: Leaving directory '/home/turquoisekitty/download/cmake3_20/cmake-3.20.1/CMakeFiles/CMakeTmp'
Makefile:127: recipe for target 'cmTC_9577c/fast' failed
make: *** [cmTC_9577c/fast] Error 2


File /home/turquoisekitty/download/cmake3_20/cmake-3.20.1/CMakeFiles/CMakeTmp/CheckSymbolExists.c:
/* */
#include <stdio.h>
#include <inttypes.h>
#include <sys/ioctl.h>
#include <sys/param.h>
#include <sys/poll.h>
#include <sys/resource.h>
#include <sys/select.h>
#include <sys/socket.h>
#include <sys/stat.h>
#include <sys/time.h>
#include <sys/types.h>
#include <sys/uio.h>
#include <sys/un.h>
#include <sys/xattr.h>
#include <alloca.h>
#include <arpa/inet.h>
#include <arpa/tftp.h>
#include <assert.h>
#include <err.h>
#include <errno.h>
#include <fcntl.h>
#include <idn2.h>
#include <ifaddrs.h>
#include <libgen.h>
#include <locale.h>
#include <net/if.h>
#include <netdb.h>
#include <netinet/in.h>
#include <netinet/tcp.h>
#include <poll.h>
#include <pwd.h>
#include <setjmp.h>
#include <sgtty.h>
#include <signal.h>
#include <stdbool.h>
#include <stdint.h>
#include <stdio.h>
#include <stdlib.h>
#include <string.h>
#include <strings.h>
#include <stropts.h>
#include <termio.h>
#include <termios.h>
#include <time.h>
#include <unistd.h>
#include <utime.h>
#include <stddef.h>
#include <dlfcn.h>
#include <malloc.h>
#include <memory.h>
#include <netinet/if_ether.h>
#include <stdint.h>
#include <sys/utsname.h>

int main(int argc, char** argv)
{
  (void)argv;
#ifndef setmode
  return ((int*)(&setmode))[argc];
#else
  (void)argc;
  return 0;
#endif
}
Determining if the function mach_absolute_time exists failed with the following output:
Change Dir: /home/turquoisekitty/download/cmake3_20/cmake-3.20.1/CMakeFiles/CMakeTmp

Run Build Command(s):/usr/bin/make -f Makefile cmTC_9df79/fast && make  -f CMakeFiles/cmTC_9df79.dir/build.make CMakeFiles/cmTC_9df79.dir/build
make[1]: Entering directory '/home/turquoisekitty/download/cmake3_20/cmake-3.20.1/CMakeFiles/CMakeTmp'
Building C object CMakeFiles/cmTC_9df79.dir/CheckFunctionExists.c.o
/usr/bin/gcc   -w -DCHECK_FUNCTION_EXISTS=mach_absolute_time -std=gnu11 -o CMakeFiles/cmTC_9df79.dir/CheckFunctionExists.c.o -c /home/turquoisekitty/download/cmake3_20/cmake-3.20.1/Modules/CheckFunctionExists.c
Linking C executable cmTC_9df79
/home/turquoisekitty/download/cmake3_20/cmake-3.20.1/Bootstrap.cmk/cmake -E cmake_link_script CMakeFiles/cmTC_9df79.dir/link.txt --verbose=1
/usr/bin/gcc  -w -DCHECK_FUNCTION_EXISTS=mach_absolute_time CMakeFiles/cmTC_9df79.dir/CheckFunctionExists.c.o -o cmTC_9df79 
CMakeFiles/cmTC_9df79.dir/CheckFunctionExists.c.o: In function `main':
CheckFunctionExists.c:(.text+0x10): undefined reference to `mach_absolute_time'
collect2: error: ld returned 1 exit status
CMakeFiles/cmTC_9df79.dir/build.make:98: recipe for target 'cmTC_9df79' failed
make[1]: *** [cmTC_9df79] Error 1
make[1]: Leaving directory '/home/turquoisekitty/download/cmake3_20/cmake-3.20.1/CMakeFiles/CMakeTmp'
Makefile:127: recipe for target 'cmTC_9df79/fast' failed
make: *** [cmTC_9df79/fast] Error 2



Performing Curl Test HAVE_FSETXATTR_6 failed with the following output:
Change Dir: /home/turquoisekitty/download/cmake3_20/cmake-3.20.1/CMakeFiles/CMakeTmp

Run Build Command(s):/usr/bin/make -f Makefile cmTC_43ca6/fast && make  -f CMakeFiles/cmTC_43ca6.dir/build.make CMakeFiles/cmTC_43ca6.dir/build
make[1]: Entering directory '/home/turquoisekitty/download/cmake3_20/cmake-3.20.1/CMakeFiles/CMakeTmp'
Building C object CMakeFiles/cmTC_43ca6.dir/CurlTests.c.o
/usr/bin/gcc   -w -DHAVE_FSETXATTR_6  -DHAVE_STDIO_H -DHAVE_INTTYPES_H -DHAVE_SYS_IOCTL_H -DHAVE_SYS_PARAM_H -DHAVE_SYS_POLL_H -DHAVE_SYS_RESOURCE_H -DHAVE_SYS_SELECT_H -DHAVE_SYS_SOCKET_H -DHAVE_SYS_STAT_H -DHAVE_SYS_TIME_H -DHAVE_SYS_TYPES_H -DHAVE_SYS_UIO_H -DHAVE_SYS_UN_H -DHAVE_SYS_XATTR_H -DHAVE_ALLOCA_H -DHAVE_ARPA_INET_H -DHAVE_ARPA_TFTP_H -DHAVE_ASSERT_H -DHAVE_ERR_H -DHAVE_ERRNO_H -DHAVE_FCNTL_H -DHAVE_IDN2_H -DHAVE_IFADDRS_H -DHAVE_LIBGEN_H -DHAVE_LOCALE_H -DHAVE_NET_IF_H -DHAVE_NETDB_H -DHAVE_NETINET_IN_H -DHAVE_NETINET_TCP_H -DHAVE_POLL_H -DHAVE_PWD_H -DHAVE_SETJMP_H -DHAVE_SGTTY_H -DHAVE_SIGNAL_H -DHAVE_STDBOOL_H -DHAVE_STDINT_H -DHAVE_STDIO_H -DHAVE_STDLIB_H -DHAVE_STRING_H -DHAVE_STRINGS_H -DHAVE_STROPTS_H -DHAVE_TERMIO_H -DHAVE_TERMIOS_H -DHAVE_TIME_H -DHAVE_UNISTD_H -DHAVE_UTIME_H -DHAVE_STDDEF_H -DHAVE_DLFCN_H -DHAVE_MALLOC_H -DHAVE_MEMORY_H -DHAVE_NETINET_IF_ETHER_H -DHAVE_STDINT_H -DHAVE_SYS_UTSNAME_H -std=gnu11 -o CMakeFiles/cmTC_43ca6.dir/CurlTests.c.o -c /home/turquoisekitty/download/cmake3_20/cmake-3.20.1/Utilities/cmcurl/CMake/CurlTests.c
/home/turquoisekitty/download/cmake3_20/cmake-3.20.1/Utilities/cmcurl/CMake/CurlTests.c: In function ‘main’:
/home/turquoisekitty/download/cmake3_20/cmake-3.20.1/Utilities/cmcurl/CMake/CurlTests.c:544:3: error: too many arguments to function ‘fsetxattr’
   fsetxattr(0, 0, 0, 0, 0, 0);
   ^~~~~~~~~
In file included from /home/turquoisekitty/download/cmake3_20/cmake-3.20.1/Utilities/cmcurl/CMake/CurlTests.c:541:
/usr/include/x86_64-linux-gnu/sys/xattr.h:54:12: note: declared here
 extern int fsetxattr (int __fd, const char *__name, const void *__value,
            ^~~~~~~~~
CMakeFiles/cmTC_43ca6.dir/build.make:77: recipe for target 'CMakeFiles/cmTC_43ca6.dir/CurlTests.c.o' failed
make[1]: *** [CMakeFiles/cmTC_43ca6.dir/CurlTests.c.o] Error 1
make[1]: Leaving directory '/home/turquoisekitty/download/cmake3_20/cmake-3.20.1/CMakeFiles/CMakeTmp'
Makefile:127: recipe for target 'cmTC_43ca6/fast' failed
make: *** [cmTC_43ca6/fast] Error 2


Performing Curl Test HAVE_IOCTLSOCKET failed with the following output:
Change Dir: /home/turquoisekitty/download/cmake3_20/cmake-3.20.1/CMakeFiles/CMakeTmp

Run Build Command(s):/usr/bin/make -f Makefile cmTC_2a63a/fast && make  -f CMakeFiles/cmTC_2a63a.dir/build.make CMakeFiles/cmTC_2a63a.dir/build
make[1]: Entering directory '/home/turquoisekitty/download/cmake3_20/cmake-3.20.1/CMakeFiles/CMakeTmp'
Building C object CMakeFiles/cmTC_2a63a.dir/CurlTests.c.o
/usr/bin/gcc   -w -DHAVE_IOCTLSOCKET  -DHAVE_STDIO_H -DHAVE_INTTYPES_H -DHAVE_SYS_IOCTL_H -DHAVE_SYS_PARAM_H -DHAVE_SYS_POLL_H -DHAVE_SYS_RESOURCE_H -DHAVE_SYS_SELECT_H -DHAVE_SYS_SOCKET_H -DHAVE_SYS_STAT_H -DHAVE_SYS_TIME_H -DHAVE_SYS_TYPES_H -DHAVE_SYS_UIO_H -DHAVE_SYS_UN_H -DHAVE_SYS_XATTR_H -DHAVE_ALLOCA_H -DHAVE_ARPA_INET_H -DHAVE_ARPA_TFTP_H -DHAVE_ASSERT_H -DHAVE_ERR_H -DHAVE_ERRNO_H -DHAVE_FCNTL_H -DHAVE_IDN2_H -DHAVE_IFADDRS_H -DHAVE_LIBGEN_H -DHAVE_LOCALE_H -DHAVE_NET_IF_H -DHAVE_NETDB_H -DHAVE_NETINET_IN_H -DHAVE_NETINET_TCP_H -DHAVE_POLL_H -DHAVE_PWD_H -DHAVE_SETJMP_H -DHAVE_SGTTY_H -DHAVE_SIGNAL_H -DHAVE_STDBOOL_H -DHAVE_STDINT_H -DHAVE_STDIO_H -DHAVE_STDLIB_H -DHAVE_STRING_H -DHAVE_STRINGS_H -DHAVE_STROPTS_H -DHAVE_TERMIO_H -DHAVE_TERMIOS_H -DHAVE_TIME_H -DHAVE_UNISTD_H -DHAVE_UTIME_H -DHAVE_STDDEF_H -DHAVE_DLFCN_H -DHAVE_MALLOC_H -DHAVE_MEMORY_H -DHAVE_NETINET_IF_ETHER_H -DHAVE_STDINT_H -DHAVE_SYS_UTSNAME_H -std=gnu11 -o CMakeFiles/cmTC_2a63a.dir/CurlTests.c.o -c /home/turquoisekitty/download/cmake3_20/cmake-3.20.1/Utilities/cmcurl/CMake/CurlTests.c
/home/turquoisekitty/download/cmake3_20/cmake-3.20.1/Utilities/cmcurl/CMake/CurlTests.c: In function ‘main’:
/home/turquoisekitty/download/cmake3_20/cmake-3.20.1/Utilities/cmcurl/CMake/CurlTests.c:326:44: error: ‘FIONBIO’ undeclared (first use in this function)
  unsigned long flags = ioctlsocket(socket, FIONBIO, &flags);
                                            ^~~~~~~
/home/turquoisekitty/download/cmake3_20/cmake-3.20.1/Utilities/cmcurl/CMake/CurlTests.c:326:44: note: each undeclared identifier is reported only once for each function it appears in
CMakeFiles/cmTC_2a63a.dir/build.make:77: recipe for target 'CMakeFiles/cmTC_2a63a.dir/CurlTests.c.o' failed
make[1]: *** [CMakeFiles/cmTC_2a63a.dir/CurlTests.c.o] Error 1
make[1]: Leaving directory '/home/turquoisekitty/download/cmake3_20/cmake-3.20.1/CMakeFiles/CMakeTmp'
Makefile:127: recipe for target 'cmTC_2a63a/fast' failed
make: *** [cmTC_2a63a/fast] Error 2


Performing Curl Test HAVE_IOCTLSOCKET_CAMEL failed with the following output:
Change Dir: /home/turquoisekitty/download/cmake3_20/cmake-3.20.1/CMakeFiles/CMakeTmp

Run Build Command(s):/usr/bin/make -f Makefile cmTC_6580c/fast && make  -f CMakeFiles/cmTC_6580c.dir/build.make CMakeFiles/cmTC_6580c.dir/build
make[1]: Entering directory '/home/turquoisekitty/download/cmake3_20/cmake-3.20.1/CMakeFiles/CMakeTmp'
Building C object CMakeFiles/cmTC_6580c.dir/CurlTests.c.o
/usr/bin/gcc   -w -DHAVE_IOCTLSOCKET_CAMEL  -DHAVE_STDIO_H -DHAVE_INTTYPES_H -DHAVE_SYS_IOCTL_H -DHAVE_SYS_PARAM_H -DHAVE_SYS_POLL_H -DHAVE_SYS_RESOURCE_H -DHAVE_SYS_SELECT_H -DHAVE_SYS_SOCKET_H -DHAVE_SYS_STAT_H -DHAVE_SYS_TIME_H -DHAVE_SYS_TYPES_H -DHAVE_SYS_UIO_H -DHAVE_SYS_UN_H -DHAVE_SYS_XATTR_H -DHAVE_ALLOCA_H -DHAVE_ARPA_INET_H -DHAVE_ARPA_TFTP_H -DHAVE_ASSERT_H -DHAVE_ERR_H -DHAVE_ERRNO_H -DHAVE_FCNTL_H -DHAVE_IDN2_H -DHAVE_IFADDRS_H -DHAVE_LIBGEN_H -DHAVE_LOCALE_H -DHAVE_NET_IF_H -DHAVE_NETDB_H -DHAVE_NETINET_IN_H -DHAVE_NETINET_TCP_H -DHAVE_POLL_H -DHAVE_PWD_H -DHAVE_SETJMP_H -DHAVE_SGTTY_H -DHAVE_SIGNAL_H -DHAVE_STDBOOL_H -DHAVE_STDINT_H -DHAVE_STDIO_H -DHAVE_STDLIB_H -DHAVE_STRING_H -DHAVE_STRINGS_H -DHAVE_STROPTS_H -DHAVE_TERMIO_H -DHAVE_TERMIOS_H -DHAVE_TIME_H -DHAVE_UNISTD_H -DHAVE_UTIME_H -DHAVE_STDDEF_H -DHAVE_DLFCN_H -DHAVE_MALLOC_H -DHAVE_MEMORY_H -DHAVE_NETINET_IF_ETHER_H -DHAVE_STDINT_H -DHAVE_SYS_UTSNAME_H -std=gnu11 -o CMakeFiles/cmTC_6580c.dir/CurlTests.c.o -c /home/turquoisekitty/download/cmake3_20/cmake-3.20.1/Utilities/cmcurl/CMake/CurlTests.c
Linking C executable cmTC_6580c
/home/turquoisekitty/download/cmake3_20/cmake-3.20.1/Bootstrap.cmk/cmake -E cmake_link_script CMakeFiles/cmTC_6580c.dir/link.txt --verbose=1
/usr/bin/gcc  -w -DHAVE_IOCTLSOCKET_CAMEL  -DHAVE_STDIO_H -DHAVE_INTTYPES_H -DHAVE_SYS_IOCTL_H -DHAVE_SYS_PARAM_H -DHAVE_SYS_POLL_H -DHAVE_SYS_RESOURCE_H -DHAVE_SYS_SELECT_H -DHAVE_SYS_SOCKET_H -DHAVE_SYS_STAT_H -DHAVE_SYS_TIME_H -DHAVE_SYS_TYPES_H -DHAVE_SYS_UIO_H -DHAVE_SYS_UN_H -DHAVE_SYS_XATTR_H -DHAVE_ALLOCA_H -DHAVE_ARPA_INET_H -DHAVE_ARPA_TFTP_H -DHAVE_ASSERT_H -DHAVE_ERR_H -DHAVE_ERRNO_H -DHAVE_FCNTL_H -DHAVE_IDN2_H -DHAVE_IFADDRS_H -DHAVE_LIBGEN_H -DHAVE_LOCALE_H -DHAVE_NET_IF_H -DHAVE_NETDB_H -DHAVE_NETINET_IN_H -DHAVE_NETINET_TCP_H -DHAVE_POLL_H -DHAVE_PWD_H -DHAVE_SETJMP_H -DHAVE_SGTTY_H -DHAVE_SIGNAL_H -DHAVE_STDBOOL_H -DHAVE_STDINT_H -DHAVE_STDIO_H -DHAVE_STDLIB_H -DHAVE_STRING_H -DHAVE_STRINGS_H -DHAVE_STROPTS_H -DHAVE_TERMIO_H -DHAVE_TERMIOS_H -DHAVE_TIME_H -DHAVE_UNISTD_H -DHAVE_UTIME_H -DHAVE_STDDEF_H -DHAVE_DLFCN_H -DHAVE_MALLOC_H -DHAVE_MEMORY_H -DHAVE_NETINET_IF_ETHER_H -DHAVE_STDINT_H -DHAVE_SYS_UTSNAME_H CMakeFiles/cmTC_6580c.dir/CurlTests.c.o -o cmTC_6580c 
CMakeFiles/cmTC_6580c.dir/CurlTests.c.o: In function `main':
CurlTests.c:(.text+0x19): undefined reference to `IoctlSocket'
collect2: error: ld returned 1 exit status
CMakeFiles/cmTC_6580c.dir/build.make:98: recipe for target 'cmTC_6580c' failed
make[1]: *** [cmTC_6580c] Error 1
make[1]: Leaving directory '/home/turquoisekitty/download/cmake3_20/cmake-3.20.1/CMakeFiles/CMakeTmp'
Makefile:127: recipe for target 'cmTC_6580c/fast' failed
make: *** [cmTC_6580c/fast] Error 2


Performing Curl Test HAVE_IOCTLSOCKET_CAMEL_FIONBIO failed with the following output:
Change Dir: /home/turquoisekitty/download/cmake3_20/cmake-3.20.1/CMakeFiles/CMakeTmp

Run Build Command(s):/usr/bin/make -f Makefile cmTC_0a7a9/fast && make  -f CMakeFiles/cmTC_0a7a9.dir/build.make CMakeFiles/cmTC_0a7a9.dir/build
make[1]: Entering directory '/home/turquoisekitty/download/cmake3_20/cmake-3.20.1/CMakeFiles/CMakeTmp'
Building C object CMakeFiles/cmTC_0a7a9.dir/CurlTests.c.o
/usr/bin/gcc   -w -DHAVE_IOCTLSOCKET_CAMEL_FIONBIO  -DHAVE_STDIO_H -DHAVE_INTTYPES_H -DHAVE_SYS_IOCTL_H -DHAVE_SYS_PARAM_H -DHAVE_SYS_POLL_H -DHAVE_SYS_RESOURCE_H -DHAVE_SYS_SELECT_H -DHAVE_SYS_SOCKET_H -DHAVE_SYS_STAT_H -DHAVE_SYS_TIME_H -DHAVE_SYS_TYPES_H -DHAVE_SYS_UIO_H -DHAVE_SYS_UN_H -DHAVE_SYS_XATTR_H -DHAVE_ALLOCA_H -DHAVE_ARPA_INET_H -DHAVE_ARPA_TFTP_H -DHAVE_ASSERT_H -DHAVE_ERR_H -DHAVE_ERRNO_H -DHAVE_FCNTL_H -DHAVE_IDN2_H -DHAVE_IFADDRS_H -DHAVE_LIBGEN_H -DHAVE_LOCALE_H -DHAVE_NET_IF_H -DHAVE_NETDB_H -DHAVE_NETINET_IN_H -DHAVE_NETINET_TCP_H -DHAVE_POLL_H -DHAVE_PWD_H -DHAVE_SETJMP_H -DHAVE_SGTTY_H -DHAVE_SIGNAL_H -DHAVE_STDBOOL_H -DHAVE_STDINT_H -DHAVE_STDIO_H -DHAVE_STDLIB_H -DHAVE_STRING_H -DHAVE_STRINGS_H -DHAVE_STROPTS_H -DHAVE_TERMIO_H -DHAVE_TERMIOS_H -DHAVE_TIME_H -DHAVE_UNISTD_H -DHAVE_UTIME_H -DHAVE_STDDEF_H -DHAVE_DLFCN_H -DHAVE_MALLOC_H -DHAVE_MEMORY_H -DHAVE_NETINET_IF_ETHER_H -DHAVE_STDINT_H -DHAVE_SYS_UTSNAME_H -std=gnu11 -o CMakeFiles/cmTC_0a7a9.dir/CurlTests.c.o -c /home/turquoisekitty/download/cmake3_20/cmake-3.20.1/Utilities/cmcurl/CMake/CurlTests.c
/home/turquoisekitty/download/cmake3_20/cmake-3.20.1/Utilities/cmcurl/CMake/CurlTests.c: In function ‘main’:
/home/turquoisekitty/download/cmake3_20/cmake-3.20.1/Utilities/cmcurl/CMake/CurlTests.c:382:32: error: ‘FIONBIO’ undeclared (first use in this function)
         if(0 != ioctlsocket(0, FIONBIO, &flags))
                                ^~~~~~~
/home/turquoisekitty/download/cmake3_20/cmake-3.20.1/Utilities/cmcurl/CMake/CurlTests.c:382:32: note: each undeclared identifier is reported only once for each function it appears in
CMakeFiles/cmTC_0a7a9.dir/build.make:77: recipe for target 'CMakeFiles/cmTC_0a7a9.dir/CurlTests.c.o' failed
make[1]: *** [CMakeFiles/cmTC_0a7a9.dir/CurlTests.c.o] Error 1
make[1]: Leaving directory '/home/turquoisekitty/download/cmake3_20/cmake-3.20.1/CMakeFiles/CMakeTmp'
Makefile:127: recipe for target 'cmTC_0a7a9/fast' failed
make: *** [cmTC_0a7a9/fast] Error 2


Performing Curl Test HAVE_IOCTLSOCKET_FIONBIO failed with the following output:
Change Dir: /home/turquoisekitty/download/cmake3_20/cmake-3.20.1/CMakeFiles/CMakeTmp

Run Build Command(s):/usr/bin/make -f Makefile cmTC_6b762/fast && make  -f CMakeFiles/cmTC_6b762.dir/build.make CMakeFiles/cmTC_6b762.dir/build
make[1]: Entering directory '/home/turquoisekitty/download/cmake3_20/cmake-3.20.1/CMakeFiles/CMakeTmp'
Building C object CMakeFiles/cmTC_6b762.dir/CurlTests.c.o
/usr/bin/gcc   -w -DHAVE_IOCTLSOCKET_FIONBIO  -DHAVE_STDIO_H -DHAVE_INTTYPES_H -DHAVE_SYS_IOCTL_H -DHAVE_SYS_PARAM_H -DHAVE_SYS_POLL_H -DHAVE_SYS_RESOURCE_H -DHAVE_SYS_SELECT_H -DHAVE_SYS_SOCKET_H -DHAVE_SYS_STAT_H -DHAVE_SYS_TIME_H -DHAVE_SYS_TYPES_H -DHAVE_SYS_UIO_H -DHAVE_SYS_UN_H -DHAVE_SYS_XATTR_H -DHAVE_ALLOCA_H -DHAVE_ARPA_INET_H -DHAVE_ARPA_TFTP_H -DHAVE_ASSERT_H -DHAVE_ERR_H -DHAVE_ERRNO_H -DHAVE_FCNTL_H -DHAVE_IDN2_H -DHAVE_IFADDRS_H -DHAVE_LIBGEN_H -DHAVE_LOCALE_H -DHAVE_NET_IF_H -DHAVE_NETDB_H -DHAVE_NETINET_IN_H -DHAVE_NETINET_TCP_H -DHAVE_POLL_H -DHAVE_PWD_H -DHAVE_SETJMP_H -DHAVE_SGTTY_H -DHAVE_SIGNAL_H -DHAVE_STDBOOL_H -DHAVE_STDINT_H -DHAVE_STDIO_H -DHAVE_STDLIB_H -DHAVE_STRING_H -DHAVE_STRINGS_H -DHAVE_STROPTS_H -DHAVE_TERMIO_H -DHAVE_TERMIOS_H -DHAVE_TIME_H -DHAVE_UNISTD_H -DHAVE_UTIME_H -DHAVE_STDDEF_H -DHAVE_DLFCN_H -DHAVE_MALLOC_H -DHAVE_MEMORY_H -DHAVE_NETINET_IF_ETHER_H -DHAVE_STDINT_H -DHAVE_SYS_UTSNAME_H -std=gnu11 -o CMakeFiles/cmTC_6b762.dir/CurlTests.c.o -c /home/turquoisekitty/download/cmake3_20/cmake-3.20.1/Utilities/cmcurl/CMake/CurlTests.c
/home/turquoisekitty/download/cmake3_20/cmake-3.20.1/Utilities/cmcurl/CMake/CurlTests.c: In function ‘main’:
/home/turquoisekitty/download/cmake3_20/cmake-3.20.1/Utilities/cmcurl/CMake/CurlTests.c:409:32: error: ‘FIONBIO’ undeclared (first use in this function)
         if(0 != ioctlsocket(0, FIONBIO, &flags))
                                ^~~~~~~
/home/turquoisekitty/download/cmake3_20/cmake-3.20.1/Utilities/cmcurl/CMake/CurlTests.c:409:32: note: each undeclared identifier is reported only once for each function it appears in
CMakeFiles/cmTC_6b762.dir/build.make:77: recipe for target 'CMakeFiles/cmTC_6b762.dir/CurlTests.c.o' failed
make[1]: *** [CMakeFiles/cmTC_6b762.dir/CurlTests.c.o] Error 1
make[1]: Leaving directory '/home/turquoisekitty/download/cmake3_20/cmake-3.20.1/CMakeFiles/CMakeTmp'
Makefile:127: recipe for target 'cmTC_6b762/fast' failed
make: *** [cmTC_6b762/fast] Error 2


Performing Curl Test HAVE_SETSOCKOPT_SO_NONBLOCK failed with the following output:
Change Dir: /home/turquoisekitty/download/cmake3_20/cmake-3.20.1/CMakeFiles/CMakeTmp

Run Build Command(s):/usr/bin/make -f Makefile cmTC_77312/fast && make  -f CMakeFiles/cmTC_77312.dir/build.make CMakeFiles/cmTC_77312.dir/build
make[1]: Entering directory '/home/turquoisekitty/download/cmake3_20/cmake-3.20.1/CMakeFiles/CMakeTmp'
Building C object CMakeFiles/cmTC_77312.dir/CurlTests.c.o
/usr/bin/gcc   -w -DHAVE_SETSOCKOPT_SO_NONBLOCK  -DHAVE_STDIO_H -DHAVE_INTTYPES_H -DHAVE_SYS_IOCTL_H -DHAVE_SYS_PARAM_H -DHAVE_SYS_POLL_H -DHAVE_SYS_RESOURCE_H -DHAVE_SYS_SELECT_H -DHAVE_SYS_SOCKET_H -DHAVE_SYS_STAT_H -DHAVE_SYS_TIME_H -DHAVE_SYS_TYPES_H -DHAVE_SYS_UIO_H -DHAVE_SYS_UN_H -DHAVE_SYS_XATTR_H -DHAVE_ALLOCA_H -DHAVE_ARPA_INET_H -DHAVE_ARPA_TFTP_H -DHAVE_ASSERT_H -DHAVE_ERR_H -DHAVE_ERRNO_H -DHAVE_FCNTL_H -DHAVE_IDN2_H -DHAVE_IFADDRS_H -DHAVE_LIBGEN_H -DHAVE_LOCALE_H -DHAVE_NET_IF_H -DHAVE_NETDB_H -DHAVE_NETINET_IN_H -DHAVE_NETINET_TCP_H -DHAVE_POLL_H -DHAVE_PWD_H -DHAVE_SETJMP_H -DHAVE_SGTTY_H -DHAVE_SIGNAL_H -DHAVE_STDBOOL_H -DHAVE_STDINT_H -DHAVE_STDIO_H -DHAVE_STDLIB_H -DHAVE_STRING_H -DHAVE_STRINGS_H -DHAVE_STROPTS_H -DHAVE_TERMIO_H -DHAVE_TERMIOS_H -DHAVE_TIME_H -DHAVE_UNISTD_H -DHAVE_UTIME_H -DHAVE_STDDEF_H -DHAVE_DLFCN_H -DHAVE_MALLOC_H -DHAVE_MEMORY_H -DHAVE_NETINET_IF_ETHER_H -DHAVE_STDINT_H -DHAVE_SYS_UTSNAME_H -std=gnu11 -o CMakeFiles/cmTC_77312.dir/CurlTests.c.o -c /home/turquoisekitty/download/cmake3_20/cmake-3.20.1/Utilities/cmcurl/CMake/CurlTests.c
/home/turquoisekitty/download/cmake3_20/cmake-3.20.1/Utilities/cmcurl/CMake/CurlTests.c: In function ‘main’:
/home/turquoisekitty/download/cmake3_20/cmake-3.20.1/Utilities/cmcurl/CMake/CurlTests.c:505:43: error: ‘SO_NONBLOCK’ undeclared (first use in this function); did you mean ‘SOCK_NONBLOCK’?
         if(0 != setsockopt(0, SOL_SOCKET, SO_NONBLOCK, 0, 0))
                                           ^~~~~~~~~~~
                                           SOCK_NONBLOCK
/home/turquoisekitty/download/cmake3_20/cmake-3.20.1/Utilities/cmcurl/CMake/CurlTests.c:505:43: note: each undeclared identifier is reported only once for each function it appears in
CMakeFiles/cmTC_77312.dir/build.make:77: recipe for target 'CMakeFiles/cmTC_77312.dir/CurlTests.c.o' failed
make[1]: *** [CMakeFiles/cmTC_77312.dir/CurlTests.c.o] Error 1
make[1]: Leaving directory '/home/turquoisekitty/download/cmake3_20/cmake-3.20.1/CMakeFiles/CMakeTmp'
Makefile:127: recipe for target 'cmTC_77312/fast' failed
make: *** [cmTC_77312/fast] Error 2


Performing Curl Test HAVE_O_NONBLOCK failed with the following output:
Change Dir: /home/turquoisekitty/download/cmake3_20/cmake-3.20.1/CMakeFiles/CMakeTmp

Run Build Command(s):/usr/bin/make -f Makefile cmTC_ae225/fast && make  -f CMakeFiles/cmTC_ae225.dir/build.make CMakeFiles/cmTC_ae225.dir/build
make[1]: Entering directory '/home/turquoisekitty/download/cmake3_20/cmake-3.20.1/CMakeFiles/CMakeTmp'
Building C object CMakeFiles/cmTC_ae225.dir/CurlTests.c.o
/usr/bin/gcc   -w -DHAVE_O_NONBLOCK  -DHAVE_STDIO_H -DHAVE_INTTYPES_H -DHAVE_SYS_IOCTL_H -DHAVE_SYS_PARAM_H -DHAVE_SYS_POLL_H -DHAVE_SYS_RESOURCE_H -DHAVE_SYS_SELECT_H -DHAVE_SYS_SOCKET_H -DHAVE_SYS_STAT_H -DHAVE_SYS_TIME_H -DHAVE_SYS_TYPES_H -DHAVE_SYS_UIO_H -DHAVE_SYS_UN_H -DHAVE_SYS_XATTR_H -DHAVE_ALLOCA_H -DHAVE_ARPA_INET_H -DHAVE_ARPA_TFTP_H -DHAVE_ASSERT_H -DHAVE_ERR_H -DHAVE_ERRNO_H -DHAVE_FCNTL_H -DHAVE_IDN2_H -DHAVE_IFADDRS_H -DHAVE_LIBGEN_H -DHAVE_LOCALE_H -DHAVE_NET_IF_H -DHAVE_NETDB_H -DHAVE_NETINET_IN_H -DHAVE_NETINET_TCP_H -DHAVE_POLL_H -DHAVE_PWD_H -DHAVE_SETJMP_H -DHAVE_SGTTY_H -DHAVE_SIGNAL_H -DHAVE_STDBOOL_H -DHAVE_STDINT_H -DHAVE_STDIO_H -DHAVE_STDLIB_H -DHAVE_STRING_H -DHAVE_STRINGS_H -DHAVE_STROPTS_H -DHAVE_TERMIO_H -DHAVE_TERMIOS_H -DHAVE_TIME_H -DHAVE_UNISTD_H -DHAVE_UTIME_H -DHAVE_STDDEF_H -DHAVE_DLFCN_H -DHAVE_MALLOC_H -DHAVE_MEMORY_H -DHAVE_NETINET_IF_ETHER_H -DHAVE_STDINT_H -DHAVE_SYS_UTSNAME_H -std=gnu11 -o CMakeFiles/cmTC_ae225.dir/CurlTests.c.o -c /home/turquoisekitty/download/cmake3_20/cmake-3.20.1/Utilities/cmcurl/CMake/CurlTests.c
Linking C executable cmTC_ae225
/home/turquoisekitty/download/cmake3_20/cmake-3.20.1/Bootstrap.cmk/cmake -E cmake_link_script CMakeFiles/cmTC_ae225.dir/link.txt --verbose=1
/usr/bin/gcc  -w -DHAVE_O_NONBLOCK  -DHAVE_STDIO_H -DHAVE_INTTYPES_H -DHAVE_SYS_IOCTL_H -DHAVE_SYS_PARAM_H -DHAVE_SYS_POLL_H -DHAVE_SYS_RESOURCE_H -DHAVE_SYS_SELECT_H -DHAVE_SYS_SOCKET_H -DHAVE_SYS_STAT_H -DHAVE_SYS_TIME_H -DHAVE_SYS_TYPES_H -DHAVE_SYS_UIO_H -DHAVE_SYS_UN_H -DHAVE_SYS_XATTR_H -DHAVE_ALLOCA_H -DHAVE_ARPA_INET_H -DHAVE_ARPA_TFTP_H -DHAVE_ASSERT_H -DHAVE_ERR_H -DHAVE_ERRNO_H -DHAVE_FCNTL_H -DHAVE_IDN2_H -DHAVE_IFADDRS_H -DHAVE_LIBGEN_H -DHAVE_LOCALE_H -DHAVE_NET_IF_H -DHAVE_NETDB_H -DHAVE_NETINET_IN_H -DHAVE_NETINET_TCP_H -DHAVE_POLL_H -DHAVE_PWD_H -DHAVE_SETJMP_H -DHAVE_SGTTY_H -DHAVE_SIGNAL_H -DHAVE_STDBOOL_H -DHAVE_STDINT_H -DHAVE_STDIO_H -DHAVE_STDLIB_H -DHAVE_STRING_H -DHAVE_STRINGS_H -DHAVE_STROPTS_H -DHAVE_TERMIO_H -DHAVE_TERMIOS_H -DHAVE_TIME_H -DHAVE_UNISTD_H -DHAVE_UTIME_H -DHAVE_STDDEF_H -DHAVE_DLFCN_H -DHAVE_MALLOC_H -DHAVE_MEMORY_H -DHAVE_NETINET_IF_ETHER_H -DHAVE_STDINT_H -DHAVE_SYS_UTSNAME_H CMakeFiles/cmTC_ae225.dir/CurlTests.c.o -o cmTC_ae225 
/usr/lib/gcc/x86_64-linux-gnu/8/../../../x86_64-linux-gnu/Scrt1.o: In function `_start':
(.text+0x20): undefined reference to `main'
collect2: error: ld returned 1 exit status
CMakeFiles/cmTC_ae225.dir/build.make:98: recipe for target 'cmTC_ae225' failed
make[1]: *** [cmTC_ae225] Error 1
make[1]: Leaving directory '/home/turquoisekitty/download/cmake3_20/cmake-3.20.1/CMakeFiles/CMakeTmp'
Makefile:127: recipe for target 'cmTC_ae225/fast' failed
make: *** [cmTC_ae225/fast] Error 2


Performing Curl Test HAVE_GETHOSTBYADDR_R_5 failed with the following output:
Change Dir: /home/turquoisekitty/download/cmake3_20/cmake-3.20.1/CMakeFiles/CMakeTmp

Run Build Command(s):/usr/bin/make -f Makefile cmTC_b71ca/fast && make  -f CMakeFiles/cmTC_b71ca.dir/build.make CMakeFiles/cmTC_b71ca.dir/build
make[1]: Entering directory '/home/turquoisekitty/download/cmake3_20/cmake-3.20.1/CMakeFiles/CMakeTmp'
Building C object CMakeFiles/cmTC_b71ca.dir/CurlTests.c.o
/usr/bin/gcc   -w -DHAVE_GETHOSTBYADDR_R_5  -DHAVE_STDIO_H -DHAVE_INTTYPES_H -DHAVE_SYS_IOCTL_H -DHAVE_SYS_PARAM_H -DHAVE_SYS_POLL_H -DHAVE_SYS_RESOURCE_H -DHAVE_SYS_SELECT_H -DHAVE_SYS_SOCKET_H -DHAVE_SYS_STAT_H -DHAVE_SYS_TIME_H -DHAVE_SYS_TYPES_H -DHAVE_SYS_UIO_H -DHAVE_SYS_UN_H -DHAVE_SYS_XATTR_H -DHAVE_ALLOCA_H -DHAVE_ARPA_INET_H -DHAVE_ARPA_TFTP_H -DHAVE_ASSERT_H -DHAVE_ERR_H -DHAVE_ERRNO_H -DHAVE_FCNTL_H -DHAVE_IDN2_H -DHAVE_IFADDRS_H -DHAVE_LIBGEN_H -DHAVE_LOCALE_H -DHAVE_NET_IF_H -DHAVE_NETDB_H -DHAVE_NETINET_IN_H -DHAVE_NETINET_TCP_H -DHAVE_POLL_H -DHAVE_PWD_H -DHAVE_SETJMP_H -DHAVE_SGTTY_H -DHAVE_SIGNAL_H -DHAVE_STDBOOL_H -DHAVE_STDINT_H -DHAVE_STDIO_H -DHAVE_STDLIB_H -DHAVE_STRING_H -DHAVE_STRINGS_H -DHAVE_STROPTS_H -DHAVE_TERMIO_H -DHAVE_TERMIOS_H -DHAVE_TIME_H -DHAVE_UNISTD_H -DHAVE_UTIME_H -DHAVE_STDDEF_H -DHAVE_DLFCN_H -DHAVE_MALLOC_H -DHAVE_MEMORY_H -DHAVE_NETINET_IF_ETHER_H -DHAVE_STDINT_H -DHAVE_SYS_UTSNAME_H -std=gnu11 -o CMakeFiles/cmTC_b71ca.dir/CurlTests.c.o -c /home/turquoisekitty/download/cmake3_20/cmake-3.20.1/Utilities/cmcurl/CMake/CurlTests.c
/home/turquoisekitty/download/cmake3_20/cmake-3.20.1/Utilities/cmcurl/CMake/CurlTests.c: In function ‘main’:
/home/turquoisekitty/download/cmake3_20/cmake-3.20.1/Utilities/cmcurl/CMake/CurlTests.c:106:23: error: storage size of ‘hdata’ isn’t known
   struct hostent_data hdata;
                       ^~~~~
/home/turquoisekitty/download/cmake3_20/cmake-3.20.1/Utilities/cmcurl/CMake/CurlTests.c:127:8: error: too few arguments to function ‘gethostbyaddr_r’
   rc = gethostbyaddr_r(address, length, type, &h, &hdata);
        ^~~~~~~~~~~~~~~
In file included from /home/turquoisekitty/download/cmake3_20/cmake-3.20.1/Utilities/cmcurl/CMake/CurlTests.c:93:
/usr/include/netdb.h:170:12: note: declared here
 extern int gethostbyaddr_r (const void *__restrict __addr, __socklen_t __len,
            ^~~~~~~~~~~~~~~
CMakeFiles/cmTC_b71ca.dir/build.make:77: recipe for target 'CMakeFiles/cmTC_b71ca.dir/CurlTests.c.o' failed
make[1]: *** [CMakeFiles/cmTC_b71ca.dir/CurlTests.c.o] Error 1
make[1]: Leaving directory '/home/turquoisekitty/download/cmake3_20/cmake-3.20.1/CMakeFiles/CMakeTmp'
Makefile:127: recipe for target 'cmTC_b71ca/fast' failed
make: *** [cmTC_b71ca/fast] Error 2


Performing Curl Test HAVE_GETHOSTBYADDR_R_7 failed with the following output:
Change Dir: /home/turquoisekitty/download/cmake3_20/cmake-3.20.1/CMakeFiles/CMakeTmp

Run Build Command(s):/usr/bin/make -f Makefile cmTC_b1330/fast && make  -f CMakeFiles/cmTC_b1330.dir/build.make CMakeFiles/cmTC_b1330.dir/build
make[1]: Entering directory '/home/turquoisekitty/download/cmake3_20/cmake-3.20.1/CMakeFiles/CMakeTmp'
Building C object CMakeFiles/cmTC_b1330.dir/CurlTests.c.o
/usr/bin/gcc   -w -DHAVE_GETHOSTBYADDR_R_7  -DHAVE_STDIO_H -DHAVE_INTTYPES_H -DHAVE_SYS_IOCTL_H -DHAVE_SYS_PARAM_H -DHAVE_SYS_POLL_H -DHAVE_SYS_RESOURCE_H -DHAVE_SYS_SELECT_H -DHAVE_SYS_SOCKET_H -DHAVE_SYS_STAT_H -DHAVE_SYS_TIME_H -DHAVE_SYS_TYPES_H -DHAVE_SYS_UIO_H -DHAVE_SYS_UN_H -DHAVE_SYS_XATTR_H -DHAVE_ALLOCA_H -DHAVE_ARPA_INET_H -DHAVE_ARPA_TFTP_H -DHAVE_ASSERT_H -DHAVE_ERR_H -DHAVE_ERRNO_H -DHAVE_FCNTL_H -DHAVE_IDN2_H -DHAVE_IFADDRS_H -DHAVE_LIBGEN_H -DHAVE_LOCALE_H -DHAVE_NET_IF_H -DHAVE_NETDB_H -DHAVE_NETINET_IN_H -DHAVE_NETINET_TCP_H -DHAVE_POLL_H -DHAVE_PWD_H -DHAVE_SETJMP_H -DHAVE_SGTTY_H -DHAVE_SIGNAL_H -DHAVE_STDBOOL_H -DHAVE_STDINT_H -DHAVE_STDIO_H -DHAVE_STDLIB_H -DHAVE_STRING_H -DHAVE_STRINGS_H -DHAVE_STROPTS_H -DHAVE_TERMIO_H -DHAVE_TERMIOS_H -DHAVE_TIME_H -DHAVE_UNISTD_H -DHAVE_UTIME_H -DHAVE_STDDEF_H -DHAVE_DLFCN_H -DHAVE_MALLOC_H -DHAVE_MEMORY_H -DHAVE_NETINET_IF_ETHER_H -DHAVE_STDINT_H -DHAVE_SYS_UTSNAME_H -std=gnu11 -o CMakeFiles/cmTC_b1330.dir/CurlTests.c.o -c /home/turquoisekitty/download/cmake3_20/cmake-3.20.1/Utilities/cmcurl/CMake/CurlTests.c
/home/turquoisekitty/download/cmake3_20/cmake-3.20.1/Utilities/cmcurl/CMake/CurlTests.c: In function ‘main’:
/home/turquoisekitty/download/cmake3_20/cmake-3.20.1/Utilities/cmcurl/CMake/CurlTests.c:131:8: error: too few arguments to function ‘gethostbyaddr_r’
   hp = gethostbyaddr_r(address, length, type, &h, buffer, 8192, &h_errnop);
        ^~~~~~~~~~~~~~~
In file included from /home/turquoisekitty/download/cmake3_20/cmake-3.20.1/Utilities/cmcurl/CMake/CurlTests.c:93:
/usr/include/netdb.h:170:12: note: declared here
 extern int gethostbyaddr_r (const void *__restrict __addr, __socklen_t __len,
            ^~~~~~~~~~~~~~~
CMakeFiles/cmTC_b1330.dir/build.make:77: recipe for target 'CMakeFiles/cmTC_b1330.dir/CurlTests.c.o' failed
make[1]: *** [CMakeFiles/cmTC_b1330.dir/CurlTests.c.o] Error 1
make[1]: Leaving directory '/home/turquoisekitty/download/cmake3_20/cmake-3.20.1/CMakeFiles/CMakeTmp'
Makefile:127: recipe for target 'cmTC_b1330/fast' failed
make: *** [cmTC_b1330/fast] Error 2


Performing Curl Test HAVE_GETHOSTBYADDR_R_5_REENTRANT failed with the following output:
Change Dir: /home/turquoisekitty/download/cmake3_20/cmake-3.20.1/CMakeFiles/CMakeTmp

Run Build Command(s):/usr/bin/make -f Makefile cmTC_8646d/fast && make  -f CMakeFiles/cmTC_8646d.dir/build.make CMakeFiles/cmTC_8646d.dir/build
make[1]: Entering directory '/home/turquoisekitty/download/cmake3_20/cmake-3.20.1/CMakeFiles/CMakeTmp'
Building C object CMakeFiles/cmTC_8646d.dir/CurlTests.c.o
/usr/bin/gcc   -w -DHAVE_GETHOSTBYADDR_R_5_REENTRANT  -DHAVE_STDIO_H -DHAVE_INTTYPES_H -DHAVE_SYS_IOCTL_H -DHAVE_SYS_PARAM_H -DHAVE_SYS_POLL_H -DHAVE_SYS_RESOURCE_H -DHAVE_SYS_SELECT_H -DHAVE_SYS_SOCKET_H -DHAVE_SYS_STAT_H -DHAVE_SYS_TIME_H -DHAVE_SYS_TYPES_H -DHAVE_SYS_UIO_H -DHAVE_SYS_UN_H -DHAVE_SYS_XATTR_H -DHAVE_ALLOCA_H -DHAVE_ARPA_INET_H -DHAVE_ARPA_TFTP_H -DHAVE_ASSERT_H -DHAVE_ERR_H -DHAVE_ERRNO_H -DHAVE_FCNTL_H -DHAVE_IDN2_H -DHAVE_IFADDRS_H -DHAVE_LIBGEN_H -DHAVE_LOCALE_H -DHAVE_NET_IF_H -DHAVE_NETDB_H -DHAVE_NETINET_IN_H -DHAVE_NETINET_TCP_H -DHAVE_POLL_H -DHAVE_PWD_H -DHAVE_SETJMP_H -DHAVE_SGTTY_H -DHAVE_SIGNAL_H -DHAVE_STDBOOL_H -DHAVE_STDINT_H -DHAVE_STDIO_H -DHAVE_STDLIB_H -DHAVE_STRING_H -DHAVE_STRINGS_H -DHAVE_STROPTS_H -DHAVE_TERMIO_H -DHAVE_TERMIOS_H -DHAVE_TIME_H -DHAVE_UNISTD_H -DHAVE_UTIME_H -DHAVE_STDDEF_H -DHAVE_DLFCN_H -DHAVE_MALLOC_H -DHAVE_MEMORY_H -DHAVE_NETINET_IF_ETHER_H -DHAVE_STDINT_H -DHAVE_SYS_UTSNAME_H -std=gnu11 -o CMakeFiles/cmTC_8646d.dir/CurlTests.c.o -c /home/turquoisekitty/download/cmake3_20/cmake-3.20.1/Utilities/cmcurl/CMake/CurlTests.c
/home/turquoisekitty/download/cmake3_20/cmake-3.20.1/Utilities/cmcurl/CMake/CurlTests.c: In function ‘main’:
/home/turquoisekitty/download/cmake3_20/cmake-3.20.1/Utilities/cmcurl/CMake/CurlTests.c:106:23: error: storage size of ‘hdata’ isn’t known
   struct hostent_data hdata;
                       ^~~~~
/home/turquoisekitty/download/cmake3_20/cmake-3.20.1/Utilities/cmcurl/CMake/CurlTests.c:127:8: error: too few arguments to function ‘gethostbyaddr_r’
   rc = gethostbyaddr_r(address, length, type, &h, &hdata);
        ^~~~~~~~~~~~~~~
In file included from /home/turquoisekitty/download/cmake3_20/cmake-3.20.1/Utilities/cmcurl/CMake/CurlTests.c:93:
/usr/include/netdb.h:170:12: note: declared here
 extern int gethostbyaddr_r (const void *__restrict __addr, __socklen_t __len,
            ^~~~~~~~~~~~~~~
CMakeFiles/cmTC_8646d.dir/build.make:77: recipe for target 'CMakeFiles/cmTC_8646d.dir/CurlTests.c.o' failed
make[1]: *** [CMakeFiles/cmTC_8646d.dir/CurlTests.c.o] Error 1
make[1]: Leaving directory '/home/turquoisekitty/download/cmake3_20/cmake-3.20.1/CMakeFiles/CMakeTmp'
Makefile:127: recipe for target 'cmTC_8646d/fast' failed
make: *** [cmTC_8646d/fast] Error 2


Performing Curl Test HAVE_GETHOSTBYADDR_R_7_REENTRANT failed with the following output:
Change Dir: /home/turquoisekitty/download/cmake3_20/cmake-3.20.1/CMakeFiles/CMakeTmp

Run Build Command(s):/usr/bin/make -f Makefile cmTC_efa69/fast && make  -f CMakeFiles/cmTC_efa69.dir/build.make CMakeFiles/cmTC_efa69.dir/build
make[1]: Entering directory '/home/turquoisekitty/download/cmake3_20/cmake-3.20.1/CMakeFiles/CMakeTmp'
Building C object CMakeFiles/cmTC_efa69.dir/CurlTests.c.o
/usr/bin/gcc   -w -DHAVE_GETHOSTBYADDR_R_7_REENTRANT  -DHAVE_STDIO_H -DHAVE_INTTYPES_H -DHAVE_SYS_IOCTL_H -DHAVE_SYS_PARAM_H -DHAVE_SYS_POLL_H -DHAVE_SYS_RESOURCE_H -DHAVE_SYS_SELECT_H -DHAVE_SYS_SOCKET_H -DHAVE_SYS_STAT_H -DHAVE_SYS_TIME_H -DHAVE_SYS_TYPES_H -DHAVE_SYS_UIO_H -DHAVE_SYS_UN_H -DHAVE_SYS_XATTR_H -DHAVE_ALLOCA_H -DHAVE_ARPA_INET_H -DHAVE_ARPA_TFTP_H -DHAVE_ASSERT_H -DHAVE_ERR_H -DHAVE_ERRNO_H -DHAVE_FCNTL_H -DHAVE_IDN2_H -DHAVE_IFADDRS_H -DHAVE_LIBGEN_H -DHAVE_LOCALE_H -DHAVE_NET_IF_H -DHAVE_NETDB_H -DHAVE_NETINET_IN_H -DHAVE_NETINET_TCP_H -DHAVE_POLL_H -DHAVE_PWD_H -DHAVE_SETJMP_H -DHAVE_SGTTY_H -DHAVE_SIGNAL_H -DHAVE_STDBOOL_H -DHAVE_STDINT_H -DHAVE_STDIO_H -DHAVE_STDLIB_H -DHAVE_STRING_H -DHAVE_STRINGS_H -DHAVE_STROPTS_H -DHAVE_TERMIO_H -DHAVE_TERMIOS_H -DHAVE_TIME_H -DHAVE_UNISTD_H -DHAVE_UTIME_H -DHAVE_STDDEF_H -DHAVE_DLFCN_H -DHAVE_MALLOC_H -DHAVE_MEMORY_H -DHAVE_NETINET_IF_ETHER_H -DHAVE_STDINT_H -DHAVE_SYS_UTSNAME_H -std=gnu11 -o CMakeFiles/cmTC_efa69.dir/CurlTests.c.o -c /home/turquoisekitty/download/cmake3_20/cmake-3.20.1/Utilities/cmcurl/CMake/CurlTests.c
/home/turquoisekitty/download/cmake3_20/cmake-3.20.1/Utilities/cmcurl/CMake/CurlTests.c: In function ‘main’:
/home/turquoisekitty/download/cmake3_20/cmake-3.20.1/Utilities/cmcurl/CMake/CurlTests.c:131:8: error: too few arguments to function ‘gethostbyaddr_r’
   hp = gethostbyaddr_r(address, length, type, &h, buffer, 8192, &h_errnop);
        ^~~~~~~~~~~~~~~
In file included from /home/turquoisekitty/download/cmake3_20/cmake-3.20.1/Utilities/cmcurl/CMake/CurlTests.c:93:
/usr/include/netdb.h:170:12: note: declared here
 extern int gethostbyaddr_r (const void *__restrict __addr, __socklen_t __len,
            ^~~~~~~~~~~~~~~
CMakeFiles/cmTC_efa69.dir/build.make:77: recipe for target 'CMakeFiles/cmTC_efa69.dir/CurlTests.c.o' failed
make[1]: *** [CMakeFiles/cmTC_efa69.dir/CurlTests.c.o] Error 1
make[1]: Leaving directory '/home/turquoisekitty/download/cmake3_20/cmake-3.20.1/CMakeFiles/CMakeTmp'
Makefile:127: recipe for target 'cmTC_efa69/fast' failed
make: *** [cmTC_efa69/fast] Error 2


Performing Curl Test HAVE_GETHOSTBYNAME_R_3 failed with the following output:
Change Dir: /home/turquoisekitty/download/cmake3_20/cmake-3.20.1/CMakeFiles/CMakeTmp

Run Build Command(s):/usr/bin/make -f Makefile cmTC_afe37/fast && make  -f CMakeFiles/cmTC_afe37.dir/build.make CMakeFiles/cmTC_afe37.dir/build
make[1]: Entering directory '/home/turquoisekitty/download/cmake3_20/cmake-3.20.1/CMakeFiles/CMakeTmp'
Building C object CMakeFiles/cmTC_afe37.dir/CurlTests.c.o
/usr/bin/gcc   -w -DHAVE_GETHOSTBYNAME_R_3  -DHAVE_STDIO_H -DHAVE_INTTYPES_H -DHAVE_SYS_IOCTL_H -DHAVE_SYS_PARAM_H -DHAVE_SYS_POLL_H -DHAVE_SYS_RESOURCE_H -DHAVE_SYS_SELECT_H -DHAVE_SYS_SOCKET_H -DHAVE_SYS_STAT_H -DHAVE_SYS_TIME_H -DHAVE_SYS_TYPES_H -DHAVE_SYS_UIO_H -DHAVE_SYS_UN_H -DHAVE_SYS_XATTR_H -DHAVE_ALLOCA_H -DHAVE_ARPA_INET_H -DHAVE_ARPA_TFTP_H -DHAVE_ASSERT_H -DHAVE_ERR_H -DHAVE_ERRNO_H -DHAVE_FCNTL_H -DHAVE_IDN2_H -DHAVE_IFADDRS_H -DHAVE_LIBGEN_H -DHAVE_LOCALE_H -DHAVE_NET_IF_H -DHAVE_NETDB_H -DHAVE_NETINET_IN_H -DHAVE_NETINET_TCP_H -DHAVE_POLL_H -DHAVE_PWD_H -DHAVE_SETJMP_H -DHAVE_SGTTY_H -DHAVE_SIGNAL_H -DHAVE_STDBOOL_H -DHAVE_STDINT_H -DHAVE_STDIO_H -DHAVE_STDLIB_H -DHAVE_STRING_H -DHAVE_STRINGS_H -DHAVE_STROPTS_H -DHAVE_TERMIO_H -DHAVE_TERMIOS_H -DHAVE_TIME_H -DHAVE_UNISTD_H -DHAVE_UTIME_H -DHAVE_STDDEF_H -DHAVE_DLFCN_H -DHAVE_MALLOC_H -DHAVE_MEMORY_H -DHAVE_NETINET_IF_ETHER_H -DHAVE_STDINT_H -DHAVE_SYS_UTSNAME_H -std=gnu11 -o CMakeFiles/cmTC_afe37.dir/CurlTests.c.o -c /home/turquoisekitty/download/cmake3_20/cmake-3.20.1/Utilities/cmcurl/CMake/CurlTests.c
/home/turquoisekitty/download/cmake3_20/cmake-3.20.1/Utilities/cmcurl/CMake/CurlTests.c: In function ‘main’:
/home/turquoisekitty/download/cmake3_20/cmake-3.20.1/Utilities/cmcurl/CMake/CurlTests.c:106:23: error: storage size of ‘hdata’ isn’t known
   struct hostent_data hdata;
                       ^~~~~
/home/turquoisekitty/download/cmake3_20/cmake-3.20.1/Utilities/cmcurl/CMake/CurlTests.c:141:8: error: too few arguments to function ‘gethostbyname_r’
   rc = gethostbyname_r(address, &h, &hdata);
        ^~~~~~~~~~~~~~~
In file included from /home/turquoisekitty/download/cmake3_20/cmake-3.20.1/Utilities/cmcurl/CMake/CurlTests.c:93:
/usr/include/netdb.h:177:12: note: declared here
 extern int gethostbyname_r (const char *__restrict __name,
            ^~~~~~~~~~~~~~~
CMakeFiles/cmTC_afe37.dir/build.make:77: recipe for target 'CMakeFiles/cmTC_afe37.dir/CurlTests.c.o' failed
make[1]: *** [CMakeFiles/cmTC_afe37.dir/CurlTests.c.o] Error 1
make[1]: Leaving directory '/home/turquoisekitty/download/cmake3_20/cmake-3.20.1/CMakeFiles/CMakeTmp'
Makefile:127: recipe for target 'cmTC_afe37/fast' failed
make: *** [cmTC_afe37/fast] Error 2


Performing Curl Test HAVE_GETHOSTBYNAME_R_5 failed with the following output:
Change Dir: /home/turquoisekitty/download/cmake3_20/cmake-3.20.1/CMakeFiles/CMakeTmp

Run Build Command(s):/usr/bin/make -f Makefile cmTC_14b45/fast && make  -f CMakeFiles/cmTC_14b45.dir/build.make CMakeFiles/cmTC_14b45.dir/build
make[1]: Entering directory '/home/turquoisekitty/download/cmake3_20/cmake-3.20.1/CMakeFiles/CMakeTmp'
Building C object CMakeFiles/cmTC_14b45.dir/CurlTests.c.o
/usr/bin/gcc   -w -DHAVE_GETHOSTBYNAME_R_5  -DHAVE_STDIO_H -DHAVE_INTTYPES_H -DHAVE_SYS_IOCTL_H -DHAVE_SYS_PARAM_H -DHAVE_SYS_POLL_H -DHAVE_SYS_RESOURCE_H -DHAVE_SYS_SELECT_H -DHAVE_SYS_SOCKET_H -DHAVE_SYS_STAT_H -DHAVE_SYS_TIME_H -DHAVE_SYS_TYPES_H -DHAVE_SYS_UIO_H -DHAVE_SYS_UN_H -DHAVE_SYS_XATTR_H -DHAVE_ALLOCA_H -DHAVE_ARPA_INET_H -DHAVE_ARPA_TFTP_H -DHAVE_ASSERT_H -DHAVE_ERR_H -DHAVE_ERRNO_H -DHAVE_FCNTL_H -DHAVE_IDN2_H -DHAVE_IFADDRS_H -DHAVE_LIBGEN_H -DHAVE_LOCALE_H -DHAVE_NET_IF_H -DHAVE_NETDB_H -DHAVE_NETINET_IN_H -DHAVE_NETINET_TCP_H -DHAVE_POLL_H -DHAVE_PWD_H -DHAVE_SETJMP_H -DHAVE_SGTTY_H -DHAVE_SIGNAL_H -DHAVE_STDBOOL_H -DHAVE_STDINT_H -DHAVE_STDIO_H -DHAVE_STDLIB_H -DHAVE_STRING_H -DHAVE_STRINGS_H -DHAVE_STROPTS_H -DHAVE_TERMIO_H -DHAVE_TERMIOS_H -DHAVE_TIME_H -DHAVE_UNISTD_H -DHAVE_UTIME_H -DHAVE_STDDEF_H -DHAVE_DLFCN_H -DHAVE_MALLOC_H -DHAVE_MEMORY_H -DHAVE_NETINET_IF_ETHER_H -DHAVE_STDINT_H -DHAVE_SYS_UTSNAME_H -std=gnu11 -o CMakeFiles/cmTC_14b45.dir/CurlTests.c.o -c /home/turquoisekitty/download/cmake3_20/cmake-3.20.1/Utilities/cmcurl/CMake/CurlTests.c
/home/turquoisekitty/download/cmake3_20/cmake-3.20.1/Utilities/cmcurl/CMake/CurlTests.c: In function ‘main’:
/home/turquoisekitty/download/cmake3_20/cmake-3.20.1/Utilities/cmcurl/CMake/CurlTests.c:144:8: error: too few arguments to function ‘gethostbyname_r’
   rc = gethostbyname_r(address, &h, buffer, 8192, &h_errnop);
        ^~~~~~~~~~~~~~~
In file included from /home/turquoisekitty/download/cmake3_20/cmake-3.20.1/Utilities/cmcurl/CMake/CurlTests.c:93:
/usr/include/netdb.h:177:12: note: declared here
 extern int gethostbyname_r (const char *__restrict __name,
            ^~~~~~~~~~~~~~~
CMakeFiles/cmTC_14b45.dir/build.make:77: recipe for target 'CMakeFiles/cmTC_14b45.dir/CurlTests.c.o' failed
make[1]: *** [CMakeFiles/cmTC_14b45.dir/CurlTests.c.o] Error 1
make[1]: Leaving directory '/home/turquoisekitty/download/cmake3_20/cmake-3.20.1/CMakeFiles/CMakeTmp'
Makefile:127: recipe for target 'cmTC_14b45/fast' failed
make: *** [cmTC_14b45/fast] Error 2


Performing Curl Test HAVE_GETHOSTBYNAME_R_3_REENTRANT failed with the following output:
Change Dir: /home/turquoisekitty/download/cmake3_20/cmake-3.20.1/CMakeFiles/CMakeTmp

Run Build Command(s):/usr/bin/make -f Makefile cmTC_cda0f/fast && make  -f CMakeFiles/cmTC_cda0f.dir/build.make CMakeFiles/cmTC_cda0f.dir/build
make[1]: Entering directory '/home/turquoisekitty/download/cmake3_20/cmake-3.20.1/CMakeFiles/CMakeTmp'
Building C object CMakeFiles/cmTC_cda0f.dir/CurlTests.c.o
/usr/bin/gcc   -w -DHAVE_GETHOSTBYNAME_R_3_REENTRANT  -DHAVE_STDIO_H -DHAVE_INTTYPES_H -DHAVE_SYS_IOCTL_H -DHAVE_SYS_PARAM_H -DHAVE_SYS_POLL_H -DHAVE_SYS_RESOURCE_H -DHAVE_SYS_SELECT_H -DHAVE_SYS_SOCKET_H -DHAVE_SYS_STAT_H -DHAVE_SYS_TIME_H -DHAVE_SYS_TYPES_H -DHAVE_SYS_UIO_H -DHAVE_SYS_UN_H -DHAVE_SYS_XATTR_H -DHAVE_ALLOCA_H -DHAVE_ARPA_INET_H -DHAVE_ARPA_TFTP_H -DHAVE_ASSERT_H -DHAVE_ERR_H -DHAVE_ERRNO_H -DHAVE_FCNTL_H -DHAVE_IDN2_H -DHAVE_IFADDRS_H -DHAVE_LIBGEN_H -DHAVE_LOCALE_H -DHAVE_NET_IF_H -DHAVE_NETDB_H -DHAVE_NETINET_IN_H -DHAVE_NETINET_TCP_H -DHAVE_POLL_H -DHAVE_PWD_H -DHAVE_SETJMP_H -DHAVE_SGTTY_H -DHAVE_SIGNAL_H -DHAVE_STDBOOL_H -DHAVE_STDINT_H -DHAVE_STDIO_H -DHAVE_STDLIB_H -DHAVE_STRING_H -DHAVE_STRINGS_H -DHAVE_STROPTS_H -DHAVE_TERMIO_H -DHAVE_TERMIOS_H -DHAVE_TIME_H -DHAVE_UNISTD_H -DHAVE_UTIME_H -DHAVE_STDDEF_H -DHAVE_DLFCN_H -DHAVE_MALLOC_H -DHAVE_MEMORY_H -DHAVE_NETINET_IF_ETHER_H -DHAVE_STDINT_H -DHAVE_SYS_UTSNAME_H -std=gnu11 -o CMakeFiles/cmTC_cda0f.dir/CurlTests.c.o -c /home/turquoisekitty/download/cmake3_20/cmake-3.20.1/Utilities/cmcurl/CMake/CurlTests.c
/home/turquoisekitty/download/cmake3_20/cmake-3.20.1/Utilities/cmcurl/CMake/CurlTests.c: In function ‘main’:
/home/turquoisekitty/download/cmake3_20/cmake-3.20.1/Utilities/cmcurl/CMake/CurlTests.c:106:23: error: storage size of ‘hdata’ isn’t known
   struct hostent_data hdata;
                       ^~~~~
/home/turquoisekitty/download/cmake3_20/cmake-3.20.1/Utilities/cmcurl/CMake/CurlTests.c:141:8: error: too few arguments to function ‘gethostbyname_r’
   rc = gethostbyname_r(address, &h, &hdata);
        ^~~~~~~~~~~~~~~
In file included from /home/turquoisekitty/download/cmake3_20/cmake-3.20.1/Utilities/cmcurl/CMake/CurlTests.c:93:
/usr/include/netdb.h:177:12: note: declared here
 extern int gethostbyname_r (const char *__restrict __name,
            ^~~~~~~~~~~~~~~
CMakeFiles/cmTC_cda0f.dir/build.make:77: recipe for target 'CMakeFiles/cmTC_cda0f.dir/CurlTests.c.o' failed
make[1]: *** [CMakeFiles/cmTC_cda0f.dir/CurlTests.c.o] Error 1
make[1]: Leaving directory '/home/turquoisekitty/download/cmake3_20/cmake-3.20.1/CMakeFiles/CMakeTmp'
Makefile:127: recipe for target 'cmTC_cda0f/fast' failed
make: *** [cmTC_cda0f/fast] Error 2


Performing Curl Test HAVE_GETHOSTBYNAME_R_5_REENTRANT failed with the following output:
Change Dir: /home/turquoisekitty/download/cmake3_20/cmake-3.20.1/CMakeFiles/CMakeTmp

Run Build Command(s):/usr/bin/make -f Makefile cmTC_c2936/fast && make  -f CMakeFiles/cmTC_c2936.dir/build.make CMakeFiles/cmTC_c2936.dir/build
make[1]: Entering directory '/home/turquoisekitty/download/cmake3_20/cmake-3.20.1/CMakeFiles/CMakeTmp'
Building C object CMakeFiles/cmTC_c2936.dir/CurlTests.c.o
/usr/bin/gcc   -w -DHAVE_GETHOSTBYNAME_R_5_REENTRANT  -DHAVE_STDIO_H -DHAVE_INTTYPES_H -DHAVE_SYS_IOCTL_H -DHAVE_SYS_PARAM_H -DHAVE_SYS_POLL_H -DHAVE_SYS_RESOURCE_H -DHAVE_SYS_SELECT_H -DHAVE_SYS_SOCKET_H -DHAVE_SYS_STAT_H -DHAVE_SYS_TIME_H -DHAVE_SYS_TYPES_H -DHAVE_SYS_UIO_H -DHAVE_SYS_UN_H -DHAVE_SYS_XATTR_H -DHAVE_ALLOCA_H -DHAVE_ARPA_INET_H -DHAVE_ARPA_TFTP_H -DHAVE_ASSERT_H -DHAVE_ERR_H -DHAVE_ERRNO_H -DHAVE_FCNTL_H -DHAVE_IDN2_H -DHAVE_IFADDRS_H -DHAVE_LIBGEN_H -DHAVE_LOCALE_H -DHAVE_NET_IF_H -DHAVE_NETDB_H -DHAVE_NETINET_IN_H -DHAVE_NETINET_TCP_H -DHAVE_POLL_H -DHAVE_PWD_H -DHAVE_SETJMP_H -DHAVE_SGTTY_H -DHAVE_SIGNAL_H -DHAVE_STDBOOL_H -DHAVE_STDINT_H -DHAVE_STDIO_H -DHAVE_STDLIB_H -DHAVE_STRING_H -DHAVE_STRINGS_H -DHAVE_STROPTS_H -DHAVE_TERMIO_H -DHAVE_TERMIOS_H -DHAVE_TIME_H -DHAVE_UNISTD_H -DHAVE_UTIME_H -DHAVE_STDDEF_H -DHAVE_DLFCN_H -DHAVE_MALLOC_H -DHAVE_MEMORY_H -DHAVE_NETINET_IF_ETHER_H -DHAVE_STDINT_H -DHAVE_SYS_UTSNAME_H -std=gnu11 -o CMakeFiles/cmTC_c2936.dir/CurlTests.c.o -c /home/turquoisekitty/download/cmake3_20/cmake-3.20.1/Utilities/cmcurl/CMake/CurlTests.c
/home/turquoisekitty/download/cmake3_20/cmake-3.20.1/Utilities/cmcurl/CMake/CurlTests.c: In function ‘main’:
/home/turquoisekitty/download/cmake3_20/cmake-3.20.1/Utilities/cmcurl/CMake/CurlTests.c:144:8: error: too few arguments to function ‘gethostbyname_r’
   rc = gethostbyname_r(address, &h, buffer, 8192, &h_errnop);
        ^~~~~~~~~~~~~~~
In file included from /home/turquoisekitty/download/cmake3_20/cmake-3.20.1/Utilities/cmcurl/CMake/CurlTests.c:93:
/usr/include/netdb.h:177:12: note: declared here
 extern int gethostbyname_r (const char *__restrict __name,
            ^~~~~~~~~~~~~~~
CMakeFiles/cmTC_c2936.dir/build.make:77: recipe for target 'CMakeFiles/cmTC_c2936.dir/CurlTests.c.o' failed
make[1]: *** [CMakeFiles/cmTC_c2936.dir/CurlTests.c.o] Error 1
make[1]: Leaving directory '/home/turquoisekitty/download/cmake3_20/cmake-3.20.1/CMakeFiles/CMakeTmp'
Makefile:127: recipe for target 'cmTC_c2936/fast' failed
make: *** [cmTC_c2936/fast] Error 2


Performing Curl Test HAVE_INET_NTOA_R_DECL failed with the following output:
Change Dir: /home/turquoisekitty/download/cmake3_20/cmake-3.20.1/CMakeFiles/CMakeTmp

Run Build Command(s):/usr/bin/make -f Makefile cmTC_226e9/fast && make  -f CMakeFiles/cmTC_226e9.dir/build.make CMakeFiles/cmTC_226e9.dir/build
make[1]: Entering directory '/home/turquoisekitty/download/cmake3_20/cmake-3.20.1/CMakeFiles/CMakeTmp'
Building C object CMakeFiles/cmTC_226e9.dir/CurlTests.c.o
/usr/bin/gcc   -w -DHAVE_INET_NTOA_R_DECL  -DHAVE_STDIO_H -DHAVE_INTTYPES_H -DHAVE_SYS_IOCTL_H -DHAVE_SYS_PARAM_H -DHAVE_SYS_POLL_H -DHAVE_SYS_RESOURCE_H -DHAVE_SYS_SELECT_H -DHAVE_SYS_SOCKET_H -DHAVE_SYS_STAT_H -DHAVE_SYS_TIME_H -DHAVE_SYS_TYPES_H -DHAVE_SYS_UIO_H -DHAVE_SYS_UN_H -DHAVE_SYS_XATTR_H -DHAVE_ALLOCA_H -DHAVE_ARPA_INET_H -DHAVE_ARPA_TFTP_H -DHAVE_ASSERT_H -DHAVE_ERR_H -DHAVE_ERRNO_H -DHAVE_FCNTL_H -DHAVE_IDN2_H -DHAVE_IFADDRS_H -DHAVE_LIBGEN_H -DHAVE_LOCALE_H -DHAVE_NET_IF_H -DHAVE_NETDB_H -DHAVE_NETINET_IN_H -DHAVE_NETINET_TCP_H -DHAVE_POLL_H -DHAVE_PWD_H -DHAVE_SETJMP_H -DHAVE_SGTTY_H -DHAVE_SIGNAL_H -DHAVE_STDBOOL_H -DHAVE_STDINT_H -DHAVE_STDIO_H -DHAVE_STDLIB_H -DHAVE_STRING_H -DHAVE_STRINGS_H -DHAVE_STROPTS_H -DHAVE_TERMIO_H -DHAVE_TERMIOS_H -DHAVE_TIME_H -DHAVE_UNISTD_H -DHAVE_UTIME_H -DHAVE_STDDEF_H -DHAVE_DLFCN_H -DHAVE_MALLOC_H -DHAVE_MEMORY_H -DHAVE_NETINET_IF_ETHER_H -DHAVE_STDINT_H -DHAVE_SYS_UTSNAME_H -std=gnu11 -o CMakeFiles/cmTC_226e9.dir/CurlTests.c.o -c /home/turquoisekitty/download/cmake3_20/cmake-3.20.1/Utilities/cmcurl/CMake/CurlTests.c
/home/turquoisekitty/download/cmake3_20/cmake-3.20.1/Utilities/cmcurl/CMake/CurlTests.c: In function ‘main’:
/home/turquoisekitty/download/cmake3_20/cmake-3.20.1/Utilities/cmcurl/CMake/CurlTests.c:244:21: error: ‘inet_ntoa_r’ undeclared (first use in this function); did you mean ‘inet_ntoa’?
   func = (func_type)inet_ntoa_r;
                     ^~~~~~~~~~~
                     inet_ntoa
/home/turquoisekitty/download/cmake3_20/cmake-3.20.1/Utilities/cmcurl/CMake/CurlTests.c:244:21: note: each undeclared identifier is reported only once for each function it appears in
CMakeFiles/cmTC_226e9.dir/build.make:77: recipe for target 'CMakeFiles/cmTC_226e9.dir/CurlTests.c.o' failed
make[1]: *** [CMakeFiles/cmTC_226e9.dir/CurlTests.c.o] Error 1
make[1]: Leaving directory '/home/turquoisekitty/download/cmake3_20/cmake-3.20.1/CMakeFiles/CMakeTmp'
Makefile:127: recipe for target 'cmTC_226e9/fast' failed
make: *** [cmTC_226e9/fast] Error 2


Performing Curl Test HAVE_INET_NTOA_R_DECL_REENTRANT failed with the following output:
Change Dir: /home/turquoisekitty/download/cmake3_20/cmake-3.20.1/CMakeFiles/CMakeTmp

Run Build Command(s):/usr/bin/make -f Makefile cmTC_8b80b/fast && make  -f CMakeFiles/cmTC_8b80b.dir/build.make CMakeFiles/cmTC_8b80b.dir/build
make[1]: Entering directory '/home/turquoisekitty/download/cmake3_20/cmake-3.20.1/CMakeFiles/CMakeTmp'
Building C object CMakeFiles/cmTC_8b80b.dir/CurlTests.c.o
/usr/bin/gcc   -w -DHAVE_INET_NTOA_R_DECL_REENTRANT  -DHAVE_STDIO_H -DHAVE_INTTYPES_H -DHAVE_SYS_IOCTL_H -DHAVE_SYS_PARAM_H -DHAVE_SYS_POLL_H -DHAVE_SYS_RESOURCE_H -DHAVE_SYS_SELECT_H -DHAVE_SYS_SOCKET_H -DHAVE_SYS_STAT_H -DHAVE_SYS_TIME_H -DHAVE_SYS_TYPES_H -DHAVE_SYS_UIO_H -DHAVE_SYS_UN_H -DHAVE_SYS_XATTR_H -DHAVE_ALLOCA_H -DHAVE_ARPA_INET_H -DHAVE_ARPA_TFTP_H -DHAVE_ASSERT_H -DHAVE_ERR_H -DHAVE_ERRNO_H -DHAVE_FCNTL_H -DHAVE_IDN2_H -DHAVE_IFADDRS_H -DHAVE_LIBGEN_H -DHAVE_LOCALE_H -DHAVE_NET_IF_H -DHAVE_NETDB_H -DHAVE_NETINET_IN_H -DHAVE_NETINET_TCP_H -DHAVE_POLL_H -DHAVE_PWD_H -DHAVE_SETJMP_H -DHAVE_SGTTY_H -DHAVE_SIGNAL_H -DHAVE_STDBOOL_H -DHAVE_STDINT_H -DHAVE_STDIO_H -DHAVE_STDLIB_H -DHAVE_STRING_H -DHAVE_STRINGS_H -DHAVE_STROPTS_H -DHAVE_TERMIO_H -DHAVE_TERMIOS_H -DHAVE_TIME_H -DHAVE_UNISTD_H -DHAVE_UTIME_H -DHAVE_STDDEF_H -DHAVE_DLFCN_H -DHAVE_MALLOC_H -DHAVE_MEMORY_H -DHAVE_NETINET_IF_ETHER_H -DHAVE_STDINT_H -DHAVE_SYS_UTSNAME_H -std=gnu11 -o CMakeFiles/cmTC_8b80b.dir/CurlTests.c.o -c /home/turquoisekitty/download/cmake3_20/cmake-3.20.1/Utilities/cmcurl/CMake/CurlTests.c
/home/turquoisekitty/download/cmake3_20/cmake-3.20.1/Utilities/cmcurl/CMake/CurlTests.c: In function ‘main’:
/home/turquoisekitty/download/cmake3_20/cmake-3.20.1/Utilities/cmcurl/CMake/CurlTests.c:260:22: error: ‘inet_ntoa_r’ undeclared (first use in this function); did you mean ‘inet_ntoa’?
   func = (func_type)&inet_ntoa_r;
                      ^~~~~~~~~~~
                      inet_ntoa
/home/turquoisekitty/download/cmake3_20/cmake-3.20.1/Utilities/cmcurl/CMake/CurlTests.c:260:22: note: each undeclared identifier is reported only once for each function it appears in
CMakeFiles/cmTC_8b80b.dir/build.make:77: recipe for target 'CMakeFiles/cmTC_8b80b.dir/CurlTests.c.o' failed
make[1]: *** [CMakeFiles/cmTC_8b80b.dir/CurlTests.c.o] Error 1
make[1]: Leaving directory '/home/turquoisekitty/download/cmake3_20/cmake-3.20.1/CMakeFiles/CMakeTmp'
Makefile:127: recipe for target 'cmTC_8b80b/fast' failed
make: *** [cmTC_8b80b/fast] Error 2


Performing Curl Test HAVE_GLIBC_STRERROR_R failed with the following output:
Change Dir: /home/turquoisekitty/download/cmake3_20/cmake-3.20.1/CMakeFiles/CMakeTmp

Run Build Command(s):/usr/bin/make -f Makefile cmTC_3d564/fast && make  -f CMakeFiles/cmTC_3d564.dir/build.make CMakeFiles/cmTC_3d564.dir/build
make[1]: Entering directory '/home/turquoisekitty/download/cmake3_20/cmake-3.20.1/CMakeFiles/CMakeTmp'
Building C object CMakeFiles/cmTC_3d564.dir/CurlTests.c.o
/usr/bin/gcc   -w -DHAVE_GLIBC_STRERROR_R  -DHAVE_STDIO_H -DHAVE_INTTYPES_H -DHAVE_SYS_IOCTL_H -DHAVE_SYS_PARAM_H -DHAVE_SYS_POLL_H -DHAVE_SYS_RESOURCE_H -DHAVE_SYS_SELECT_H -DHAVE_SYS_SOCKET_H -DHAVE_SYS_STAT_H -DHAVE_SYS_TIME_H -DHAVE_SYS_TYPES_H -DHAVE_SYS_UIO_H -DHAVE_SYS_UN_H -DHAVE_SYS_XATTR_H -DHAVE_ALLOCA_H -DHAVE_ARPA_INET_H -DHAVE_ARPA_TFTP_H -DHAVE_ASSERT_H -DHAVE_ERR_H -DHAVE_ERRNO_H -DHAVE_FCNTL_H -DHAVE_IDN2_H -DHAVE_IFADDRS_H -DHAVE_LIBGEN_H -DHAVE_LOCALE_H -DHAVE_NET_IF_H -DHAVE_NETDB_H -DHAVE_NETINET_IN_H -DHAVE_NETINET_TCP_H -DHAVE_POLL_H -DHAVE_PWD_H -DHAVE_SETJMP_H -DHAVE_SGTTY_H -DHAVE_SIGNAL_H -DHAVE_STDBOOL_H -DHAVE_STDINT_H -DHAVE_STDIO_H -DHAVE_STDLIB_H -DHAVE_STRING_H -DHAVE_STRINGS_H -DHAVE_STROPTS_H -DHAVE_TERMIO_H -DHAVE_TERMIOS_H -DHAVE_TIME_H -DHAVE_UNISTD_H -DHAVE_UTIME_H -DHAVE_STDDEF_H -DHAVE_DLFCN_H -DHAVE_MALLOC_H -DHAVE_MEMORY_H -DHAVE_NETINET_IF_ETHER_H -DHAVE_STDINT_H -DHAVE_SYS_UTSNAME_H -std=gnu11 -o CMakeFiles/cmTC_3d564.dir/CurlTests.c.o -c /home/turquoisekitty/download/cmake3_20/cmake-3.20.1/Utilities/cmcurl/CMake/CurlTests.c
/home/turquoisekitty/download/cmake3_20/cmake-3.20.1/Utilities/cmcurl/CMake/CurlTests.c: In function ‘main’:
/home/turquoisekitty/download/cmake3_20/cmake-3.20.1/Utilities/cmcurl/CMake/CurlTests.c:521:51: error: subscripted value is neither array nor pointer nor vector
   check(strerror_r(EACCES, buffer, sizeof(buffer))[0]);
                                                   ^
CMakeFiles/cmTC_3d564.dir/build.make:77: recipe for target 'CMakeFiles/cmTC_3d564.dir/CurlTests.c.o' failed
make[1]: *** [CMakeFiles/cmTC_3d564.dir/CurlTests.c.o] Error 1
make[1]: Leaving directory '/home/turquoisekitty/download/cmake3_20/cmake-3.20.1/CMakeFiles/CMakeTmp'
Makefile:127: recipe for target 'cmTC_3d564/fast' failed
make: *** [cmTC_3d564/fast] Error 2


Performing Curl Test HAVE_BUILTIN_AVAILABLE failed with the following output:
Change Dir: /home/turquoisekitty/download/cmake3_20/cmake-3.20.1/CMakeFiles/CMakeTmp

Run Build Command(s):/usr/bin/make -f Makefile cmTC_f1951/fast && make  -f CMakeFiles/cmTC_f1951.dir/build.make CMakeFiles/cmTC_f1951.dir/build
make[1]: Entering directory '/home/turquoisekitty/download/cmake3_20/cmake-3.20.1/CMakeFiles/CMakeTmp'
Building C object CMakeFiles/cmTC_f1951.dir/CurlTests.c.o
/usr/bin/gcc   -w -DHAVE_BUILTIN_AVAILABLE  -DHAVE_STDIO_H -DHAVE_INTTYPES_H -DHAVE_SYS_IOCTL_H -DHAVE_SYS_PARAM_H -DHAVE_SYS_POLL_H -DHAVE_SYS_RESOURCE_H -DHAVE_SYS_SELECT_H -DHAVE_SYS_SOCKET_H -DHAVE_SYS_STAT_H -DHAVE_SYS_TIME_H -DHAVE_SYS_TYPES_H -DHAVE_SYS_UIO_H -DHAVE_SYS_UN_H -DHAVE_SYS_XATTR_H -DHAVE_ALLOCA_H -DHAVE_ARPA_INET_H -DHAVE_ARPA_TFTP_H -DHAVE_ASSERT_H -DHAVE_ERR_H -DHAVE_ERRNO_H -DHAVE_FCNTL_H -DHAVE_IDN2_H -DHAVE_IFADDRS_H -DHAVE_LIBGEN_H -DHAVE_LOCALE_H -DHAVE_NET_IF_H -DHAVE_NETDB_H -DHAVE_NETINET_IN_H -DHAVE_NETINET_TCP_H -DHAVE_POLL_H -DHAVE_PWD_H -DHAVE_SETJMP_H -DHAVE_SGTTY_H -DHAVE_SIGNAL_H -DHAVE_STDBOOL_H -DHAVE_STDINT_H -DHAVE_STDIO_H -DHAVE_STDLIB_H -DHAVE_STRING_H -DHAVE_STRINGS_H -DHAVE_STROPTS_H -DHAVE_TERMIO_H -DHAVE_TERMIOS_H -DHAVE_TIME_H -DHAVE_UNISTD_H -DHAVE_UTIME_H -DHAVE_STDDEF_H -DHAVE_DLFCN_H -DHAVE_MALLOC_H -DHAVE_MEMORY_H -DHAVE_NETINET_IF_ETHER_H -DHAVE_STDINT_H -DHAVE_SYS_UTSNAME_H -std=gnu11 -o CMakeFiles/cmTC_f1951.dir/CurlTests.c.o -c /home/turquoisekitty/download/cmake3_20/cmake-3.20.1/Utilities/cmcurl/CMake/CurlTests.c
/home/turquoisekitty/download/cmake3_20/cmake-3.20.1/Utilities/cmcurl/CMake/CurlTests.c: In function ‘main’:
/home/turquoisekitty/download/cmake3_20/cmake-3.20.1/Utilities/cmcurl/CMake/CurlTests.c:568:26: error: ‘macOS’ undeclared (first use in this function)
   if(__builtin_available(macOS 10.12, *)) {}
                          ^~~~~
/home/turquoisekitty/download/cmake3_20/cmake-3.20.1/Utilities/cmcurl/CMake/CurlTests.c:568:26: note: each undeclared identifier is reported only once for each function it appears in
/home/turquoisekitty/download/cmake3_20/cmake-3.20.1/Utilities/cmcurl/CMake/CurlTests.c:568:31: error: expected ‘)’ before numeric constant
   if(__builtin_available(macOS 10.12, *)) {}
                               ^~~~~~
                               )
CMakeFiles/cmTC_f1951.dir/build.make:77: recipe for target 'CMakeFiles/cmTC_f1951.dir/CurlTests.c.o' failed
make[1]: *** [CMakeFiles/cmTC_f1951.dir/CurlTests.c.o] Error 1
make[1]: Leaving directory '/home/turquoisekitty/download/cmake3_20/cmake-3.20.1/CMakeFiles/CMakeTmp'
Makefile:127: recipe for target 'cmTC_f1951/fast' failed
make: *** [cmTC_f1951/fast] Error 2


Determining if the arc4random_buf exist failed with the following output:
Change Dir: /home/turquoisekitty/download/cmake3_20/cmake-3.20.1/CMakeFiles/CMakeTmp

Run Build Command(s):/usr/bin/make -f Makefile cmTC_50a0a/fast && make  -f CMakeFiles/cmTC_50a0a.dir/build.make CMakeFiles/cmTC_50a0a.dir/build
make[1]: Entering directory '/home/turquoisekitty/download/cmake3_20/cmake-3.20.1/CMakeFiles/CMakeTmp'
Building C object CMakeFiles/cmTC_50a0a.dir/CheckSymbolExists.c.o
/usr/bin/gcc   -w  -std=gnu11 -o CMakeFiles/cmTC_50a0a.dir/CheckSymbolExists.c.o -c /home/turquoisekitty/download/cmake3_20/cmake-3.20.1/CMakeFiles/CMakeTmp/CheckSymbolExists.c
/home/turquoisekitty/download/cmake3_20/cmake-3.20.1/CMakeFiles/CMakeTmp/CheckSymbolExists.c: In function ‘main’:
/home/turquoisekitty/download/cmake3_20/cmake-3.20.1/CMakeFiles/CMakeTmp/CheckSymbolExists.c:8:19: error: ‘arc4random_buf’ undeclared (first use in this function); did you mean ‘srandom_r’?
   return ((int*)(&arc4random_buf))[argc];
                   ^~~~~~~~~~~~~~
                   srandom_r
/home/turquoisekitty/download/cmake3_20/cmake-3.20.1/CMakeFiles/CMakeTmp/CheckSymbolExists.c:8:19: note: each undeclared identifier is reported only once for each function it appears in
CMakeFiles/cmTC_50a0a.dir/build.make:77: recipe for target 'CMakeFiles/cmTC_50a0a.dir/CheckSymbolExists.c.o' failed
make[1]: *** [CMakeFiles/cmTC_50a0a.dir/CheckSymbolExists.c.o] Error 1
make[1]: Leaving directory '/home/turquoisekitty/download/cmake3_20/cmake-3.20.1/CMakeFiles/CMakeTmp'
Makefile:127: recipe for target 'cmTC_50a0a/fast' failed
make: *** [cmTC_50a0a/fast] Error 2


File /home/turquoisekitty/download/cmake3_20/cmake-3.20.1/CMakeFiles/CMakeTmp/CheckSymbolExists.c:
/* */
#include <stdlib.h>

int main(int argc, char** argv)
{
  (void)argv;
#ifndef arc4random_buf
  return ((int*)(&arc4random_buf))[argc];
#else
  (void)argc;
  return 0;
#endif
}
Determining if the arc4random exist failed with the following output:
Change Dir: /home/turquoisekitty/download/cmake3_20/cmake-3.20.1/CMakeFiles/CMakeTmp

Run Build Command(s):/usr/bin/make -f Makefile cmTC_03942/fast && make  -f CMakeFiles/cmTC_03942.dir/build.make CMakeFiles/cmTC_03942.dir/build
make[1]: Entering directory '/home/turquoisekitty/download/cmake3_20/cmake-3.20.1/CMakeFiles/CMakeTmp'
Building C object CMakeFiles/cmTC_03942.dir/CheckSymbolExists.c.o
/usr/bin/gcc   -w  -std=gnu11 -o CMakeFiles/cmTC_03942.dir/CheckSymbolExists.c.o -c /home/turquoisekitty/download/cmake3_20/cmake-3.20.1/CMakeFiles/CMakeTmp/CheckSymbolExists.c
/home/turquoisekitty/download/cmake3_20/cmake-3.20.1/CMakeFiles/CMakeTmp/CheckSymbolExists.c: In function ‘main’:
/home/turquoisekitty/download/cmake3_20/cmake-3.20.1/CMakeFiles/CMakeTmp/CheckSymbolExists.c:8:19: error: ‘arc4random’ undeclared (first use in this function); did you mean ‘srandom’?
   return ((int*)(&arc4random))[argc];
                   ^~~~~~~~~~
                   srandom
/home/turquoisekitty/download/cmake3_20/cmake-3.20.1/CMakeFiles/CMakeTmp/CheckSymbolExists.c:8:19: note: each undeclared identifier is reported only once for each function it appears in
CMakeFiles/cmTC_03942.dir/build.make:77: recipe for target 'CMakeFiles/cmTC_03942.dir/CheckSymbolExists.c.o' failed
make[1]: *** [CMakeFiles/cmTC_03942.dir/CheckSymbolExists.c.o] Error 1
make[1]: Leaving directory '/home/turquoisekitty/download/cmake3_20/cmake-3.20.1/CMakeFiles/CMakeTmp'
Makefile:127: recipe for target 'cmTC_03942/fast' failed
make: *** [cmTC_03942/fast] Error 2


File /home/turquoisekitty/download/cmake3_20/cmake-3.20.1/CMakeFiles/CMakeTmp/CheckSymbolExists.c:
/* */
#include <stdlib.h>

int main(int argc, char** argv)
{
  (void)argv;
#ifndef arc4random
  return ((int*)(&arc4random))[argc];
#else
  (void)argc;
  return 0;
#endif
}
Determining if files sys/types.h;ctype.h;copyfile.h exist failed with the following output:
Change Dir: /home/turquoisekitty/download/cmake3_20/cmake-3.20.1/CMakeFiles/CMakeTmp

Run Build Command(s):/usr/bin/make -f Makefile cmTC_048c4/fast && make  -f CMakeFiles/cmTC_048c4.dir/build.make CMakeFiles/cmTC_048c4.dir/build
make[1]: Entering directory '/home/turquoisekitty/download/cmake3_20/cmake-3.20.1/CMakeFiles/CMakeTmp'
Building C object CMakeFiles/cmTC_048c4.dir/HAVE_COPYFILE_H.c.o
/usr/bin/gcc   -w  -std=gnu11 -o CMakeFiles/cmTC_048c4.dir/HAVE_COPYFILE_H.c.o -c /home/turquoisekitty/download/cmake3_20/cmake-3.20.1/CMakeFiles/CheckIncludeFiles/HAVE_COPYFILE_H.c
/home/turquoisekitty/download/cmake3_20/cmake-3.20.1/CMakeFiles/CheckIncludeFiles/HAVE_COPYFILE_H.c:4:10: fatal error: copyfile.h: No such file or directory
 #include <copyfile.h>
          ^~~~~~~~~~~~
compilation terminated.
CMakeFiles/cmTC_048c4.dir/build.make:77: recipe for target 'CMakeFiles/cmTC_048c4.dir/HAVE_COPYFILE_H.c.o' failed
make[1]: *** [CMakeFiles/cmTC_048c4.dir/HAVE_COPYFILE_H.c.o] Error 1
make[1]: Leaving directory '/home/turquoisekitty/download/cmake3_20/cmake-3.20.1/CMakeFiles/CMakeTmp'
Makefile:127: recipe for target 'cmTC_048c4/fast' failed
make: *** [cmTC_048c4/fast] Error 2


Source:
/* */
#include <sys/types.h>
#include <ctype.h>
#include <copyfile.h>


int main(void){return 0;}

Determining if files sys/types.h;ctype.h;direct.h exist failed with the following output:
Change Dir: /home/turquoisekitty/download/cmake3_20/cmake-3.20.1/CMakeFiles/CMakeTmp

Run Build Command(s):/usr/bin/make -f Makefile cmTC_a9524/fast && make  -f CMakeFiles/cmTC_a9524.dir/build.make CMakeFiles/cmTC_a9524.dir/build
make[1]: Entering directory '/home/turquoisekitty/download/cmake3_20/cmake-3.20.1/CMakeFiles/CMakeTmp'
Building C object CMakeFiles/cmTC_a9524.dir/HAVE_DIRECT_H.c.o
/usr/bin/gcc   -w  -std=gnu11 -o CMakeFiles/cmTC_a9524.dir/HAVE_DIRECT_H.c.o -c /home/turquoisekitty/download/cmake3_20/cmake-3.20.1/CMakeFiles/CheckIncludeFiles/HAVE_DIRECT_H.c
/home/turquoisekitty/download/cmake3_20/cmake-3.20.1/CMakeFiles/CheckIncludeFiles/HAVE_DIRECT_H.c:4:10: fatal error: direct.h: No such file or directory
 #include <direct.h>
          ^~~~~~~~~~
compilation terminated.
CMakeFiles/cmTC_a9524.dir/build.make:77: recipe for target 'CMakeFiles/cmTC_a9524.dir/HAVE_DIRECT_H.c.o' failed
make[1]: *** [CMakeFiles/cmTC_a9524.dir/HAVE_DIRECT_H.c.o] Error 1
make[1]: Leaving directory '/home/turquoisekitty/download/cmake3_20/cmake-3.20.1/CMakeFiles/CMakeTmp'
Makefile:127: recipe for target 'cmTC_a9524/fast' failed
make: *** [cmTC_a9524/fast] Error 2


Source:
/* */
#include <sys/types.h>
#include <ctype.h>
#include <direct.h>


int main(void){return 0;}

Determining if files sys/types.h;ctype.h;dlfcn.h;errno.h;ext2fs/ext2_fs.h exist failed with the following output:
Change Dir: /home/turquoisekitty/download/cmake3_20/cmake-3.20.1/CMakeFiles/CMakeTmp

Run Build Command(s):/usr/bin/make -f Makefile cmTC_ab415/fast && make  -f CMakeFiles/cmTC_ab415.dir/build.make CMakeFiles/cmTC_ab415.dir/build
make[1]: Entering directory '/home/turquoisekitty/download/cmake3_20/cmake-3.20.1/CMakeFiles/CMakeTmp'
Building C object CMakeFiles/cmTC_ab415.dir/HAVE_EXT2FS_EXT2_FS_H.c.o
/usr/bin/gcc   -w  -std=gnu11 -o CMakeFiles/cmTC_ab415.dir/HAVE_EXT2FS_EXT2_FS_H.c.o -c /home/turquoisekitty/download/cmake3_20/cmake-3.20.1/CMakeFiles/CheckIncludeFiles/HAVE_EXT2FS_EXT2_FS_H.c
/home/turquoisekitty/download/cmake3_20/cmake-3.20.1/CMakeFiles/CheckIncludeFiles/HAVE_EXT2FS_EXT2_FS_H.c:6:10: fatal error: ext2fs/ext2_fs.h: No such file or directory
 #include <ext2fs/ext2_fs.h>
          ^~~~~~~~~~~~~~~~~~
compilation terminated.
CMakeFiles/cmTC_ab415.dir/build.make:77: recipe for target 'CMakeFiles/cmTC_ab415.dir/HAVE_EXT2FS_EXT2_FS_H.c.o' failed
make[1]: *** [CMakeFiles/cmTC_ab415.dir/HAVE_EXT2FS_EXT2_FS_H.c.o] Error 1
make[1]: Leaving directory '/home/turquoisekitty/download/cmake3_20/cmake-3.20.1/CMakeFiles/CMakeTmp'
Makefile:127: recipe for target 'cmTC_ab415/fast' failed
make: *** [cmTC_ab415/fast] Error 2


Source:
/* */
#include <sys/types.h>
#include <ctype.h>
#include <dlfcn.h>
#include <errno.h>
#include <ext2fs/ext2_fs.h>


int main(void){return 0;}

Performing C SOURCE FILE Test HAVE_WORKING_EXT2_IOC_GETFLAGS failed with the following output:
Change Dir: /home/turquoisekitty/download/cmake3_20/cmake-3.20.1/CMakeFiles/CMakeTmp

Run Build Command(s):/usr/bin/make -f Makefile cmTC_81f79/fast && make  -f CMakeFiles/cmTC_81f79.dir/build.make CMakeFiles/cmTC_81f79.dir/build
make[1]: Entering directory '/home/turquoisekitty/download/cmake3_20/cmake-3.20.1/CMakeFiles/CMakeTmp'
Building C object CMakeFiles/cmTC_81f79.dir/src.c.o
/usr/bin/gcc -DHAVE_WORKING_EXT2_IOC_GETFLAGS  -w  -std=gnu11 -o CMakeFiles/cmTC_81f79.dir/src.c.o -c /home/turquoisekitty/download/cmake3_20/cmake-3.20.1/CMakeFiles/CMakeTmp/src.c
/home/turquoisekitty/download/cmake3_20/cmake-3.20.1/CMakeFiles/CMakeTmp/src.c:2:10: fatal error: ext2fs/ext2_fs.h: No such file or directory
 #include <ext2fs/ext2_fs.h>
          ^~~~~~~~~~~~~~~~~~
compilation terminated.
CMakeFiles/cmTC_81f79.dir/build.make:77: recipe for target 'CMakeFiles/cmTC_81f79.dir/src.c.o' failed
make[1]: *** [CMakeFiles/cmTC_81f79.dir/src.c.o] Error 1
make[1]: Leaving directory '/home/turquoisekitty/download/cmake3_20/cmake-3.20.1/CMakeFiles/CMakeTmp'
Makefile:127: recipe for target 'cmTC_81f79/fast' failed
make: *** [cmTC_81f79/fast] Error 2


Source file was:
#include <sys/ioctl.h>
#include <ext2fs/ext2_fs.h>
int main(void) { return EXT2_IOC_GETFLAGS; }
Determining if files sys/types.h;ctype.h;dlfcn.h;errno.h;fcntl.h;grp.h;langinfo.h;limits.h;linux/types.h;linux/fiemap.h;linux/fs.h;linux/magic.h;locale.h;membership.h exist failed with the following output:
Change Dir: /home/turquoisekitty/download/cmake3_20/cmake-3.20.1/CMakeFiles/CMakeTmp

Run Build Command(s):/usr/bin/make -f Makefile cmTC_fdd96/fast && make  -f CMakeFiles/cmTC_fdd96.dir/build.make CMakeFiles/cmTC_fdd96.dir/build
make[1]: Entering directory '/home/turquoisekitty/download/cmake3_20/cmake-3.20.1/CMakeFiles/CMakeTmp'
Building C object CMakeFiles/cmTC_fdd96.dir/HAVE_MEMBERSHIP_H.c.o
/usr/bin/gcc   -w  -std=gnu11 -o CMakeFiles/cmTC_fdd96.dir/HAVE_MEMBERSHIP_H.c.o -c /home/turquoisekitty/download/cmake3_20/cmake-3.20.1/CMakeFiles/CheckIncludeFiles/HAVE_MEMBERSHIP_H.c
/home/turquoisekitty/download/cmake3_20/cmake-3.20.1/CMakeFiles/CheckIncludeFiles/HAVE_MEMBERSHIP_H.c:15:10: fatal error: membership.h: No such file or directory
 #include <membership.h>
          ^~~~~~~~~~~~~~
compilation terminated.
CMakeFiles/cmTC_fdd96.dir/build.make:77: recipe for target 'CMakeFiles/cmTC_fdd96.dir/HAVE_MEMBERSHIP_H.c.o' failed
make[1]: *** [CMakeFiles/cmTC_fdd96.dir/HAVE_MEMBERSHIP_H.c.o] Error 1
make[1]: Leaving directory '/home/turquoisekitty/download/cmake3_20/cmake-3.20.1/CMakeFiles/CMakeTmp'
Makefile:127: recipe for target 'cmTC_fdd96/fast' failed
make: *** [cmTC_fdd96/fast] Error 2


Source:
/* */
#include <sys/types.h>
#include <ctype.h>
#include <dlfcn.h>
#include <errno.h>
#include <fcntl.h>
#include <grp.h>
#include <langinfo.h>
#include <limits.h>
#include <linux/types.h>
#include <linux/fiemap.h>
#include <linux/fs.h>
#include <linux/magic.h>
#include <locale.h>
#include <membership.h>


int main(void){return 0;}

Determining if files sys/types.h;ctype.h;dlfcn.h;errno.h;fcntl.h;grp.h;langinfo.h;limits.h;linux/types.h;linux/fiemap.h;linux/fs.h;linux/magic.h;locale.h;memory.h;paths.h;poll.h;pthread.h;pwd.h;readpassphrase.h exist failed with the following output:
Change Dir: /home/turquoisekitty/download/cmake3_20/cmake-3.20.1/CMakeFiles/CMakeTmp

Run Build Command(s):/usr/bin/make -f Makefile cmTC_47140/fast && make  -f CMakeFiles/cmTC_47140.dir/build.make CMakeFiles/cmTC_47140.dir/build
make[1]: Entering directory '/home/turquoisekitty/download/cmake3_20/cmake-3.20.1/CMakeFiles/CMakeTmp'
Building C object CMakeFiles/cmTC_47140.dir/HAVE_READPASSPHRASE_H.c.o
/usr/bin/gcc   -w  -std=gnu11 -o CMakeFiles/cmTC_47140.dir/HAVE_READPASSPHRASE_H.c.o -c /home/turquoisekitty/download/cmake3_20/cmake-3.20.1/CMakeFiles/CheckIncludeFiles/HAVE_READPASSPHRASE_H.c
/home/turquoisekitty/download/cmake3_20/cmake-3.20.1/CMakeFiles/CheckIncludeFiles/HAVE_READPASSPHRASE_H.c:20:10: fatal error: readpassphrase.h: No such file or directory
 #include <readpassphrase.h>
          ^~~~~~~~~~~~~~~~~~
compilation terminated.
CMakeFiles/cmTC_47140.dir/build.make:77: recipe for target 'CMakeFiles/cmTC_47140.dir/HAVE_READPASSPHRASE_H.c.o' failed
make[1]: *** [CMakeFiles/cmTC_47140.dir/HAVE_READPASSPHRASE_H.c.o] Error 1
make[1]: Leaving directory '/home/turquoisekitty/download/cmake3_20/cmake-3.20.1/CMakeFiles/CMakeTmp'
Makefile:127: recipe for target 'cmTC_47140/fast' failed
make: *** [cmTC_47140/fast] Error 2


Source:
/* */
#include <sys/types.h>
#include <ctype.h>
#include <dlfcn.h>
#include <errno.h>
#include <fcntl.h>
#include <grp.h>
#include <langinfo.h>
#include <limits.h>
#include <linux/types.h>
#include <linux/fiemap.h>
#include <linux/fs.h>
#include <linux/magic.h>
#include <locale.h>
#include <memory.h>
#include <paths.h>
#include <poll.h>
#include <pthread.h>
#include <pwd.h>
#include <readpassphrase.h>


int main(void){return 0;}

Determining if files sys/types.h;ctype.h;dlfcn.h;errno.h;fcntl.h;grp.h;langinfo.h;limits.h;linux/types.h;linux/fiemap.h;linux/fs.h;linux/magic.h;locale.h;memory.h;paths.h;poll.h;pthread.h;pwd.h;regex.h;signal.h;spawn.h;stdarg.h;stdlib.h;string.h;strings.h;sys/acl.h exist failed with the following output:
Change Dir: /home/turquoisekitty/download/cmake3_20/cmake-3.20.1/CMakeFiles/CMakeTmp

Run Build Command(s):/usr/bin/make -f Makefile cmTC_bbef7/fast && make  -f CMakeFiles/cmTC_bbef7.dir/build.make CMakeFiles/cmTC_bbef7.dir/build
make[1]: Entering directory '/home/turquoisekitty/download/cmake3_20/cmake-3.20.1/CMakeFiles/CMakeTmp'
Building C object CMakeFiles/cmTC_bbef7.dir/HAVE_SYS_ACL_H.c.o
/usr/bin/gcc   -w  -std=gnu11 -o CMakeFiles/cmTC_bbef7.dir/HAVE_SYS_ACL_H.c.o -c /home/turquoisekitty/download/cmake3_20/cmake-3.20.1/CMakeFiles/CheckIncludeFiles/HAVE_SYS_ACL_H.c
/home/turquoisekitty/download/cmake3_20/cmake-3.20.1/CMakeFiles/CheckIncludeFiles/HAVE_SYS_ACL_H.c:27:10: fatal error: sys/acl.h: No such file or directory
 #include <sys/acl.h>
          ^~~~~~~~~~~
compilation terminated.
CMakeFiles/cmTC_bbef7.dir/build.make:77: recipe for target 'CMakeFiles/cmTC_bbef7.dir/HAVE_SYS_ACL_H.c.o' failed
make[1]: *** [CMakeFiles/cmTC_bbef7.dir/HAVE_SYS_ACL_H.c.o] Error 1
make[1]: Leaving directory '/home/turquoisekitty/download/cmake3_20/cmake-3.20.1/CMakeFiles/CMakeTmp'
Makefile:127: recipe for target 'cmTC_bbef7/fast' failed
make: *** [cmTC_bbef7/fast] Error 2


Source:
/* */
#include <sys/types.h>
#include <ctype.h>
#include <dlfcn.h>
#include <errno.h>
#include <fcntl.h>
#include <grp.h>
#include <langinfo.h>
#include <limits.h>
#include <linux/types.h>
#include <linux/fiemap.h>
#include <linux/fs.h>
#include <linux/magic.h>
#include <locale.h>
#include <memory.h>
#include <paths.h>
#include <poll.h>
#include <pthread.h>
#include <pwd.h>
#include <regex.h>
#include <signal.h>
#include <spawn.h>
#include <stdarg.h>
#include <stdlib.h>
#include <string.h>
#include <strings.h>
#include <sys/acl.h>


int main(void){return 0;}

Determining if files sys/types.h;ctype.h;dlfcn.h;errno.h;fcntl.h;grp.h;langinfo.h;limits.h;linux/types.h;linux/fiemap.h;linux/fs.h;linux/magic.h;locale.h;memory.h;paths.h;poll.h;pthread.h;pwd.h;regex.h;signal.h;spawn.h;stdarg.h;stdlib.h;string.h;strings.h;sys/cdefs.h;sys/extattr.h exist failed with the following output:
Change Dir: /home/turquoisekitty/download/cmake3_20/cmake-3.20.1/CMakeFiles/CMakeTmp

Run Build Command(s):/usr/bin/make -f Makefile cmTC_abb5d/fast && make  -f CMakeFiles/cmTC_abb5d.dir/build.make CMakeFiles/cmTC_abb5d.dir/build
make[1]: Entering directory '/home/turquoisekitty/download/cmake3_20/cmake-3.20.1/CMakeFiles/CMakeTmp'
Building C object CMakeFiles/cmTC_abb5d.dir/HAVE_SYS_EXTATTR_H.c.o
/usr/bin/gcc   -w  -std=gnu11 -o CMakeFiles/cmTC_abb5d.dir/HAVE_SYS_EXTATTR_H.c.o -c /home/turquoisekitty/download/cmake3_20/cmake-3.20.1/CMakeFiles/CheckIncludeFiles/HAVE_SYS_EXTATTR_H.c
/home/turquoisekitty/download/cmake3_20/cmake-3.20.1/CMakeFiles/CheckIncludeFiles/HAVE_SYS_EXTATTR_H.c:28:10: fatal error: sys/extattr.h: No such file or directory
 #include <sys/extattr.h>
          ^~~~~~~~~~~~~~~
compilation terminated.
CMakeFiles/cmTC_abb5d.dir/build.make:77: recipe for target 'CMakeFiles/cmTC_abb5d.dir/HAVE_SYS_EXTATTR_H.c.o' failed
make[1]: *** [CMakeFiles/cmTC_abb5d.dir/HAVE_SYS_EXTATTR_H.c.o] Error 1
make[1]: Leaving directory '/home/turquoisekitty/download/cmake3_20/cmake-3.20.1/CMakeFiles/CMakeTmp'
Makefile:127: recipe for target 'cmTC_abb5d/fast' failed
make: *** [cmTC_abb5d/fast] Error 2


Source:
/* */
#include <sys/types.h>
#include <ctype.h>
#include <dlfcn.h>
#include <errno.h>
#include <fcntl.h>
#include <grp.h>
#include <langinfo.h>
#include <limits.h>
#include <linux/types.h>
#include <linux/fiemap.h>
#include <linux/fs.h>
#include <linux/magic.h>
#include <locale.h>
#include <memory.h>
#include <paths.h>
#include <poll.h>
#include <pthread.h>
#include <pwd.h>
#include <regex.h>
#include <signal.h>
#include <spawn.h>
#include <stdarg.h>
#include <stdlib.h>
#include <string.h>
#include <strings.h>
#include <sys/cdefs.h>
#include <sys/extattr.h>


int main(void){return 0;}

Determining if files sys/types.h;ctype.h;dlfcn.h;errno.h;fcntl.h;grp.h;langinfo.h;limits.h;linux/types.h;linux/fiemap.h;linux/fs.h;linux/magic.h;locale.h;memory.h;paths.h;poll.h;pthread.h;pwd.h;regex.h;signal.h;spawn.h;stdarg.h;stdlib.h;string.h;strings.h;sys/cdefs.h;sys/ioctl.h;sys/mkdev.h exist failed with the following output:
Change Dir: /home/turquoisekitty/download/cmake3_20/cmake-3.20.1/CMakeFiles/CMakeTmp

Run Build Command(s):/usr/bin/make -f Makefile cmTC_23975/fast && make  -f CMakeFiles/cmTC_23975.dir/build.make CMakeFiles/cmTC_23975.dir/build
make[1]: Entering directory '/home/turquoisekitty/download/cmake3_20/cmake-3.20.1/CMakeFiles/CMakeTmp'
Building C object CMakeFiles/cmTC_23975.dir/HAVE_SYS_MKDEV_H.c.o
/usr/bin/gcc   -w  -std=gnu11 -o CMakeFiles/cmTC_23975.dir/HAVE_SYS_MKDEV_H.c.o -c /home/turquoisekitty/download/cmake3_20/cmake-3.20.1/CMakeFiles/CheckIncludeFiles/HAVE_SYS_MKDEV_H.c
/home/turquoisekitty/download/cmake3_20/cmake-3.20.1/CMakeFiles/CheckIncludeFiles/HAVE_SYS_MKDEV_H.c:29:10: fatal error: sys/mkdev.h: No such file or directory
 #include <sys/mkdev.h>
          ^~~~~~~~~~~~~
compilation terminated.
CMakeFiles/cmTC_23975.dir/build.make:77: recipe for target 'CMakeFiles/cmTC_23975.dir/HAVE_SYS_MKDEV_H.c.o' failed
make[1]: *** [CMakeFiles/cmTC_23975.dir/HAVE_SYS_MKDEV_H.c.o] Error 1
make[1]: Leaving directory '/home/turquoisekitty/download/cmake3_20/cmake-3.20.1/CMakeFiles/CMakeTmp'
Makefile:127: recipe for target 'cmTC_23975/fast' failed
make: *** [cmTC_23975/fast] Error 2


Source:
/* */
#include <sys/types.h>
#include <ctype.h>
#include <dlfcn.h>
#include <errno.h>
#include <fcntl.h>
#include <grp.h>
#include <langinfo.h>
#include <limits.h>
#include <linux/types.h>
#include <linux/fiemap.h>
#include <linux/fs.h>
#include <linux/magic.h>
#include <locale.h>
#include <memory.h>
#include <paths.h>
#include <poll.h>
#include <pthread.h>
#include <pwd.h>
#include <regex.h>
#include <signal.h>
#include <spawn.h>
#include <stdarg.h>
#include <stdlib.h>
#include <string.h>
#include <strings.h>
#include <sys/cdefs.h>
#include <sys/ioctl.h>
#include <sys/mkdev.h>


int main(void){return 0;}

Determining if files sys/types.h;ctype.h;dlfcn.h;errno.h;fcntl.h;grp.h;langinfo.h;limits.h;linux/types.h;linux/fiemap.h;linux/fs.h;linux/magic.h;locale.h;memory.h;paths.h;poll.h;pthread.h;pwd.h;regex.h;signal.h;spawn.h;stdarg.h;stdlib.h;string.h;strings.h;sys/cdefs.h;sys/ioctl.h;sys/mount.h exist failed with the following output:
Change Dir: /home/turquoisekitty/download/cmake3_20/cmake-3.20.1/CMakeFiles/CMakeTmp

Run Build Command(s):/usr/bin/make -f Makefile cmTC_6d7ae/fast && make  -f CMakeFiles/cmTC_6d7ae.dir/build.make CMakeFiles/cmTC_6d7ae.dir/build
make[1]: Entering directory '/home/turquoisekitty/download/cmake3_20/cmake-3.20.1/CMakeFiles/CMakeTmp'
Building C object CMakeFiles/cmTC_6d7ae.dir/HAVE_SYS_MOUNT_H.c.o
/usr/bin/gcc   -w  -std=gnu11 -o CMakeFiles/cmTC_6d7ae.dir/HAVE_SYS_MOUNT_H.c.o -c /home/turquoisekitty/download/cmake3_20/cmake-3.20.1/CMakeFiles/CheckIncludeFiles/HAVE_SYS_MOUNT_H.c
In file included from /home/turquoisekitty/download/cmake3_20/cmake-3.20.1/CMakeFiles/CheckIncludeFiles/HAVE_SYS_MOUNT_H.c:12:
/usr/include/x86_64-linux-gnu/sys/mount.h:35:3: error: expected identifier before numeric constant
   MS_RDONLY = 1,  /* Mount read-only.  */
   ^~~~~~~~~
CMakeFiles/cmTC_6d7ae.dir/build.make:77: recipe for target 'CMakeFiles/cmTC_6d7ae.dir/HAVE_SYS_MOUNT_H.c.o' failed
make[1]: *** [CMakeFiles/cmTC_6d7ae.dir/HAVE_SYS_MOUNT_H.c.o] Error 1
make[1]: Leaving directory '/home/turquoisekitty/download/cmake3_20/cmake-3.20.1/CMakeFiles/CMakeTmp'
Makefile:127: recipe for target 'cmTC_6d7ae/fast' failed
make: *** [cmTC_6d7ae/fast] Error 2


Source:
/* */
#include <sys/types.h>
#include <ctype.h>
#include <dlfcn.h>
#include <errno.h>
#include <fcntl.h>
#include <grp.h>
#include <langinfo.h>
#include <limits.h>
#include <linux/types.h>
#include <linux/fiemap.h>
#include <linux/fs.h>
#include <linux/magic.h>
#include <locale.h>
#include <memory.h>
#include <paths.h>
#include <poll.h>
#include <pthread.h>
#include <pwd.h>
#include <regex.h>
#include <signal.h>
#include <spawn.h>
#include <stdarg.h>
#include <stdlib.h>
#include <string.h>
#include <strings.h>
#include <sys/cdefs.h>
#include <sys/ioctl.h>
#include <sys/mount.h>


int main(void){return 0;}

Determining if files sys/types.h;ctype.h;dlfcn.h;errno.h;fcntl.h;grp.h;langinfo.h;limits.h;linux/types.h;linux/fiemap.h;linux/fs.h;linux/magic.h;locale.h;memory.h;paths.h;poll.h;pthread.h;pwd.h;regex.h;signal.h;spawn.h;stdarg.h;stdlib.h;string.h;strings.h;sys/cdefs.h;sys/ioctl.h;sys/param.h;sys/poll.h;sys/richacl.h exist failed with the following output:
Change Dir: /home/turquoisekitty/download/cmake3_20/cmake-3.20.1/CMakeFiles/CMakeTmp

Run Build Command(s):/usr/bin/make -f Makefile cmTC_661d2/fast && make  -f CMakeFiles/cmTC_661d2.dir/build.make CMakeFiles/cmTC_661d2.dir/build
make[1]: Entering directory '/home/turquoisekitty/download/cmake3_20/cmake-3.20.1/CMakeFiles/CMakeTmp'
Building C object CMakeFiles/cmTC_661d2.dir/HAVE_SYS_RICHACL_H.c.o
/usr/bin/gcc   -w  -std=gnu11 -o CMakeFiles/cmTC_661d2.dir/HAVE_SYS_RICHACL_H.c.o -c /home/turquoisekitty/download/cmake3_20/cmake-3.20.1/CMakeFiles/CheckIncludeFiles/HAVE_SYS_RICHACL_H.c
/home/turquoisekitty/download/cmake3_20/cmake-3.20.1/CMakeFiles/CheckIncludeFiles/HAVE_SYS_RICHACL_H.c:31:10: fatal error: sys/richacl.h: No such file or directory
 #include <sys/richacl.h>
          ^~~~~~~~~~~~~~~
compilation terminated.
CMakeFiles/cmTC_661d2.dir/build.make:77: recipe for target 'CMakeFiles/cmTC_661d2.dir/HAVE_SYS_RICHACL_H.c.o' failed
make[1]: *** [CMakeFiles/cmTC_661d2.dir/HAVE_SYS_RICHACL_H.c.o] Error 1
make[1]: Leaving directory '/home/turquoisekitty/download/cmake3_20/cmake-3.20.1/CMakeFiles/CMakeTmp'
Makefile:127: recipe for target 'cmTC_661d2/fast' failed
make: *** [cmTC_661d2/fast] Error 2


Source:
/* */
#include <sys/types.h>
#include <ctype.h>
#include <dlfcn.h>
#include <errno.h>
#include <fcntl.h>
#include <grp.h>
#include <langinfo.h>
#include <limits.h>
#include <linux/types.h>
#include <linux/fiemap.h>
#include <linux/fs.h>
#include <linux/magic.h>
#include <locale.h>
#include <memory.h>
#include <paths.h>
#include <poll.h>
#include <pthread.h>
#include <pwd.h>
#include <regex.h>
#include <signal.h>
#include <spawn.h>
#include <stdarg.h>
#include <stdlib.h>
#include <string.h>
#include <strings.h>
#include <sys/cdefs.h>
#include <sys/ioctl.h>
#include <sys/param.h>
#include <sys/poll.h>
#include <sys/richacl.h>


int main(void){return 0;}

Determining if files sys/types.h;ctype.h;dlfcn.h;errno.h;fcntl.h;grp.h;langinfo.h;limits.h;linux/types.h;linux/fiemap.h;linux/fs.h;linux/magic.h;locale.h;memory.h;paths.h;poll.h;pthread.h;pwd.h;regex.h;signal.h;spawn.h;stdarg.h;stdlib.h;string.h;strings.h;sys/cdefs.h;sys/ioctl.h;sys/param.h;sys/poll.h;sys/select.h;sys/stat.h;sys/statfs.h;sys/statvfs.h;sys/sysmacros.h;sys/time.h;sys/utsname.h;sys/vfs.h;sys/wait.h;sys/xattr.h;time.h;unistd.h;utime.h;wchar.h;wctype.h;windows.h exist failed with the following output:
Change Dir: /home/turquoisekitty/download/cmake3_20/cmake-3.20.1/CMakeFiles/CMakeTmp

Run Build Command(s):/usr/bin/make -f Makefile cmTC_9a163/fast && make  -f CMakeFiles/cmTC_9a163.dir/build.make CMakeFiles/cmTC_9a163.dir/build
make[1]: Entering directory '/home/turquoisekitty/download/cmake3_20/cmake-3.20.1/CMakeFiles/CMakeTmp'
Building C object CMakeFiles/cmTC_9a163.dir/HAVE_WINDOWS_H.c.o
/usr/bin/gcc   -w  -std=gnu11 -o CMakeFiles/cmTC_9a163.dir/HAVE_WINDOWS_H.c.o -c /home/turquoisekitty/download/cmake3_20/cmake-3.20.1/CMakeFiles/CheckIncludeFiles/HAVE_WINDOWS_H.c
/home/turquoisekitty/download/cmake3_20/cmake-3.20.1/CMakeFiles/CheckIncludeFiles/HAVE_WINDOWS_H.c:46:10: fatal error: windows.h: No such file or directory
 #include <windows.h>
          ^~~~~~~~~~~
compilation terminated.
CMakeFiles/cmTC_9a163.dir/build.make:77: recipe for target 'CMakeFiles/cmTC_9a163.dir/HAVE_WINDOWS_H.c.o' failed
make[1]: *** [CMakeFiles/cmTC_9a163.dir/HAVE_WINDOWS_H.c.o] Error 1
make[1]: Leaving directory '/home/turquoisekitty/download/cmake3_20/cmake-3.20.1/CMakeFiles/CMakeTmp'
Makefile:127: recipe for target 'cmTC_9a163/fast' failed
make: *** [cmTC_9a163/fast] Error 2


Source:
/* */
#include <sys/types.h>
#include <ctype.h>
#include <dlfcn.h>
#include <errno.h>
#include <fcntl.h>
#include <grp.h>
#include <langinfo.h>
#include <limits.h>
#include <linux/types.h>
#include <linux/fiemap.h>
#include <linux/fs.h>
#include <linux/magic.h>
#include <locale.h>
#include <memory.h>
#include <paths.h>
#include <poll.h>
#include <pthread.h>
#include <pwd.h>
#include <regex.h>
#include <signal.h>
#include <spawn.h>
#include <stdarg.h>
#include <stdlib.h>
#include <string.h>
#include <strings.h>
#include <sys/cdefs.h>
#include <sys/ioctl.h>
#include <sys/param.h>
#include <sys/poll.h>
#include <sys/select.h>
#include <sys/stat.h>
#include <sys/statfs.h>
#include <sys/statvfs.h>
#include <sys/sysmacros.h>
#include <sys/time.h>
#include <sys/utsname.h>
#include <sys/vfs.h>
#include <sys/wait.h>
#include <sys/xattr.h>
#include <time.h>
#include <unistd.h>
#include <utime.h>
#include <wchar.h>
#include <wctype.h>
#include <windows.h>


int main(void){return 0;}

Determining if files sys/types.h;ctype.h;dlfcn.h;errno.h;fcntl.h;grp.h;langinfo.h;limits.h;linux/types.h;linux/fiemap.h;linux/fs.h;linux/magic.h;locale.h;memory.h;paths.h;poll.h;pthread.h;pwd.h;regex.h;signal.h;spawn.h;stdarg.h;stdlib.h;string.h;strings.h;sys/cdefs.h;sys/ioctl.h;sys/param.h;sys/poll.h;sys/select.h;sys/stat.h;sys/statfs.h;sys/statvfs.h;sys/sysmacros.h;sys/time.h;sys/utsname.h;sys/vfs.h;sys/wait.h;sys/xattr.h;time.h;unistd.h;utime.h;wchar.h;wctype.h;wincrypt.h exist failed with the following output:
Change Dir: /home/turquoisekitty/download/cmake3_20/cmake-3.20.1/CMakeFiles/CMakeTmp

Run Build Command(s):/usr/bin/make -f Makefile cmTC_658f4/fast && make  -f CMakeFiles/cmTC_658f4.dir/build.make CMakeFiles/cmTC_658f4.dir/build
make[1]: Entering directory '/home/turquoisekitty/download/cmake3_20/cmake-3.20.1/CMakeFiles/CMakeTmp'
Building C object CMakeFiles/cmTC_658f4.dir/HAVE_WINCRYPT_H.c.o
/usr/bin/gcc   -w  -std=gnu11 -o CMakeFiles/cmTC_658f4.dir/HAVE_WINCRYPT_H.c.o -c /home/turquoisekitty/download/cmake3_20/cmake-3.20.1/CMakeFiles/CheckIncludeFiles/HAVE_WINCRYPT_H.c
/home/turquoisekitty/download/cmake3_20/cmake-3.20.1/CMakeFiles/CheckIncludeFiles/HAVE_WINCRYPT_H.c:46:10: fatal error: wincrypt.h: No such file or directory
 #include <wincrypt.h>
          ^~~~~~~~~~~~
compilation terminated.
CMakeFiles/cmTC_658f4.dir/build.make:77: recipe for target 'CMakeFiles/cmTC_658f4.dir/HAVE_WINCRYPT_H.c.o' failed
make[1]: *** [CMakeFiles/cmTC_658f4.dir/HAVE_WINCRYPT_H.c.o] Error 1
make[1]: Leaving directory '/home/turquoisekitty/download/cmake3_20/cmake-3.20.1/CMakeFiles/CMakeTmp'
Makefile:127: recipe for target 'cmTC_658f4/fast' failed
make: *** [cmTC_658f4/fast] Error 2


Source:
/* */
#include <sys/types.h>
#include <ctype.h>
#include <dlfcn.h>
#include <errno.h>
#include <fcntl.h>
#include <grp.h>
#include <langinfo.h>
#include <limits.h>
#include <linux/types.h>
#include <linux/fiemap.h>
#include <linux/fs.h>
#include <linux/magic.h>
#include <locale.h>
#include <memory.h>
#include <paths.h>
#include <poll.h>
#include <pthread.h>
#include <pwd.h>
#include <regex.h>
#include <signal.h>
#include <spawn.h>
#include <stdarg.h>
#include <stdlib.h>
#include <string.h>
#include <strings.h>
#include <sys/cdefs.h>
#include <sys/ioctl.h>
#include <sys/param.h>
#include <sys/poll.h>
#include <sys/select.h>
#include <sys/stat.h>
#include <sys/statfs.h>
#include <sys/statvfs.h>
#include <sys/sysmacros.h>
#include <sys/time.h>
#include <sys/utsname.h>
#include <sys/vfs.h>
#include <sys/wait.h>
#include <sys/xattr.h>
#include <time.h>
#include <unistd.h>
#include <utime.h>
#include <wchar.h>
#include <wctype.h>
#include <wincrypt.h>


int main(void){return 0;}

Determining if files sys/types.h;ctype.h;dlfcn.h;errno.h;fcntl.h;grp.h;langinfo.h;limits.h;linux/types.h;linux/fiemap.h;linux/fs.h;linux/magic.h;locale.h;memory.h;paths.h;poll.h;pthread.h;pwd.h;regex.h;signal.h;spawn.h;stdarg.h;stdlib.h;string.h;strings.h;sys/cdefs.h;sys/ioctl.h;sys/param.h;sys/poll.h;sys/select.h;sys/stat.h;sys/statfs.h;sys/statvfs.h;sys/sysmacros.h;sys/time.h;sys/utsname.h;sys/vfs.h;sys/wait.h;sys/xattr.h;time.h;unistd.h;utime.h;wchar.h;wctype.h;winioctl.h exist failed with the following output:
Change Dir: /home/turquoisekitty/download/cmake3_20/cmake-3.20.1/CMakeFiles/CMakeTmp

Run Build Command(s):/usr/bin/make -f Makefile cmTC_4ef8d/fast && make  -f CMakeFiles/cmTC_4ef8d.dir/build.make CMakeFiles/cmTC_4ef8d.dir/build
make[1]: Entering directory '/home/turquoisekitty/download/cmake3_20/cmake-3.20.1/CMakeFiles/CMakeTmp'
Building C object CMakeFiles/cmTC_4ef8d.dir/HAVE_WINIOCTL_H.c.o
/usr/bin/gcc   -w  -std=gnu11 -o CMakeFiles/cmTC_4ef8d.dir/HAVE_WINIOCTL_H.c.o -c /home/turquoisekitty/download/cmake3_20/cmake-3.20.1/CMakeFiles/CheckIncludeFiles/HAVE_WINIOCTL_H.c
/home/turquoisekitty/download/cmake3_20/cmake-3.20.1/CMakeFiles/CheckIncludeFiles/HAVE_WINIOCTL_H.c:46:10: fatal error: winioctl.h: No such file or directory
 #include <winioctl.h>
          ^~~~~~~~~~~~
compilation terminated.
CMakeFiles/cmTC_4ef8d.dir/build.make:77: recipe for target 'CMakeFiles/cmTC_4ef8d.dir/HAVE_WINIOCTL_H.c.o' failed
make[1]: *** [CMakeFiles/cmTC_4ef8d.dir/HAVE_WINIOCTL_H.c.o] Error 1
make[1]: Leaving directory '/home/turquoisekitty/download/cmake3_20/cmake-3.20.1/CMakeFiles/CMakeTmp'
Makefile:127: recipe for target 'cmTC_4ef8d/fast' failed
make: *** [cmTC_4ef8d/fast] Error 2


Source:
/* */
#include <sys/types.h>
#include <ctype.h>
#include <dlfcn.h>
#include <errno.h>
#include <fcntl.h>
#include <grp.h>
#include <langinfo.h>
#include <limits.h>
#include <linux/types.h>
#include <linux/fiemap.h>
#include <linux/fs.h>
#include <linux/magic.h>
#include <locale.h>
#include <memory.h>
#include <paths.h>
#include <poll.h>
#include <pthread.h>
#include <pwd.h>
#include <regex.h>
#include <signal.h>
#include <spawn.h>
#include <stdarg.h>
#include <stdlib.h>
#include <string.h>
#include <strings.h>
#include <sys/cdefs.h>
#include <sys/ioctl.h>
#include <sys/param.h>
#include <sys/poll.h>
#include <sys/select.h>
#include <sys/stat.h>
#include <sys/statfs.h>
#include <sys/statvfs.h>
#include <sys/sysmacros.h>
#include <sys/time.h>
#include <sys/utsname.h>
#include <sys/vfs.h>
#include <sys/wait.h>
#include <sys/xattr.h>
#include <time.h>
#include <unistd.h>
#include <utime.h>
#include <wchar.h>
#include <wctype.h>
#include <winioctl.h>


int main(void){return 0;}

Determining if the function getvfsbyname exists failed with the following output:
Change Dir: /home/turquoisekitty/download/cmake3_20/cmake-3.20.1/CMakeFiles/CMakeTmp

Run Build Command(s):/usr/bin/make -f Makefile cmTC_ffdc6/fast && make  -f CMakeFiles/cmTC_ffdc6.dir/build.make CMakeFiles/cmTC_ffdc6.dir/build
make[1]: Entering directory '/home/turquoisekitty/download/cmake3_20/cmake-3.20.1/CMakeFiles/CMakeTmp'
Building C object CMakeFiles/cmTC_ffdc6.dir/CheckFunctionExists.c.o
/usr/bin/gcc   -w -DCHECK_FUNCTION_EXISTS=getvfsbyname  -fno-builtin -std=gnu11 -o CMakeFiles/cmTC_ffdc6.dir/CheckFunctionExists.c.o -c /home/turquoisekitty/download/cmake3_20/cmake-3.20.1/Modules/CheckFunctionExists.c
Linking C executable cmTC_ffdc6
/home/turquoisekitty/download/cmake3_20/cmake-3.20.1/Bootstrap.cmk/cmake -E cmake_link_script CMakeFiles/cmTC_ffdc6.dir/link.txt --verbose=1
/usr/bin/gcc  -w -DCHECK_FUNCTION_EXISTS=getvfsbyname  -fno-builtin CMakeFiles/cmTC_ffdc6.dir/CheckFunctionExists.c.o -o cmTC_ffdc6 
CMakeFiles/cmTC_ffdc6.dir/CheckFunctionExists.c.o: In function `main':
CheckFunctionExists.c:(.text+0x10): undefined reference to `getvfsbyname'
collect2: error: ld returned 1 exit status
CMakeFiles/cmTC_ffdc6.dir/build.make:98: recipe for target 'cmTC_ffdc6' failed
make[1]: *** [cmTC_ffdc6] Error 1
make[1]: Leaving directory '/home/turquoisekitty/download/cmake3_20/cmake-3.20.1/CMakeFiles/CMakeTmp'
Makefile:127: recipe for target 'cmTC_ffdc6/fast' failed
make: *** [cmTC_ffdc6/fast] Error 2



Determining if the function lchflags exists failed with the following output:
Change Dir: /home/turquoisekitty/download/cmake3_20/cmake-3.20.1/CMakeFiles/CMakeTmp

Run Build Command(s):/usr/bin/make -f Makefile cmTC_e629c/fast && make  -f CMakeFiles/cmTC_e629c.dir/build.make CMakeFiles/cmTC_e629c.dir/build
make[1]: Entering directory '/home/turquoisekitty/download/cmake3_20/cmake-3.20.1/CMakeFiles/CMakeTmp'
Building C object CMakeFiles/cmTC_e629c.dir/CheckFunctionExists.c.o
/usr/bin/gcc   -w -DCHECK_FUNCTION_EXISTS=lchflags  -fno-builtin -std=gnu11 -o CMakeFiles/cmTC_e629c.dir/CheckFunctionExists.c.o -c /home/turquoisekitty/download/cmake3_20/cmake-3.20.1/Modules/CheckFunctionExists.c
Linking C executable cmTC_e629c
/home/turquoisekitty/download/cmake3_20/cmake-3.20.1/Bootstrap.cmk/cmake -E cmake_link_script CMakeFiles/cmTC_e629c.dir/link.txt --verbose=1
/usr/bin/gcc  -w -DCHECK_FUNCTION_EXISTS=lchflags  -fno-builtin CMakeFiles/cmTC_e629c.dir/CheckFunctionExists.c.o -o cmTC_e629c 
CMakeFiles/cmTC_e629c.dir/CheckFunctionExists.c.o: In function `main':
CheckFunctionExists.c:(.text+0x10): undefined reference to `lchflags'
collect2: error: ld returned 1 exit status
CMakeFiles/cmTC_e629c.dir/build.make:98: recipe for target 'cmTC_e629c' failed
make[1]: *** [cmTC_e629c] Error 1
make[1]: Leaving directory '/home/turquoisekitty/download/cmake3_20/cmake-3.20.1/CMakeFiles/CMakeTmp'
Makefile:127: recipe for target 'cmTC_e629c/fast' failed
make: *** [cmTC_e629c/fast] Error 2



Determining if the function readpassphrase exists failed with the following output:
Change Dir: /home/turquoisekitty/download/cmake3_20/cmake-3.20.1/CMakeFiles/CMakeTmp

Run Build Command(s):/usr/bin/make -f Makefile cmTC_adb71/fast && make  -f CMakeFiles/cmTC_adb71.dir/build.make CMakeFiles/cmTC_adb71.dir/build
make[1]: Entering directory '/home/turquoisekitty/download/cmake3_20/cmake-3.20.1/CMakeFiles/CMakeTmp'
Building C object CMakeFiles/cmTC_adb71.dir/CheckFunctionExists.c.o
/usr/bin/gcc   -w -DCHECK_FUNCTION_EXISTS=readpassphrase  -fno-builtin -std=gnu11 -o CMakeFiles/cmTC_adb71.dir/CheckFunctionExists.c.o -c /home/turquoisekitty/download/cmake3_20/cmake-3.20.1/Modules/CheckFunctionExists.c
Linking C executable cmTC_adb71
/home/turquoisekitty/download/cmake3_20/cmake-3.20.1/Bootstrap.cmk/cmake -E cmake_link_script CMakeFiles/cmTC_adb71.dir/link.txt --verbose=1
/usr/bin/gcc  -w -DCHECK_FUNCTION_EXISTS=readpassphrase  -fno-builtin CMakeFiles/cmTC_adb71.dir/CheckFunctionExists.c.o -o cmTC_adb71 
CMakeFiles/cmTC_adb71.dir/CheckFunctionExists.c.o: In function `main':
CheckFunctionExists.c:(.text+0x10): undefined reference to `readpassphrase'
collect2: error: ld returned 1 exit status
CMakeFiles/cmTC_adb71.dir/build.make:98: recipe for target 'cmTC_adb71' failed
make[1]: *** [cmTC_adb71] Error 1
make[1]: Leaving directory '/home/turquoisekitty/download/cmake3_20/cmake-3.20.1/CMakeFiles/CMakeTmp'
Makefile:127: recipe for target 'cmTC_adb71/fast' failed
make: *** [cmTC_adb71/fast] Error 2



Determining if the function strncpy_s exists failed with the following output:
Change Dir: /home/turquoisekitty/download/cmake3_20/cmake-3.20.1/CMakeFiles/CMakeTmp

Run Build Command(s):/usr/bin/make -f Makefile cmTC_84b18/fast && make  -f CMakeFiles/cmTC_84b18.dir/build.make CMakeFiles/cmTC_84b18.dir/build
make[1]: Entering directory '/home/turquoisekitty/download/cmake3_20/cmake-3.20.1/CMakeFiles/CMakeTmp'
Building C object CMakeFiles/cmTC_84b18.dir/CheckFunctionExists.c.o
/usr/bin/gcc   -w -DCHECK_FUNCTION_EXISTS=strncpy_s  -fno-builtin -std=gnu11 -o CMakeFiles/cmTC_84b18.dir/CheckFunctionExists.c.o -c /home/turquoisekitty/download/cmake3_20/cmake-3.20.1/Modules/CheckFunctionExists.c
Linking C executable cmTC_84b18
/home/turquoisekitty/download/cmake3_20/cmake-3.20.1/Bootstrap.cmk/cmake -E cmake_link_script CMakeFiles/cmTC_84b18.dir/link.txt --verbose=1
/usr/bin/gcc  -w -DCHECK_FUNCTION_EXISTS=strncpy_s  -fno-builtin CMakeFiles/cmTC_84b18.dir/CheckFunctionExists.c.o -o cmTC_84b18 
CMakeFiles/cmTC_84b18.dir/CheckFunctionExists.c.o: In function `main':
CheckFunctionExists.c:(.text+0x10): undefined reference to `strncpy_s'
collect2: error: ld returned 1 exit status
CMakeFiles/cmTC_84b18.dir/build.make:98: recipe for target 'cmTC_84b18' failed
make[1]: *** [cmTC_84b18] Error 1
make[1]: Leaving directory '/home/turquoisekitty/download/cmake3_20/cmake-3.20.1/CMakeFiles/CMakeTmp'
Makefile:127: recipe for target 'cmTC_84b18/fast' failed
make: *** [cmTC_84b18/fast] Error 2



Determining if the function _ctime64_s exists failed with the following output:
Change Dir: /home/turquoisekitty/download/cmake3_20/cmake-3.20.1/CMakeFiles/CMakeTmp

Run Build Command(s):/usr/bin/make -f Makefile cmTC_47082/fast && make  -f CMakeFiles/cmTC_47082.dir/build.make CMakeFiles/cmTC_47082.dir/build
make[1]: Entering directory '/home/turquoisekitty/download/cmake3_20/cmake-3.20.1/CMakeFiles/CMakeTmp'
Building C object CMakeFiles/cmTC_47082.dir/CheckFunctionExists.c.o
/usr/bin/gcc   -w -DCHECK_FUNCTION_EXISTS=_ctime64_s  -fno-builtin -std=gnu11 -o CMakeFiles/cmTC_47082.dir/CheckFunctionExists.c.o -c /home/turquoisekitty/download/cmake3_20/cmake-3.20.1/Modules/CheckFunctionExists.c
Linking C executable cmTC_47082
/home/turquoisekitty/download/cmake3_20/cmake-3.20.1/Bootstrap.cmk/cmake -E cmake_link_script CMakeFiles/cmTC_47082.dir/link.txt --verbose=1
/usr/bin/gcc  -w -DCHECK_FUNCTION_EXISTS=_ctime64_s  -fno-builtin CMakeFiles/cmTC_47082.dir/CheckFunctionExists.c.o -o cmTC_47082 
CMakeFiles/cmTC_47082.dir/CheckFunctionExists.c.o: In function `main':
CheckFunctionExists.c:(.text+0x10): undefined reference to `_ctime64_s'
collect2: error: ld returned 1 exit status
CMakeFiles/cmTC_47082.dir/build.make:98: recipe for target 'cmTC_47082' failed
make[1]: *** [cmTC_47082] Error 1
make[1]: Leaving directory '/home/turquoisekitty/download/cmake3_20/cmake-3.20.1/CMakeFiles/CMakeTmp'
Makefile:127: recipe for target 'cmTC_47082/fast' failed
make: *** [cmTC_47082/fast] Error 2



Determining if the function _fseeki64 exists failed with the following output:
Change Dir: /home/turquoisekitty/download/cmake3_20/cmake-3.20.1/CMakeFiles/CMakeTmp

Run Build Command(s):/usr/bin/make -f Makefile cmTC_6dcdc/fast && make  -f CMakeFiles/cmTC_6dcdc.dir/build.make CMakeFiles/cmTC_6dcdc.dir/build
make[1]: Entering directory '/home/turquoisekitty/download/cmake3_20/cmake-3.20.1/CMakeFiles/CMakeTmp'
Building C object CMakeFiles/cmTC_6dcdc.dir/CheckFunctionExists.c.o
/usr/bin/gcc   -w -DCHECK_FUNCTION_EXISTS=_fseeki64  -fno-builtin -std=gnu11 -o CMakeFiles/cmTC_6dcdc.dir/CheckFunctionExists.c.o -c /home/turquoisekitty/download/cmake3_20/cmake-3.20.1/Modules/CheckFunctionExists.c
Linking C executable cmTC_6dcdc
/home/turquoisekitty/download/cmake3_20/cmake-3.20.1/Bootstrap.cmk/cmake -E cmake_link_script CMakeFiles/cmTC_6dcdc.dir/link.txt --verbose=1
/usr/bin/gcc  -w -DCHECK_FUNCTION_EXISTS=_fseeki64  -fno-builtin CMakeFiles/cmTC_6dcdc.dir/CheckFunctionExists.c.o -o cmTC_6dcdc 
CMakeFiles/cmTC_6dcdc.dir/CheckFunctionExists.c.o: In function `main':
CheckFunctionExists.c:(.text+0x10): undefined reference to `_fseeki64'
collect2: error: ld returned 1 exit status
CMakeFiles/cmTC_6dcdc.dir/build.make:98: recipe for target 'cmTC_6dcdc' failed
make[1]: *** [cmTC_6dcdc] Error 1
make[1]: Leaving directory '/home/turquoisekitty/download/cmake3_20/cmake-3.20.1/CMakeFiles/CMakeTmp'
Makefile:127: recipe for target 'cmTC_6dcdc/fast' failed
make: *** [cmTC_6dcdc/fast] Error 2



Determining if the function _get_timezone exists failed with the following output:
Change Dir: /home/turquoisekitty/download/cmake3_20/cmake-3.20.1/CMakeFiles/CMakeTmp

Run Build Command(s):/usr/bin/make -f Makefile cmTC_35051/fast && make  -f CMakeFiles/cmTC_35051.dir/build.make CMakeFiles/cmTC_35051.dir/build
make[1]: Entering directory '/home/turquoisekitty/download/cmake3_20/cmake-3.20.1/CMakeFiles/CMakeTmp'
Building C object CMakeFiles/cmTC_35051.dir/CheckFunctionExists.c.o
/usr/bin/gcc   -w -DCHECK_FUNCTION_EXISTS=_get_timezone  -fno-builtin -std=gnu11 -o CMakeFiles/cmTC_35051.dir/CheckFunctionExists.c.o -c /home/turquoisekitty/download/cmake3_20/cmake-3.20.1/Modules/CheckFunctionExists.c
Linking C executable cmTC_35051
/home/turquoisekitty/download/cmake3_20/cmake-3.20.1/Bootstrap.cmk/cmake -E cmake_link_script CMakeFiles/cmTC_35051.dir/link.txt --verbose=1
/usr/bin/gcc  -w -DCHECK_FUNCTION_EXISTS=_get_timezone  -fno-builtin CMakeFiles/cmTC_35051.dir/CheckFunctionExists.c.o -o cmTC_35051 
CMakeFiles/cmTC_35051.dir/CheckFunctionExists.c.o: In function `main':
CheckFunctionExists.c:(.text+0x10): undefined reference to `_get_timezone'
collect2: error: ld returned 1 exit status
CMakeFiles/cmTC_35051.dir/build.make:98: recipe for target 'cmTC_35051' failed
make[1]: *** [cmTC_35051] Error 1
make[1]: Leaving directory '/home/turquoisekitty/download/cmake3_20/cmake-3.20.1/CMakeFiles/CMakeTmp'
Makefile:127: recipe for target 'cmTC_35051/fast' failed
make: *** [cmTC_35051/fast] Error 2



Determining if the function _gmtime64_s exists failed with the following output:
Change Dir: /home/turquoisekitty/download/cmake3_20/cmake-3.20.1/CMakeFiles/CMakeTmp

Run Build Command(s):/usr/bin/make -f Makefile cmTC_5a8ef/fast && make  -f CMakeFiles/cmTC_5a8ef.dir/build.make CMakeFiles/cmTC_5a8ef.dir/build
make[1]: Entering directory '/home/turquoisekitty/download/cmake3_20/cmake-3.20.1/CMakeFiles/CMakeTmp'
Building C object CMakeFiles/cmTC_5a8ef.dir/CheckFunctionExists.c.o
/usr/bin/gcc   -w -DCHECK_FUNCTION_EXISTS=_gmtime64_s  -fno-builtin -std=gnu11 -o CMakeFiles/cmTC_5a8ef.dir/CheckFunctionExists.c.o -c /home/turquoisekitty/download/cmake3_20/cmake-3.20.1/Modules/CheckFunctionExists.c
Linking C executable cmTC_5a8ef
/home/turquoisekitty/download/cmake3_20/cmake-3.20.1/Bootstrap.cmk/cmake -E cmake_link_script CMakeFiles/cmTC_5a8ef.dir/link.txt --verbose=1
/usr/bin/gcc  -w -DCHECK_FUNCTION_EXISTS=_gmtime64_s  -fno-builtin CMakeFiles/cmTC_5a8ef.dir/CheckFunctionExists.c.o -o cmTC_5a8ef 
CMakeFiles/cmTC_5a8ef.dir/CheckFunctionExists.c.o: In function `main':
CheckFunctionExists.c:(.text+0x10): undefined reference to `_gmtime64_s'
collect2: error: ld returned 1 exit status
CMakeFiles/cmTC_5a8ef.dir/build.make:98: recipe for target 'cmTC_5a8ef' failed
make[1]: *** [cmTC_5a8ef] Error 1
make[1]: Leaving directory '/home/turquoisekitty/download/cmake3_20/cmake-3.20.1/CMakeFiles/CMakeTmp'
Makefile:127: recipe for target 'cmTC_5a8ef/fast' failed
make: *** [cmTC_5a8ef/fast] Error 2



Determining if the function _localtime64_s exists failed with the following output:
Change Dir: /home/turquoisekitty/download/cmake3_20/cmake-3.20.1/CMakeFiles/CMakeTmp

Run Build Command(s):/usr/bin/make -f Makefile cmTC_1f093/fast && make  -f CMakeFiles/cmTC_1f093.dir/build.make CMakeFiles/cmTC_1f093.dir/build
make[1]: Entering directory '/home/turquoisekitty/download/cmake3_20/cmake-3.20.1/CMakeFiles/CMakeTmp'
Building C object CMakeFiles/cmTC_1f093.dir/CheckFunctionExists.c.o
/usr/bin/gcc   -w -DCHECK_FUNCTION_EXISTS=_localtime64_s  -fno-builtin -std=gnu11 -o CMakeFiles/cmTC_1f093.dir/CheckFunctionExists.c.o -c /home/turquoisekitty/download/cmake3_20/cmake-3.20.1/Modules/CheckFunctionExists.c
Linking C executable cmTC_1f093
/home/turquoisekitty/download/cmake3_20/cmake-3.20.1/Bootstrap.cmk/cmake -E cmake_link_script CMakeFiles/cmTC_1f093.dir/link.txt --verbose=1
/usr/bin/gcc  -w -DCHECK_FUNCTION_EXISTS=_localtime64_s  -fno-builtin CMakeFiles/cmTC_1f093.dir/CheckFunctionExists.c.o -o cmTC_1f093 
CMakeFiles/cmTC_1f093.dir/CheckFunctionExists.c.o: In function `main':
CheckFunctionExists.c:(.text+0x10): undefined reference to `_localtime64_s'
collect2: error: ld returned 1 exit status
CMakeFiles/cmTC_1f093.dir/build.make:98: recipe for target 'cmTC_1f093' failed
make[1]: *** [cmTC_1f093] Error 1
make[1]: Leaving directory '/home/turquoisekitty/download/cmake3_20/cmake-3.20.1/CMakeFiles/CMakeTmp'
Makefile:127: recipe for target 'cmTC_1f093/fast' failed
make: *** [cmTC_1f093/fast] Error 2



Determining if the function _mkgmtime64 exists failed with the following output:
Change Dir: /home/turquoisekitty/download/cmake3_20/cmake-3.20.1/CMakeFiles/CMakeTmp

Run Build Command(s):/usr/bin/make -f Makefile cmTC_9121b/fast && make  -f CMakeFiles/cmTC_9121b.dir/build.make CMakeFiles/cmTC_9121b.dir/build
make[1]: Entering directory '/home/turquoisekitty/download/cmake3_20/cmake-3.20.1/CMakeFiles/CMakeTmp'
Building C object CMakeFiles/cmTC_9121b.dir/CheckFunctionExists.c.o
/usr/bin/gcc   -w -DCHECK_FUNCTION_EXISTS=_mkgmtime64  -fno-builtin -std=gnu11 -o CMakeFiles/cmTC_9121b.dir/CheckFunctionExists.c.o -c /home/turquoisekitty/download/cmake3_20/cmake-3.20.1/Modules/CheckFunctionExists.c
Linking C executable cmTC_9121b
/home/turquoisekitty/download/cmake3_20/cmake-3.20.1/Bootstrap.cmk/cmake -E cmake_link_script CMakeFiles/cmTC_9121b.dir/link.txt --verbose=1
/usr/bin/gcc  -w -DCHECK_FUNCTION_EXISTS=_mkgmtime64  -fno-builtin CMakeFiles/cmTC_9121b.dir/CheckFunctionExists.c.o -o cmTC_9121b 
CMakeFiles/cmTC_9121b.dir/CheckFunctionExists.c.o: In function `main':
CheckFunctionExists.c:(.text+0x10): undefined reference to `_mkgmtime64'
collect2: error: ld returned 1 exit status
CMakeFiles/cmTC_9121b.dir/build.make:98: recipe for target 'cmTC_9121b' failed
make[1]: *** [cmTC_9121b] Error 1
make[1]: Leaving directory '/home/turquoisekitty/download/cmake3_20/cmake-3.20.1/CMakeFiles/CMakeTmp'
Makefile:127: recipe for target 'cmTC_9121b/fast' failed
make: *** [cmTC_9121b/fast] Error 2



Determining if the function cygwin_conv_path exists failed with the following output:
Change Dir: /home/turquoisekitty/download/cmake3_20/cmake-3.20.1/CMakeFiles/CMakeTmp

Run Build Command(s):/usr/bin/make -f Makefile cmTC_d2604/fast && make  -f CMakeFiles/cmTC_d2604.dir/build.make CMakeFiles/cmTC_d2604.dir/build
make[1]: Entering directory '/home/turquoisekitty/download/cmake3_20/cmake-3.20.1/CMakeFiles/CMakeTmp'
Building C object CMakeFiles/cmTC_d2604.dir/CheckFunctionExists.c.o
/usr/bin/gcc   -w -DCHECK_FUNCTION_EXISTS=cygwin_conv_path  -fno-builtin -std=gnu11 -o CMakeFiles/cmTC_d2604.dir/CheckFunctionExists.c.o -c /home/turquoisekitty/download/cmake3_20/cmake-3.20.1/Modules/CheckFunctionExists.c
Linking C executable cmTC_d2604
/home/turquoisekitty/download/cmake3_20/cmake-3.20.1/Bootstrap.cmk/cmake -E cmake_link_script CMakeFiles/cmTC_d2604.dir/link.txt --verbose=1
/usr/bin/gcc  -w -DCHECK_FUNCTION_EXISTS=cygwin_conv_path  -fno-builtin CMakeFiles/cmTC_d2604.dir/CheckFunctionExists.c.o -o cmTC_d2604 
CMakeFiles/cmTC_d2604.dir/CheckFunctionExists.c.o: In function `main':
CheckFunctionExists.c:(.text+0x10): undefined reference to `cygwin_conv_path'
collect2: error: ld returned 1 exit status
CMakeFiles/cmTC_d2604.dir/build.make:98: recipe for target 'cmTC_d2604' failed
make[1]: *** [cmTC_d2604] Error 1
make[1]: Leaving directory '/home/turquoisekitty/download/cmake3_20/cmake-3.20.1/CMakeFiles/CMakeTmp'
Makefile:127: recipe for target 'cmTC_d2604/fast' failed
make: *** [cmTC_d2604/fast] Error 2



Performing C SOURCE FILE Test HAVE_STRUCT_VFSCONF failed with the following output:
Change Dir: /home/turquoisekitty/download/cmake3_20/cmake-3.20.1/CMakeFiles/CMakeTmp

Run Build Command(s):/usr/bin/make -f Makefile cmTC_29bba/fast && make  -f CMakeFiles/cmTC_29bba.dir/build.make CMakeFiles/cmTC_29bba.dir/build
make[1]: Entering directory '/home/turquoisekitty/download/cmake3_20/cmake-3.20.1/CMakeFiles/CMakeTmp'
Building C object CMakeFiles/cmTC_29bba.dir/src.c.o
/usr/bin/gcc -DHAVE_STRUCT_VFSCONF  -w  -std=gnu11 -o CMakeFiles/cmTC_29bba.dir/src.c.o -c /home/turquoisekitty/download/cmake3_20/cmake-3.20.1/CMakeFiles/CMakeTmp/src.c
/home/turquoisekitty/download/cmake3_20/cmake-3.20.1/CMakeFiles/CMakeTmp/src.c: In function ‘main’:
/home/turquoisekitty/download/cmake3_20/cmake-3.20.1/CMakeFiles/CMakeTmp/src.c:3:33: error: storage size of ‘v’ isn’t known
 int main(void) { struct vfsconf v; return sizeof(v);}
                                 ^
CMakeFiles/cmTC_29bba.dir/build.make:77: recipe for target 'CMakeFiles/cmTC_29bba.dir/src.c.o' failed
make[1]: *** [CMakeFiles/cmTC_29bba.dir/src.c.o] Error 1
make[1]: Leaving directory '/home/turquoisekitty/download/cmake3_20/cmake-3.20.1/CMakeFiles/CMakeTmp'
Makefile:127: recipe for target 'cmTC_29bba/fast' failed
make: *** [cmTC_29bba/fast] Error 2


Source file was:
#include <sys/types.h>
#include <sys/mount.h>
int main(void) { struct vfsconf v; return sizeof(v);}
Performing C SOURCE FILE Test HAVE_STRUCT_XVFSCONF failed with the following output:
Change Dir: /home/turquoisekitty/download/cmake3_20/cmake-3.20.1/CMakeFiles/CMakeTmp

Run Build Command(s):/usr/bin/make -f Makefile cmTC_d13a0/fast && make  -f CMakeFiles/cmTC_d13a0.dir/build.make CMakeFiles/cmTC_d13a0.dir/build
make[1]: Entering directory '/home/turquoisekitty/download/cmake3_20/cmake-3.20.1/CMakeFiles/CMakeTmp'
Building C object CMakeFiles/cmTC_d13a0.dir/src.c.o
/usr/bin/gcc -DHAVE_STRUCT_XVFSCONF  -w  -std=gnu11 -o CMakeFiles/cmTC_d13a0.dir/src.c.o -c /home/turquoisekitty/download/cmake3_20/cmake-3.20.1/CMakeFiles/CMakeTmp/src.c
/home/turquoisekitty/download/cmake3_20/cmake-3.20.1/CMakeFiles/CMakeTmp/src.c: In function ‘main’:
/home/turquoisekitty/download/cmake3_20/cmake-3.20.1/CMakeFiles/CMakeTmp/src.c:3:34: error: storage size of ‘v’ isn’t known
 int main(void) { struct xvfsconf v; return sizeof(v);}
                                  ^
CMakeFiles/cmTC_d13a0.dir/build.make:77: recipe for target 'CMakeFiles/cmTC_d13a0.dir/src.c.o' failed
make[1]: *** [CMakeFiles/cmTC_d13a0.dir/src.c.o] Error 1
make[1]: Leaving directory '/home/turquoisekitty/download/cmake3_20/cmake-3.20.1/CMakeFiles/CMakeTmp'
Makefile:127: recipe for target 'cmTC_d13a0/fast' failed
make: *** [cmTC_d13a0/fast] Error 2


Source file was:
#include <sys/types.h>
#include <sys/mount.h>
int main(void) { struct xvfsconf v; return sizeof(v);}
Performing C SOURCE FILE Test MAJOR_IN_MKDEV failed with the following output:
Change Dir: /home/turquoisekitty/download/cmake3_20/cmake-3.20.1/CMakeFiles/CMakeTmp

Run Build Command(s):/usr/bin/make -f Makefile cmTC_5fa0d/fast && make  -f CMakeFiles/cmTC_5fa0d.dir/build.make CMakeFiles/cmTC_5fa0d.dir/build
make[1]: Entering directory '/home/turquoisekitty/download/cmake3_20/cmake-3.20.1/CMakeFiles/CMakeTmp'
Building C object CMakeFiles/cmTC_5fa0d.dir/src.c.o
/usr/bin/gcc -DMAJOR_IN_MKDEV  -w  -std=gnu11 -o CMakeFiles/cmTC_5fa0d.dir/src.c.o -c /home/turquoisekitty/download/cmake3_20/cmake-3.20.1/CMakeFiles/CMakeTmp/src.c
/home/turquoisekitty/download/cmake3_20/cmake-3.20.1/CMakeFiles/CMakeTmp/src.c:1:10: fatal error: sys/mkdev.h: No such file or directory
 #include <sys/mkdev.h>
          ^~~~~~~~~~~~~
compilation terminated.
CMakeFiles/cmTC_5fa0d.dir/build.make:77: recipe for target 'CMakeFiles/cmTC_5fa0d.dir/src.c.o' failed
make[1]: *** [CMakeFiles/cmTC_5fa0d.dir/src.c.o] Error 1
make[1]: Leaving directory '/home/turquoisekitty/download/cmake3_20/cmake-3.20.1/CMakeFiles/CMakeTmp'
Makefile:127: recipe for target 'cmTC_5fa0d/fast' failed
make: *** [cmTC_5fa0d/fast] Error 2


Source file was:
#include <sys/mkdev.h>
int main() { return major(256); }
Performing C SOURCE FILE Test HAVE_LZMA_STREAM_ENCODER_MT failed with the following output:
Change Dir: /home/turquoisekitty/download/cmake3_20/cmake-3.20.1/CMakeFiles/CMakeTmp

Run Build Command(s):/usr/bin/make -f Makefile cmTC_bf0c5/fast && make  -f CMakeFiles/cmTC_bf0c5.dir/build.make CMakeFiles/cmTC_bf0c5.dir/build
make[1]: Entering directory '/home/turquoisekitty/download/cmake3_20/cmake-3.20.1/CMakeFiles/CMakeTmp'
Building C object CMakeFiles/cmTC_bf0c5.dir/src.c.o
/usr/bin/gcc -DHAVE_LZMA_STREAM_ENCODER_MT -I/home/turquoisekitty/download/cmake3_20/cmake-3.20.1/Utilities/cmliblzma/liblzma/api -w  -std=gnu11 -o CMakeFiles/cmTC_bf0c5.dir/src.c.o -c /home/turquoisekitty/download/cmake3_20/cmake-3.20.1/CMakeFiles/CMakeTmp/src.c
Linking C executable cmTC_bf0c5
/home/turquoisekitty/download/cmake3_20/cmake-3.20.1/Bootstrap.cmk/cmake -E cmake_link_script CMakeFiles/cmTC_bf0c5.dir/link.txt --verbose=1
/usr/bin/gcc  -w  CMakeFiles/cmTC_bf0c5.dir/src.c.o -o cmTC_bf0c5  -lcmliblzma 
/usr/bin/ld: cannot find -lcmliblzma
collect2: error: ld returned 1 exit status
CMakeFiles/cmTC_bf0c5.dir/build.make:98: recipe for target 'cmTC_bf0c5' failed
make[1]: *** [cmTC_bf0c5] Error 1
make[1]: Leaving directory '/home/turquoisekitty/download/cmake3_20/cmake-3.20.1/CMakeFiles/CMakeTmp'
Makefile:127: recipe for target 'cmTC_bf0c5/fast' failed
make: *** [cmTC_bf0c5/fast] Error 2


Source file was:
#include <lzma.h>
#if LZMA_VERSION < 50020000
#error unsupported
#endif
int main(void){lzma_stream_encoder_mt(0, 0); return 0;}
Determining if the EFTYPE exist failed with the following output:
Change Dir: /home/turquoisekitty/download/cmake3_20/cmake-3.20.1/CMakeFiles/CMakeTmp

Run Build Command(s):/usr/bin/make -f Makefile cmTC_60185/fast && make  -f CMakeFiles/cmTC_60185.dir/build.make CMakeFiles/cmTC_60185.dir/build
make[1]: Entering directory '/home/turquoisekitty/download/cmake3_20/cmake-3.20.1/CMakeFiles/CMakeTmp'
Building C object CMakeFiles/cmTC_60185.dir/CheckSymbolExists.c.o
/usr/bin/gcc   -w  -std=gnu11 -o CMakeFiles/cmTC_60185.dir/CheckSymbolExists.c.o -c /home/turquoisekitty/download/cmake3_20/cmake-3.20.1/CMakeFiles/CMakeTmp/CheckSymbolExists.c
/home/turquoisekitty/download/cmake3_20/cmake-3.20.1/CMakeFiles/CMakeTmp/CheckSymbolExists.c: In function ‘main’:
/home/turquoisekitty/download/cmake3_20/cmake-3.20.1/CMakeFiles/CMakeTmp/CheckSymbolExists.c:8:19: error: ‘EFTYPE’ undeclared (first use in this function); did you mean ‘ESPIPE’?
   return ((int*)(&EFTYPE))[argc];
                   ^~~~~~
                   ESPIPE
/home/turquoisekitty/download/cmake3_20/cmake-3.20.1/CMakeFiles/CMakeTmp/CheckSymbolExists.c:8:19: note: each undeclared identifier is reported only once for each function it appears in
CMakeFiles/cmTC_60185.dir/build.make:77: recipe for target 'CMakeFiles/cmTC_60185.dir/CheckSymbolExists.c.o' failed
make[1]: *** [CMakeFiles/cmTC_60185.dir/CheckSymbolExists.c.o] Error 1
make[1]: Leaving directory '/home/turquoisekitty/download/cmake3_20/cmake-3.20.1/CMakeFiles/CMakeTmp'
Makefile:127: recipe for target 'cmTC_60185/fast' failed
make: *** [cmTC_60185/fast] Error 2


File /home/turquoisekitty/download/cmake3_20/cmake-3.20.1/CMakeFiles/CMakeTmp/CheckSymbolExists.c:
/* */
#include <errno.h>

int main(int argc, char** argv)
{
  (void)argv;
#ifndef EFTYPE
  return ((int*)(&EFTYPE))[argc];
#else
  (void)argc;
  return 0;
#endif
}
Determining if the D_MD_ORDER exist failed with the following output:
Change Dir: /home/turquoisekitty/download/cmake3_20/cmake-3.20.1/CMakeFiles/CMakeTmp

Run Build Command(s):/usr/bin/make -f Makefile cmTC_c2311/fast && make  -f CMakeFiles/cmTC_c2311.dir/build.make CMakeFiles/cmTC_c2311.dir/build
make[1]: Entering directory '/home/turquoisekitty/download/cmake3_20/cmake-3.20.1/CMakeFiles/CMakeTmp'
Building C object CMakeFiles/cmTC_c2311.dir/CheckSymbolExists.c.o
/usr/bin/gcc   -w  -std=gnu11 -o CMakeFiles/cmTC_c2311.dir/CheckSymbolExists.c.o -c /home/turquoisekitty/download/cmake3_20/cmake-3.20.1/CMakeFiles/CMakeTmp/CheckSymbolExists.c
/home/turquoisekitty/download/cmake3_20/cmake-3.20.1/CMakeFiles/CMakeTmp/CheckSymbolExists.c: In function ‘main’:
/home/turquoisekitty/download/cmake3_20/cmake-3.20.1/CMakeFiles/CMakeTmp/CheckSymbolExists.c:8:19: error: ‘D_MD_ORDER’ undeclared (first use in this function)
   return ((int*)(&D_MD_ORDER))[argc];
                   ^~~~~~~~~~
/home/turquoisekitty/download/cmake3_20/cmake-3.20.1/CMakeFiles/CMakeTmp/CheckSymbolExists.c:8:19: note: each undeclared identifier is reported only once for each function it appears in
CMakeFiles/cmTC_c2311.dir/build.make:77: recipe for target 'CMakeFiles/cmTC_c2311.dir/CheckSymbolExists.c.o' failed
make[1]: *** [CMakeFiles/cmTC_c2311.dir/CheckSymbolExists.c.o] Error 1
make[1]: Leaving directory '/home/turquoisekitty/download/cmake3_20/cmake-3.20.1/CMakeFiles/CMakeTmp'
Makefile:127: recipe for target 'cmTC_c2311/fast' failed
make: *** [cmTC_c2311/fast] Error 2


File /home/turquoisekitty/download/cmake3_20/cmake-3.20.1/CMakeFiles/CMakeTmp/CheckSymbolExists.c:
/* */
#include <langinfo.h>

int main(int argc, char** argv)
{
  (void)argv;
#ifndef D_MD_ORDER
  return ((int*)(&D_MD_ORDER))[argc];
#else
  (void)argc;
  return 0;
#endif
}
Performing C SOURCE FILE Test HAVE_STRUCT_TM___TM_GMTOFF failed with the following output:
Change Dir: /home/turquoisekitty/download/cmake3_20/cmake-3.20.1/CMakeFiles/CMakeTmp

Run Build Command(s):/usr/bin/make -f Makefile cmTC_f1f70/fast && make  -f CMakeFiles/cmTC_f1f70.dir/build.make CMakeFiles/cmTC_f1f70.dir/build
make[1]: Entering directory '/home/turquoisekitty/download/cmake3_20/cmake-3.20.1/CMakeFiles/CMakeTmp'
Building C object CMakeFiles/cmTC_f1f70.dir/src.c.o
/usr/bin/gcc -DHAVE_STRUCT_TM___TM_GMTOFF  -w  -std=gnu11 -o CMakeFiles/cmTC_f1f70.dir/src.c.o -c /home/turquoisekitty/download/cmake3_20/cmake-3.20.1/CMakeFiles/CMakeTmp/src.c
/home/turquoisekitty/download/cmake3_20/cmake-3.20.1/CMakeFiles/CMakeTmp/src.c: In function ‘main’:
/home/turquoisekitty/download/cmake3_20/cmake-3.20.1/CMakeFiles/CMakeTmp/src.c:6:34: error: ‘struct tm’ has no member named ‘__tm_gmtoff’; did you mean ‘tm_gmtoff’?
   (void)sizeof(((struct tm *)0)->__tm_gmtoff);
                                  ^~~~~~~~~~~
                                  tm_gmtoff
CMakeFiles/cmTC_f1f70.dir/build.make:77: recipe for target 'CMakeFiles/cmTC_f1f70.dir/src.c.o' failed
make[1]: *** [CMakeFiles/cmTC_f1f70.dir/src.c.o] Error 1
make[1]: Leaving directory '/home/turquoisekitty/download/cmake3_20/cmake-3.20.1/CMakeFiles/CMakeTmp'
Makefile:127: recipe for target 'cmTC_f1f70/fast' failed
make: *** [cmTC_f1f70/fast] Error 2


Source file was:

#include <time.h>

int main()
{
  (void)sizeof(((struct tm *)0)->__tm_gmtoff);
  return 0;
}

Performing C SOURCE FILE Test HAVE_STRUCT_STATFS_F_NAMEMAX failed with the following output:
Change Dir: /home/turquoisekitty/download/cmake3_20/cmake-3.20.1/CMakeFiles/CMakeTmp

Run Build Command(s):/usr/bin/make -f Makefile cmTC_31da9/fast && make  -f CMakeFiles/cmTC_31da9.dir/build.make CMakeFiles/cmTC_31da9.dir/build
make[1]: Entering directory '/home/turquoisekitty/download/cmake3_20/cmake-3.20.1/CMakeFiles/CMakeTmp'
Building C object CMakeFiles/cmTC_31da9.dir/src.c.o
/usr/bin/gcc -DHAVE_STRUCT_STATFS_F_NAMEMAX  -w  -std=gnu11 -o CMakeFiles/cmTC_31da9.dir/src.c.o -c /home/turquoisekitty/download/cmake3_20/cmake-3.20.1/CMakeFiles/CMakeTmp/src.c
/home/turquoisekitty/download/cmake3_20/cmake-3.20.1/CMakeFiles/CMakeTmp/src.c: In function ‘main’:
/home/turquoisekitty/download/cmake3_20/cmake-3.20.1/CMakeFiles/CMakeTmp/src.c:7:36: error: dereferencing pointer to incomplete type ‘struct statfs’
   (void)sizeof(((struct statfs *)0)->f_namemax);
                                    ^~
CMakeFiles/cmTC_31da9.dir/build.make:77: recipe for target 'CMakeFiles/cmTC_31da9.dir/src.c.o' failed
make[1]: *** [CMakeFiles/cmTC_31da9.dir/src.c.o] Error 1
make[1]: Leaving directory '/home/turquoisekitty/download/cmake3_20/cmake-3.20.1/CMakeFiles/CMakeTmp'
Makefile:127: recipe for target 'cmTC_31da9/fast' failed
make: *** [cmTC_31da9/fast] Error 2


Source file was:

#include <sys/param.h>
#include <sys/mount.h>

int main()
{
  (void)sizeof(((struct statfs *)0)->f_namemax);
  return 0;
}

Performing C SOURCE FILE Test HAVE_STRUCT_STAT_ST_BIRTHTIME failed with the following output:
Change Dir: /home/turquoisekitty/download/cmake3_20/cmake-3.20.1/CMakeFiles/CMakeTmp

Run Build Command(s):/usr/bin/make -f Makefile cmTC_d13d8/fast && make  -f CMakeFiles/cmTC_d13d8.dir/build.make CMakeFiles/cmTC_d13d8.dir/build
make[1]: Entering directory '/home/turquoisekitty/download/cmake3_20/cmake-3.20.1/CMakeFiles/CMakeTmp'
Building C object CMakeFiles/cmTC_d13d8.dir/src.c.o
/usr/bin/gcc -DHAVE_STRUCT_STAT_ST_BIRTHTIME  -w  -std=gnu11 -o CMakeFiles/cmTC_d13d8.dir/src.c.o -c /home/turquoisekitty/download/cmake3_20/cmake-3.20.1/CMakeFiles/CMakeTmp/src.c
/home/turquoisekitty/download/cmake3_20/cmake-3.20.1/CMakeFiles/CMakeTmp/src.c: In function ‘main’:
/home/turquoisekitty/download/cmake3_20/cmake-3.20.1/CMakeFiles/CMakeTmp/src.c:7:36: error: ‘struct stat’ has no member named ‘st_birthtime’; did you mean ‘st_blksize’?
   (void)sizeof(((struct stat *)0)->st_birthtime);
                                    ^~~~~~~~~~~~
                                    st_blksize
CMakeFiles/cmTC_d13d8.dir/build.make:77: recipe for target 'CMakeFiles/cmTC_d13d8.dir/src.c.o' failed
make[1]: *** [CMakeFiles/cmTC_d13d8.dir/src.c.o] Error 1
make[1]: Leaving directory '/home/turquoisekitty/download/cmake3_20/cmake-3.20.1/CMakeFiles/CMakeTmp'
Makefile:127: recipe for target 'cmTC_d13d8/fast' failed
make: *** [cmTC_d13d8/fast] Error 2


Source file was:

#include <sys/types.h>
#include <sys/stat.h>

int main()
{
  (void)sizeof(((struct stat *)0)->st_birthtime);
  return 0;
}

Performing C SOURCE FILE Test HAVE_STRUCT_STAT_ST_BIRTHTIMESPEC_TV_NSEC failed with the following output:
Change Dir: /home/turquoisekitty/download/cmake3_20/cmake-3.20.1/CMakeFiles/CMakeTmp

Run Build Command(s):/usr/bin/make -f Makefile cmTC_95ff4/fast && make  -f CMakeFiles/cmTC_95ff4.dir/build.make CMakeFiles/cmTC_95ff4.dir/build
make[1]: Entering directory '/home/turquoisekitty/download/cmake3_20/cmake-3.20.1/CMakeFiles/CMakeTmp'
Building C object CMakeFiles/cmTC_95ff4.dir/src.c.o
/usr/bin/gcc -DHAVE_STRUCT_STAT_ST_BIRTHTIMESPEC_TV_NSEC  -w  -std=gnu11 -o CMakeFiles/cmTC_95ff4.dir/src.c.o -c /home/turquoisekitty/download/cmake3_20/cmake-3.20.1/CMakeFiles/CMakeTmp/src.c
/home/turquoisekitty/download/cmake3_20/cmake-3.20.1/CMakeFiles/CMakeTmp/src.c: In function ‘main’:
/home/turquoisekitty/download/cmake3_20/cmake-3.20.1/CMakeFiles/CMakeTmp/src.c:7:34: error: ‘struct stat’ has no member named ‘st_birthtimespec’
   (void)sizeof(((struct stat *)0)->st_birthtimespec.tv_nsec);
                                  ^~
CMakeFiles/cmTC_95ff4.dir/build.make:77: recipe for target 'CMakeFiles/cmTC_95ff4.dir/src.c.o' failed
make[1]: *** [CMakeFiles/cmTC_95ff4.dir/src.c.o] Error 1
make[1]: Leaving directory '/home/turquoisekitty/download/cmake3_20/cmake-3.20.1/CMakeFiles/CMakeTmp'
Makefile:127: recipe for target 'cmTC_95ff4/fast' failed
make: *** [cmTC_95ff4/fast] Error 2


Source file was:

#include <sys/types.h>
#include <sys/stat.h>

int main()
{
  (void)sizeof(((struct stat *)0)->st_birthtimespec.tv_nsec);
  return 0;
}

Performing C SOURCE FILE Test HAVE_STRUCT_STAT_ST_MTIMESPEC_TV_NSEC failed with the following output:
Change Dir: /home/turquoisekitty/download/cmake3_20/cmake-3.20.1/CMakeFiles/CMakeTmp

Run Build Command(s):/usr/bin/make -f Makefile cmTC_49c14/fast && make  -f CMakeFiles/cmTC_49c14.dir/build.make CMakeFiles/cmTC_49c14.dir/build
make[1]: Entering directory '/home/turquoisekitty/download/cmake3_20/cmake-3.20.1/CMakeFiles/CMakeTmp'
Building C object CMakeFiles/cmTC_49c14.dir/src.c.o
/usr/bin/gcc -DHAVE_STRUCT_STAT_ST_MTIMESPEC_TV_NSEC  -w  -std=gnu11 -o CMakeFiles/cmTC_49c14.dir/src.c.o -c /home/turquoisekitty/download/cmake3_20/cmake-3.20.1/CMakeFiles/CMakeTmp/src.c
/home/turquoisekitty/download/cmake3_20/cmake-3.20.1/CMakeFiles/CMakeTmp/src.c: In function ‘main’:
/home/turquoisekitty/download/cmake3_20/cmake-3.20.1/CMakeFiles/CMakeTmp/src.c:7:36: error: ‘struct stat’ has no member named ‘st_mtimespec’; did you mean ‘st_mtim’?
   (void)sizeof(((struct stat *)0)->st_mtimespec.tv_nsec);
                                    ^~~~~~~~~~~~
                                    st_mtim
CMakeFiles/cmTC_49c14.dir/build.make:77: recipe for target 'CMakeFiles/cmTC_49c14.dir/src.c.o' failed
make[1]: *** [CMakeFiles/cmTC_49c14.dir/src.c.o] Error 1
make[1]: Leaving directory '/home/turquoisekitty/download/cmake3_20/cmake-3.20.1/CMakeFiles/CMakeTmp'
Makefile:127: recipe for target 'cmTC_49c14/fast' failed
make: *** [cmTC_49c14/fast] Error 2


Source file was:

#include <sys/types.h>
#include <sys/stat.h>

int main()
{
  (void)sizeof(((struct stat *)0)->st_mtimespec.tv_nsec);
  return 0;
}

Performing C SOURCE FILE Test HAVE_STRUCT_STAT_ST_MTIME_N failed with the following output:
Change Dir: /home/turquoisekitty/download/cmake3_20/cmake-3.20.1/CMakeFiles/CMakeTmp

Run Build Command(s):/usr/bin/make -f Makefile cmTC_567af/fast && make  -f CMakeFiles/cmTC_567af.dir/build.make CMakeFiles/cmTC_567af.dir/build
make[1]: Entering directory '/home/turquoisekitty/download/cmake3_20/cmake-3.20.1/CMakeFiles/CMakeTmp'
Building C object CMakeFiles/cmTC_567af.dir/src.c.o
/usr/bin/gcc -DHAVE_STRUCT_STAT_ST_MTIME_N  -w  -std=gnu11 -o CMakeFiles/cmTC_567af.dir/src.c.o -c /home/turquoisekitty/download/cmake3_20/cmake-3.20.1/CMakeFiles/CMakeTmp/src.c
/home/turquoisekitty/download/cmake3_20/cmake-3.20.1/CMakeFiles/CMakeTmp/src.c: In function ‘main’:
/home/turquoisekitty/download/cmake3_20/cmake-3.20.1/CMakeFiles/CMakeTmp/src.c:7:36: error: ‘struct stat’ has no member named ‘st_mtime_n’; did you mean ‘st_mtim’?
   (void)sizeof(((struct stat *)0)->st_mtime_n);
                                    ^~~~~~~~~~
                                    st_mtim
CMakeFiles/cmTC_567af.dir/build.make:77: recipe for target 'CMakeFiles/cmTC_567af.dir/src.c.o' failed
make[1]: *** [CMakeFiles/cmTC_567af.dir/src.c.o] Error 1
make[1]: Leaving directory '/home/turquoisekitty/download/cmake3_20/cmake-3.20.1/CMakeFiles/CMakeTmp'
Makefile:127: recipe for target 'cmTC_567af/fast' failed
make: *** [cmTC_567af/fast] Error 2


Source file was:

#include <sys/types.h>
#include <sys/stat.h>

int main()
{
  (void)sizeof(((struct stat *)0)->st_mtime_n);
  return 0;
}

Performing C SOURCE FILE Test HAVE_STRUCT_STAT_ST_UMTIME failed with the following output:
Change Dir: /home/turquoisekitty/download/cmake3_20/cmake-3.20.1/CMakeFiles/CMakeTmp

Run Build Command(s):/usr/bin/make -f Makefile cmTC_c0d5b/fast && make  -f CMakeFiles/cmTC_c0d5b.dir/build.make CMakeFiles/cmTC_c0d5b.dir/build
make[1]: Entering directory '/home/turquoisekitty/download/cmake3_20/cmake-3.20.1/CMakeFiles/CMakeTmp'
Building C object CMakeFiles/cmTC_c0d5b.dir/src.c.o
/usr/bin/gcc -DHAVE_STRUCT_STAT_ST_UMTIME  -w  -std=gnu11 -o CMakeFiles/cmTC_c0d5b.dir/src.c.o -c /home/turquoisekitty/download/cmake3_20/cmake-3.20.1/CMakeFiles/CMakeTmp/src.c
/home/turquoisekitty/download/cmake3_20/cmake-3.20.1/CMakeFiles/CMakeTmp/src.c: In function ‘main’:
/home/turquoisekitty/download/cmake3_20/cmake-3.20.1/CMakeFiles/CMakeTmp/src.c:7:36: error: ‘struct stat’ has no member named ‘st_umtime’; did you mean ‘st_mtim’?
   (void)sizeof(((struct stat *)0)->st_umtime);
                                    ^~~~~~~~~
                                    st_mtim
CMakeFiles/cmTC_c0d5b.dir/build.make:77: recipe for target 'CMakeFiles/cmTC_c0d5b.dir/src.c.o' failed
make[1]: *** [CMakeFiles/cmTC_c0d5b.dir/src.c.o] Error 1
make[1]: Leaving directory '/home/turquoisekitty/download/cmake3_20/cmake-3.20.1/CMakeFiles/CMakeTmp'
Makefile:127: recipe for target 'cmTC_c0d5b/fast' failed
make: *** [cmTC_c0d5b/fast] Error 2


Source file was:

#include <sys/types.h>
#include <sys/stat.h>

int main()
{
  (void)sizeof(((struct stat *)0)->st_umtime);
  return 0;
}

Performing C SOURCE FILE Test HAVE_STRUCT_STAT_ST_MTIME_USEC failed with the following output:
Change Dir: /home/turquoisekitty/download/cmake3_20/cmake-3.20.1/CMakeFiles/CMakeTmp

Run Build Command(s):/usr/bin/make -f Makefile cmTC_876bc/fast && make  -f CMakeFiles/cmTC_876bc.dir/build.make CMakeFiles/cmTC_876bc.dir/build
make[1]: Entering directory '/home/turquoisekitty/download/cmake3_20/cmake-3.20.1/CMakeFiles/CMakeTmp'
Building C object CMakeFiles/cmTC_876bc.dir/src.c.o
/usr/bin/gcc -DHAVE_STRUCT_STAT_ST_MTIME_USEC  -w  -std=gnu11 -o CMakeFiles/cmTC_876bc.dir/src.c.o -c /home/turquoisekitty/download/cmake3_20/cmake-3.20.1/CMakeFiles/CMakeTmp/src.c
/home/turquoisekitty/download/cmake3_20/cmake-3.20.1/CMakeFiles/CMakeTmp/src.c: In function ‘main’:
/home/turquoisekitty/download/cmake3_20/cmake-3.20.1/CMakeFiles/CMakeTmp/src.c:7:36: error: ‘struct stat’ has no member named ‘st_mtime_usec’; did you mean ‘st_mtim’?
   (void)sizeof(((struct stat *)0)->st_mtime_usec);
                                    ^~~~~~~~~~~~~
                                    st_mtim
CMakeFiles/cmTC_876bc.dir/build.make:77: recipe for target 'CMakeFiles/cmTC_876bc.dir/src.c.o' failed
make[1]: *** [CMakeFiles/cmTC_876bc.dir/src.c.o] Error 1
make[1]: Leaving directory '/home/turquoisekitty/download/cmake3_20/cmake-3.20.1/CMakeFiles/CMakeTmp'
Makefile:127: recipe for target 'cmTC_876bc/fast' failed
make: *** [cmTC_876bc/fast] Error 2


Source file was:

#include <sys/types.h>
#include <sys/stat.h>

int main()
{
  (void)sizeof(((struct stat *)0)->st_mtime_usec);
  return 0;
}

Performing C SOURCE FILE Test HAVE_STRUCT_STAT_ST_FLAGS failed with the following output:
Change Dir: /home/turquoisekitty/download/cmake3_20/cmake-3.20.1/CMakeFiles/CMakeTmp

Run Build Command(s):/usr/bin/make -f Makefile cmTC_f5f26/fast && make  -f CMakeFiles/cmTC_f5f26.dir/build.make CMakeFiles/cmTC_f5f26.dir/build
make[1]: Entering directory '/home/turquoisekitty/download/cmake3_20/cmake-3.20.1/CMakeFiles/CMakeTmp'
Building C object CMakeFiles/cmTC_f5f26.dir/src.c.o
/usr/bin/gcc -DHAVE_STRUCT_STAT_ST_FLAGS  -w  -std=gnu11 -o CMakeFiles/cmTC_f5f26.dir/src.c.o -c /home/turquoisekitty/download/cmake3_20/cmake-3.20.1/CMakeFiles/CMakeTmp/src.c
/home/turquoisekitty/download/cmake3_20/cmake-3.20.1/CMakeFiles/CMakeTmp/src.c: In function ‘main’:
/home/turquoisekitty/download/cmake3_20/cmake-3.20.1/CMakeFiles/CMakeTmp/src.c:7:36: error: ‘struct stat’ has no member named ‘st_flags’; did you mean ‘st_nlink’?
   (void)sizeof(((struct stat *)0)->st_flags);
                                    ^~~~~~~~
                                    st_nlink
CMakeFiles/cmTC_f5f26.dir/build.make:77: recipe for target 'CMakeFiles/cmTC_f5f26.dir/src.c.o' failed
make[1]: *** [CMakeFiles/cmTC_f5f26.dir/src.c.o] Error 1
make[1]: Leaving directory '/home/turquoisekitty/download/cmake3_20/cmake-3.20.1/CMakeFiles/CMakeTmp'
Makefile:127: recipe for target 'cmTC_f5f26/fast' failed
make: *** [cmTC_f5f26/fast] Error 2


Source file was:

#include <sys/types.h>
#include <sys/stat.h>

int main()
{
  (void)sizeof(((struct stat *)0)->st_flags);
  return 0;
}

Performing C SOURCE FILE Test HAVE_STRUCT_STATVFS_F_IOSIZE failed with the following output:
Change Dir: /home/turquoisekitty/download/cmake3_20/cmake-3.20.1/CMakeFiles/CMakeTmp

Run Build Command(s):/usr/bin/make -f Makefile cmTC_91633/fast && make  -f CMakeFiles/cmTC_91633.dir/build.make CMakeFiles/cmTC_91633.dir/build
make[1]: Entering directory '/home/turquoisekitty/download/cmake3_20/cmake-3.20.1/CMakeFiles/CMakeTmp'
Building C object CMakeFiles/cmTC_91633.dir/src.c.o
/usr/bin/gcc -DHAVE_STRUCT_STATVFS_F_IOSIZE  -w  -std=gnu11 -o CMakeFiles/cmTC_91633.dir/src.c.o -c /home/turquoisekitty/download/cmake3_20/cmake-3.20.1/CMakeFiles/CMakeTmp/src.c
/home/turquoisekitty/download/cmake3_20/cmake-3.20.1/CMakeFiles/CMakeTmp/src.c: In function ‘main’:
/home/turquoisekitty/download/cmake3_20/cmake-3.20.1/CMakeFiles/CMakeTmp/src.c:7:39: error: ‘struct statvfs’ has no member named ‘f_iosize’; did you mean ‘f_bsize’?
   (void)sizeof(((struct statvfs *)0)->f_iosize);
                                       ^~~~~~~~
                                       f_bsize
CMakeFiles/cmTC_91633.dir/build.make:77: recipe for target 'CMakeFiles/cmTC_91633.dir/src.c.o' failed
make[1]: *** [CMakeFiles/cmTC_91633.dir/src.c.o] Error 1
make[1]: Leaving directory '/home/turquoisekitty/download/cmake3_20/cmake-3.20.1/CMakeFiles/CMakeTmp'
Makefile:127: recipe for target 'cmTC_91633/fast' failed
make: *** [cmTC_91633/fast] Error 2


Source file was:

#include <sys/types.h>
#include <sys/statvfs.h>

int main()
{
  (void)sizeof(((struct statvfs *)0)->f_iosize);
  return 0;
}

Checking for curses support failed with the following output:
Change Dir: /home/turquoisekitty/download/cmake3_20/cmake-3.20.1/Source/Checks/Curses-build

Run Build Command(s):/usr/bin/make -f Makefile CheckCurses && make: *** No rule to make target 'CheckCurses'.  Stop.



Looking for a Fortran compiler failed with the following output:
CMake Deprecation Warning at CMakeLists.txt:1 (cmake_minimum_required):
  Compatibility with CMake < 2.8.12 will be removed from a future version of
  CMake.

  Update the VERSION argument <min> value or use a ...<max> suffix to tell
  CMake that the project does not need compatibility with older versions.


-- The Fortran compiler identification is unknown
CMake Error at CMakeLists.txt:2 (project):
  No CMAKE_Fortran_COMPILER could be found.

  Tell CMake where to find the compiler by setting either the environment
  variable "FC" or the CMake cache entry CMAKE_Fortran_COMPILER to the full
  path to the compiler, or to the compiler name if it is in the PATH.


-- Configuring incomplete, errors occurred!
See also "/home/turquoisekitty/download/cmake3_20/cmake-3.20.1/Tests/CMakeFiles/CheckFortran/CMakeFiles/CMakeOutput.log".
See also "/home/turquoisekitty/download/cmake3_20/cmake-3.20.1/Tests/CMakeFiles/CheckFortran/CMakeFiles/CMakeError.log".

